<?xml version="1.0" encoding="UTF-8"?>
<testsuite name="UserServiceTest" tests="4" skipped="0" failures="1" errors="0" timestamp="2015-12-23T21:33:13" hostname="Artiom-home" time="2.396">
  <properties/>
  <testcase name="testCreate" classname="UserServiceTest" time="1.58"/>
  <testcase name="testDelete" classname="UserServiceTest" time="0.019"/>
  <testcase name="testGetAll" classname="UserServiceTest" time="0.754"/>
  <testcase name="testUpdate" classname="UserServiceTest" time="0.038">
    <failure message="java.lang.AssertionError" type="java.lang.AssertionError">java.lang.AssertionError
	at org.junit.Assert.fail(Assert.java:86)
	at org.junit.Assert.assertTrue(Assert.java:41)
	at org.junit.Assert.assertTrue(Assert.java:52)
	at UserServiceTest.testUpdate(UserServiceTest.java:47)
	at sun.reflect.NativeMethodAccessorImpl.invoke0(Native Method)
	at sun.reflect.NativeMethodAccessorImpl.invoke(NativeMethodAccessorImpl.java:57)
	at sun.reflect.DelegatingMethodAccessorImpl.invoke(DelegatingMethodAccessorImpl.java:43)
	at java.lang.reflect.Method.invoke(Method.java:606)
	at org.junit.runners.model.FrameworkMethod$1.runReflectiveCall(FrameworkMethod.java:47)
	at org.junit.internal.runners.model.ReflectiveCallable.run(ReflectiveCallable.java:12)
	at org.junit.runners.model.FrameworkMethod.invokeExplosively(FrameworkMethod.java:44)
	at org.junit.internal.runners.statements.InvokeMethod.evaluate(InvokeMethod.java:17)
	at org.springframework.test.context.junit4.statements.RunBeforeTestMethodCallbacks.evaluate(RunBeforeTestMethodCallbacks.java:75)
	at org.springframework.test.context.junit4.statements.RunAfterTestMethodCallbacks.evaluate(RunAfterTestMethodCallbacks.java:86)
	at org.springframework.test.context.junit4.statements.SpringRepeat.evaluate(SpringRepeat.java:84)
	at org.junit.runners.ParentRunner.runLeaf(ParentRunner.java:271)
	at org.springframework.test.context.junit4.SpringJUnit4ClassRunner.runChild(SpringJUnit4ClassRunner.java:254)
	at org.springframework.test.context.junit4.SpringJUnit4ClassRunner.runChild(SpringJUnit4ClassRunner.java:89)
	at org.junit.runners.ParentRunner$3.run(ParentRunner.java:238)
	at org.junit.runners.ParentRunner$1.schedule(ParentRunner.java:63)
	at org.junit.runners.ParentRunner.runChildren(ParentRunner.java:236)
	at org.junit.runners.ParentRunner.access$000(ParentRunner.java:53)
	at org.junit.runners.ParentRunner$2.evaluate(ParentRunner.java:229)
	at org.springframework.test.context.junit4.statements.RunBeforeTestClassCallbacks.evaluate(RunBeforeTestClassCallbacks.java:61)
	at org.springframework.test.context.junit4.statements.RunAfterTestClassCallbacks.evaluate(RunAfterTestClassCallbacks.java:70)
	at org.junit.runners.ParentRunner.run(ParentRunner.java:309)
	at org.springframework.test.context.junit4.SpringJUnit4ClassRunner.run(SpringJUnit4ClassRunner.java:193)
	at org.gradle.api.internal.tasks.testing.junit.JUnitTestClassExecuter.runTestClass(JUnitTestClassExecuter.java:105)
	at org.gradle.api.internal.tasks.testing.junit.JUnitTestClassExecuter.execute(JUnitTestClassExecuter.java:56)
	at org.gradle.api.internal.tasks.testing.junit.JUnitTestClassProcessor.processTestClass(JUnitTestClassProcessor.java:64)
	at org.gradle.api.internal.tasks.testing.SuiteTestClassProcessor.processTestClass(SuiteTestClassProcessor.java:50)
	at sun.reflect.NativeMethodAccessorImpl.invoke0(Native Method)
	at sun.reflect.NativeMethodAccessorImpl.invoke(NativeMethodAccessorImpl.java:57)
	at sun.reflect.DelegatingMethodAccessorImpl.invoke(DelegatingMethodAccessorImpl.java:43)
	at java.lang.reflect.Method.invoke(Method.java:606)
	at org.gradle.messaging.dispatch.ReflectionDispatch.dispatch(ReflectionDispatch.java:35)
	at org.gradle.messaging.dispatch.ReflectionDispatch.dispatch(ReflectionDispatch.java:24)
	at org.gradle.messaging.dispatch.ContextClassLoaderDispatch.dispatch(ContextClassLoaderDispatch.java:32)
	at org.gradle.messaging.dispatch.ProxyDispatchAdapter$DispatchingInvocationHandler.invoke(ProxyDispatchAdapter.java:93)
	at com.sun.proxy.$Proxy2.processTestClass(Unknown Source)
	at org.gradle.api.internal.tasks.testing.worker.TestWorker.processTestClass(TestWorker.java:106)
	at sun.reflect.NativeMethodAccessorImpl.invoke0(Native Method)
	at sun.reflect.NativeMethodAccessorImpl.invoke(NativeMethodAccessorImpl.java:57)
	at sun.reflect.DelegatingMethodAccessorImpl.invoke(DelegatingMethodAccessorImpl.java:43)
	at java.lang.reflect.Method.invoke(Method.java:606)
	at org.gradle.messaging.dispatch.ReflectionDispatch.dispatch(ReflectionDispatch.java:35)
	at org.gradle.messaging.dispatch.ReflectionDispatch.dispatch(ReflectionDispatch.java:24)
	at org.gradle.messaging.remote.internal.hub.MessageHub$Handler.run(MessageHub.java:360)
	at org.gradle.internal.concurrent.ExecutorPolicy$CatchAndRecordFailures.onExecute(ExecutorPolicy.java:54)
	at org.gradle.internal.concurrent.StoppableExecutorImpl$1.run(StoppableExecutorImpl.java:40)
	at java.util.concurrent.ThreadPoolExecutor.runWorker(ThreadPoolExecutor.java:1145)
	at java.util.concurrent.ThreadPoolExecutor$Worker.run(ThreadPoolExecutor.java:615)
	at java.lang.Thread.run(Thread.java:745)
</failure>
  </testcase>
  <system-out><![CDATA[01:32:54,748 |-INFO in ch.qos.logback.classic.LoggerContext[default] - Could NOT find resource [logback.groovy]
01:32:54,749 |-INFO in ch.qos.logback.classic.LoggerContext[default] - Could NOT find resource [logback-test.xml]
01:32:54,749 |-INFO in ch.qos.logback.classic.LoggerContext[default] - Found resource [logback.xml] at [file:/C:/Users/Artiom/Google%20Диск/project/baxter/build/resources/main/logback.xml]
01:32:54,945 |-INFO in ch.qos.logback.classic.joran.action.ConfigurationAction - debug attribute not set
01:32:54,967 |-INFO in ch.qos.logback.core.joran.action.AppenderAction - About to instantiate appender of type [ch.qos.logback.core.ConsoleAppender]
01:32:54,993 |-INFO in ch.qos.logback.core.joran.action.AppenderAction - Naming appender as [STDOUT]
01:32:55,255 |-WARN in ch.qos.logback.core.ConsoleAppender[STDOUT] - This appender no longer admits a layout as a sub-component, set an encoder instead.
01:32:55,255 |-WARN in ch.qos.logback.core.ConsoleAppender[STDOUT] - To ensure compatibility, wrapping your layout in LayoutWrappingEncoder.
01:32:55,255 |-WARN in ch.qos.logback.core.ConsoleAppender[STDOUT] - See also http://logback.qos.ch/codes.html#layoutInsteadOfEncoder for details
01:32:55,257 |-INFO in ch.qos.logback.classic.joran.action.LoggerAction - Setting level of logger [org.springframework] to DEBUG
01:32:55,257 |-INFO in ch.qos.logback.classic.joran.action.LoggerAction - Setting additivity of logger [org.springframework] to false
01:32:55,257 |-INFO in ch.qos.logback.core.joran.action.AppenderRefAction - Attaching appender named [STDOUT] to Logger[org.springframework]
01:32:55,259 |-INFO in ch.qos.logback.classic.joran.action.LoggerAction - Setting level of logger [by.psu.baxter] to DEBUG
01:32:55,259 |-INFO in ch.qos.logback.classic.joran.action.LoggerAction - Setting additivity of logger [by.psu.baxter] to false
01:32:55,259 |-INFO in ch.qos.logback.core.joran.action.AppenderRefAction - Attaching appender named [STDOUT] to Logger[by.psu.baxter]
01:32:55,259 |-INFO in ch.qos.logback.classic.joran.action.RootLoggerAction - Setting level of ROOT logger to DEBUG
01:32:55,259 |-INFO in ch.qos.logback.core.joran.action.AppenderRefAction - Attaching appender named [STDOUT] to Logger[ROOT]
01:32:55,259 |-INFO in ch.qos.logback.classic.joran.action.ConfigurationAction - End of configuration.
01:32:55,262 |-INFO in ch.qos.logback.classic.joran.JoranConfigurator@d59861 - Registering current configuration as safe fallback point

2015-12-24 01:32:55 [Test worker] DEBUG o.s.t.c.j.SpringJUnit4ClassRunner - SpringJUnit4ClassRunner constructor called with [class UserServiceTest]
2015-12-24 01:32:55 [Test worker] DEBUG o.s.test.context.BootstrapUtils - Instantiating CacheAwareContextLoaderDelegate from class [org.springframework.test.context.cache.DefaultCacheAwareContextLoaderDelegate]
2015-12-24 01:32:55 [Test worker] DEBUG o.s.test.context.BootstrapUtils - Instantiating BootstrapContext using constructor [public org.springframework.test.context.support.DefaultBootstrapContext(java.lang.Class,org.springframework.test.context.CacheAwareContextLoaderDelegate)]
2015-12-24 01:32:55 [Test worker] DEBUG o.s.test.context.BootstrapUtils - Instantiating TestContextBootstrapper for test class [UserServiceTest] from class [org.springframework.test.context.support.DefaultTestContextBootstrapper]
2015-12-24 01:32:56 [Test worker] DEBUG o.s.t.c.s.AbstractDelegatingSmartContextLoader - Delegating to GenericXmlContextLoader to process context configuration [ContextConfigurationAttributes@1f329a4 declaringClass = 'UserServiceTest', classes = '{}', locations = '{classpath:spring/spring-core-config.xml}', inheritLocations = true, initializers = '{}', inheritInitializers = true, name = [null], contextLoaderClass = 'org.springframework.test.context.ContextLoader'].
2015-12-24 01:32:56 [Test worker] DEBUG o.s.t.c.support.ActiveProfilesUtils - Could not find an 'annotation declaring class' for annotation type [org.springframework.test.context.ActiveProfiles] and class [UserServiceTest]
2015-12-24 01:32:56 [Test worker] DEBUG o.s.t.c.s.DefaultTestContextBootstrapper - @TestExecutionListeners is not present for class [UserServiceTest]: using defaults.
2015-12-24 01:32:56 [Test worker] INFO  o.s.t.c.s.DefaultTestContextBootstrapper - Loaded default TestExecutionListener class names from location [META-INF/spring.factories]: [org.springframework.test.context.web.ServletTestExecutionListener, org.springframework.test.context.support.DirtiesContextBeforeModesTestExecutionListener, org.springframework.test.context.support.DependencyInjectionTestExecutionListener, org.springframework.test.context.support.DirtiesContextTestExecutionListener, org.springframework.test.context.transaction.TransactionalTestExecutionListener, org.springframework.test.context.jdbc.SqlScriptsTestExecutionListener]
2015-12-24 01:32:56 [Test worker] INFO  o.s.t.c.s.DefaultTestContextBootstrapper - Using TestExecutionListeners: [org.springframework.test.context.web.ServletTestExecutionListener@728743, org.springframework.test.context.support.DirtiesContextBeforeModesTestExecutionListener@10e7233, org.springframework.test.context.support.DependencyInjectionTestExecutionListener@16b99ca, org.springframework.test.context.support.DirtiesContextTestExecutionListener@13dd5ec, org.springframework.test.context.transaction.TransactionalTestExecutionListener@a77997, org.springframework.test.context.jdbc.SqlScriptsTestExecutionListener@11fa9dd]
2015-12-24 01:32:56 [Test worker] DEBUG o.s.t.annotation.ProfileValueUtils - Retrieved @ProfileValueSourceConfiguration [null] for test class [UserServiceTest]
2015-12-24 01:32:56 [Test worker] DEBUG o.s.t.annotation.ProfileValueUtils - Retrieved ProfileValueSource type [class org.springframework.test.annotation.SystemProfileValueSource] for class [UserServiceTest]
2015-12-24 01:32:56 [Test worker] DEBUG o.s.t.annotation.ProfileValueUtils - Retrieved @ProfileValueSourceConfiguration [null] for test class [UserServiceTest]
2015-12-24 01:32:56 [Test worker] DEBUG o.s.t.annotation.ProfileValueUtils - Retrieved ProfileValueSource type [class org.springframework.test.annotation.SystemProfileValueSource] for class [UserServiceTest]
2015-12-24 01:32:56 [Test worker] DEBUG o.s.t.c.s.AbstractDirtiesContextTestExecutionListener - Before test class: context [DefaultTestContext@104ee8 testClass = UserServiceTest, testInstance = [null], testMethod = [null], testException = [null], mergedContextConfiguration = [MergedContextConfiguration@ac6995 testClass = UserServiceTest, locations = '{classpath:spring/spring-core-config.xml}', classes = '{}', contextInitializerClasses = '[]', activeProfiles = '{}', propertySourceLocations = '{}', propertySourceProperties = '{}', contextLoader = 'org.springframework.test.context.support.DelegatingSmartContextLoader', parent = [null]]], class annotated with @DirtiesContext [false] with mode [null].
2015-12-24 01:32:56 [Test worker] DEBUG o.s.t.annotation.ProfileValueUtils - Retrieved @ProfileValueSourceConfiguration [null] for test class [UserServiceTest]
2015-12-24 01:32:56 [Test worker] DEBUG o.s.t.annotation.ProfileValueUtils - Retrieved ProfileValueSource type [class org.springframework.test.annotation.SystemProfileValueSource] for class [UserServiceTest]
2015-12-24 01:32:56 [Test worker] DEBUG o.s.t.c.s.DependencyInjectionTestExecutionListener - Performing dependency injection for test context [[DefaultTestContext@104ee8 testClass = UserServiceTest, testInstance = UserServiceTest@e902fd, testMethod = [null], testException = [null], mergedContextConfiguration = [MergedContextConfiguration@ac6995 testClass = UserServiceTest, locations = '{classpath:spring/spring-core-config.xml}', classes = '{}', contextInitializerClasses = '[]', activeProfiles = '{}', propertySourceLocations = '{}', propertySourceProperties = '{}', contextLoader = 'org.springframework.test.context.support.DelegatingSmartContextLoader', parent = [null]]]].
2015-12-24 01:32:56 [Test worker] DEBUG o.s.t.c.s.AbstractDelegatingSmartContextLoader - Delegating to GenericXmlContextLoader to load context from [MergedContextConfiguration@ac6995 testClass = UserServiceTest, locations = '{classpath:spring/spring-core-config.xml}', classes = '{}', contextInitializerClasses = '[]', activeProfiles = '{}', propertySourceLocations = '{}', propertySourceProperties = '{}', contextLoader = 'org.springframework.test.context.support.DelegatingSmartContextLoader', parent = [null]].
2015-12-24 01:32:56 [Test worker] DEBUG o.s.t.c.s.AbstractGenericContextLoader - Loading ApplicationContext for merged context configuration [[MergedContextConfiguration@ac6995 testClass = UserServiceTest, locations = '{classpath:spring/spring-core-config.xml}', classes = '{}', contextInitializerClasses = '[]', activeProfiles = '{}', propertySourceLocations = '{}', propertySourceProperties = '{}', contextLoader = 'org.springframework.test.context.support.DelegatingSmartContextLoader', parent = [null]]].
2015-12-24 01:32:57 [Test worker] DEBUG o.s.core.env.StandardEnvironment - Adding [systemProperties] PropertySource with lowest search precedence
2015-12-24 01:32:57 [Test worker] DEBUG o.s.core.env.StandardEnvironment - Adding [systemEnvironment] PropertySource with lowest search precedence
2015-12-24 01:32:57 [Test worker] DEBUG o.s.core.env.StandardEnvironment - Initialized StandardEnvironment with PropertySources [systemProperties,systemEnvironment]
2015-12-24 01:32:57 [Test worker] INFO  o.s.b.f.xml.XmlBeanDefinitionReader - Loading XML bean definitions from class path resource [spring/spring-core-config.xml]
2015-12-24 01:32:57 [Test worker] DEBUG o.s.b.f.xml.DefaultDocumentLoader - Using JAXP provider [com.sun.org.apache.xerces.internal.jaxp.DocumentBuilderFactoryImpl]
2015-12-24 01:32:57 [Test worker] DEBUG o.s.b.f.xml.PluggableSchemaResolver - Loading schema mappings from [META-INF/spring.schemas]
2015-12-24 01:32:57 [Test worker] DEBUG o.s.b.f.xml.PluggableSchemaResolver - Loaded schema mappings: {http://www.springframework.org/schema/tx/spring-tx-2.5.xsd=org/springframework/transaction/config/spring-tx-2.5.xsd, http://www.springframework.org/schema/aop/spring-aop-4.1.xsd=org/springframework/aop/config/spring-aop-4.1.xsd, http://www.springframework.org/schema/context/spring-context-3.1.xsd=org/springframework/context/config/spring-context-3.1.xsd, http://www.springframework.org/schema/data/repository/spring-repository-1.4.xsd=org/springframework/data/repository/config/spring-repository-1.4.xsd, http://www.springframework.org/schema/util/spring-util-3.0.xsd=org/springframework/beans/factory/xml/spring-util-3.0.xsd, http://www.springframework.org/schema/mvc/spring-mvc-4.1.xsd=org/springframework/web/servlet/config/spring-mvc-4.1.xsd, http://www.springframework.org/schema/data/jpa/spring-jpa.xsd=org/springframework/data/jpa/repository/config/spring-jpa-1.3.xsd, http://www.springframework.org/schema/aop/spring-aop-3.2.xsd=org/springframework/aop/config/spring-aop-3.2.xsd, http://www.springframework.org/schema/tool/spring-tool.xsd=org/springframework/beans/factory/xml/spring-tool-4.1.xsd, http://www.springframework.org/schema/lang/spring-lang-4.1.xsd=org/springframework/scripting/config/spring-lang-4.1.xsd, http://www.springframework.org/schema/context/spring-context-4.0.xsd=org/springframework/context/config/spring-context-4.0.xsd, http://www.springframework.org/schema/mvc/spring-mvc-3.2.xsd=org/springframework/web/servlet/config/spring-mvc-3.2.xsd, http://www.springframework.org/schema/tool/spring-tool-4.1.xsd=org/springframework/beans/factory/xml/spring-tool-4.1.xsd, http://www.springframework.org/schema/lang/spring-lang-3.2.xsd=org/springframework/scripting/config/spring-lang-3.2.xsd, http://www.springframework.org/schema/cache/spring-cache-3.2.xsd=org/springframework/cache/config/spring-cache-3.2.xsd, http://www.springframework.org/schema/jee/spring-jee-4.1.xsd=org/springframework/ejb/config/spring-jee-4.1.xsd, http://www.springframework.org/schema/jdbc/spring-jdbc-3.1.xsd=org/springframework/jdbc/config/spring-jdbc-3.1.xsd, http://www.springframework.org/schema/util/spring-util-2.0.xsd=org/springframework/beans/factory/xml/spring-util-2.0.xsd, http://www.springframework.org/schema/tool/spring-tool-3.2.xsd=org/springframework/beans/factory/xml/spring-tool-3.2.xsd, http://www.springframework.org/schema/context/spring-context.xsd=org/springframework/context/config/spring-context-4.1.xsd, http://www.springframework.org/schema/cache/spring-cache-4.1.xsd=org/springframework/cache/config/spring-cache-4.1.xsd, http://www.springframework.org/schema/aop/spring-aop-4.0.xsd=org/springframework/aop/config/spring-aop-4.0.xsd, http://www.springframework.org/schema/jee/spring-jee-3.2.xsd=org/springframework/ejb/config/spring-jee-3.2.xsd, http://www.springframework.org/schema/context/spring-context-3.0.xsd=org/springframework/context/config/spring-context-3.0.xsd, http://www.springframework.org/schema/jdbc/spring-jdbc-4.0.xsd=org/springframework/jdbc/config/spring-jdbc-4.0.xsd, http://www.springframework.org/schema/util/spring-util-2.5.xsd=org/springframework/beans/factory/xml/spring-util-2.5.xsd, http://www.springframework.org/schema/mvc/spring-mvc-4.0.xsd=org/springframework/web/servlet/config/spring-mvc-4.0.xsd, http://www.springframework.org/schema/beans/spring-beans-3.2.xsd=org/springframework/beans/factory/xml/spring-beans-3.2.xsd, http://www.springframework.org/schema/aop/spring-aop-3.1.xsd=org/springframework/aop/config/spring-aop-3.1.xsd, http://www.springframework.org/schema/lang/spring-lang-4.0.xsd=org/springframework/scripting/config/spring-lang-4.0.xsd, http://www.springframework.org/schema/mvc/spring-mvc.xsd=org/springframework/web/servlet/config/spring-mvc-4.1.xsd, http://www.springframework.org/schema/mvc/spring-mvc-3.1.xsd=org/springframework/web/servlet/config/spring-mvc-3.1.xsd, http://www.springframework.org/schema/beans/spring-beans-4.1.xsd=org/springframework/beans/factory/xml/spring-beans-4.1.xsd, http://www.springframework.org/schema/tool/spring-tool-4.0.xsd=org/springframework/beans/factory/xml/spring-tool-4.0.xsd, http://www.springframework.org/schema/tx/spring-tx-3.2.xsd=org/springframework/transaction/config/spring-tx-3.2.xsd, http://www.springframework.org/schema/lang/spring-lang-3.1.xsd=org/springframework/scripting/config/spring-lang-3.1.xsd, http://www.springframework.org/schema/cache/spring-cache-3.1.xsd=org/springframework/cache/config/spring-cache-3.1.xsd, http://www.springframework.org/schema/jee/spring-jee-4.0.xsd=org/springframework/ejb/config/spring-jee-4.0.xsd, http://www.springframework.org/schema/jdbc/spring-jdbc-3.0.xsd=org/springframework/jdbc/config/spring-jdbc-3.0.xsd, http://www.springframework.org/schema/task/spring-task-4.1.xsd=org/springframework/scheduling/config/spring-task-4.1.xsd, http://www.springframework.org/schema/jdbc/spring-jdbc.xsd=org/springframework/jdbc/config/spring-jdbc-4.0.xsd, http://www.springframework.org/schema/tool/spring-tool-3.1.xsd=org/springframework/beans/factory/xml/spring-tool-3.1.xsd, http://www.springframework.org/schema/cache/spring-cache-4.0.xsd=org/springframework/cache/config/spring-cache-4.0.xsd, http://www.springframework.org/schema/jee/spring-jee-3.1.xsd=org/springframework/ejb/config/spring-jee-3.1.xsd, http://www.springframework.org/schema/task/spring-task-3.2.xsd=org/springframework/scheduling/config/spring-task-3.2.xsd, http://www.springframework.org/schema/beans/spring-beans-3.1.xsd=org/springframework/beans/factory/xml/spring-beans-3.1.xsd, http://www.springframework.org/schema/util/spring-util.xsd=org/springframework/beans/factory/xml/spring-util-4.1.xsd, http://www.springframework.org/schema/data/jpa/spring-jpa-1.3.xsd=org/springframework/data/jpa/repository/config/spring-jpa-1.3.xsd, http://www.springframework.org/schema/aop/spring-aop-3.0.xsd=org/springframework/aop/config/spring-aop-3.0.xsd, http://www.springframework.org/schema/data/repository/spring-repository.xsd=org/springframework/data/repository/config/spring-repository-1.7.xsd, http://www.springframework.org/schema/data/repository/spring-repository-1.7.xsd=org/springframework/data/repository/config/spring-repository-1.7.xsd, http://www.springframework.org/schema/mvc/spring-mvc-3.0.xsd=org/springframework/web/servlet/config/spring-mvc-3.0.xsd, http://www.springframework.org/schema/beans/spring-beans-4.0.xsd=org/springframework/beans/factory/xml/spring-beans-4.0.xsd, http://www.springframework.org/schema/beans/spring-beans.xsd=org/springframework/beans/factory/xml/spring-beans-4.1.xsd, http://www.springframework.org/schema/tx/spring-tx-3.1.xsd=org/springframework/transaction/config/spring-tx-3.1.xsd, http://www.springframework.org/schema/lang/spring-lang-3.0.xsd=org/springframework/scripting/config/spring-lang-3.0.xsd, http://www.springframework.org/schema/context/spring-context-2.5.xsd=org/springframework/context/config/spring-context-2.5.xsd, http://www.springframework.org/schema/task/spring-task-4.0.xsd=org/springframework/scheduling/config/spring-task-4.0.xsd, http://www.springframework.org/schema/tool/spring-tool-3.0.xsd=org/springframework/beans/factory/xml/spring-tool-3.0.xsd, http://www.springframework.org/schema/tx/spring-tx-4.0.xsd=org/springframework/transaction/config/spring-tx-4.0.xsd, http://www.springframework.org/schema/aop/spring-aop-2.0.xsd=org/springframework/aop/config/spring-aop-2.0.xsd, http://www.springframework.org/schema/jee/spring-jee-3.0.xsd=org/springframework/ejb/config/spring-jee-3.0.xsd, http://www.springframework.org/schema/util/spring-util-4.1.xsd=org/springframework/beans/factory/xml/spring-util-4.1.xsd, http://www.springframework.org/schema/task/spring-task-3.1.xsd=org/springframework/scheduling/config/spring-task-3.1.xsd, http://www.springframework.org/schema/beans/spring-beans-3.0.xsd=org/springframework/beans/factory/xml/spring-beans-3.0.xsd, http://www.springframework.org/schema/data/jpa/spring-jpa-1.2.xsd=org/springframework/data/jpa/repository/config/spring-jpa-1.2.xsd, http://www.springframework.org/schema/jee/spring-jee.xsd=org/springframework/ejb/config/spring-jee-4.1.xsd, http://www.springframework.org/schema/aop/spring-aop-2.5.xsd=org/springframework/aop/config/spring-aop-2.5.xsd, http://www.springframework.org/schema/lang/spring-lang-2.0.xsd=org/springframework/scripting/config/spring-lang-2.0.xsd, http://www.springframework.org/schema/data/repository/spring-repository-1.6.xsd=org/springframework/data/repository/config/spring-repository-1.6.xsd, http://www.springframework.org/schema/util/spring-util-3.2.xsd=org/springframework/beans/factory/xml/spring-util-3.2.xsd, http://www.springframework.org/schema/task/spring-task.xsd=org/springframework/scheduling/config/spring-task-4.1.xsd, http://www.springframework.org/schema/tool/spring-tool-2.0.xsd=org/springframework/beans/factory/xml/spring-tool-2.0.xsd, http://www.springframework.org/schema/tx/spring-tx-3.0.xsd=org/springframework/transaction/config/spring-tx-3.0.xsd, http://www.springframework.org/schema/lang/spring-lang-2.5.xsd=org/springframework/scripting/config/spring-lang-2.5.xsd, http://www.springframework.org/schema/jee/spring-jee-2.0.xsd=org/springframework/ejb/config/spring-jee-2.0.xsd, http://www.springframework.org/schema/tool/spring-tool-2.5.xsd=org/springframework/beans/factory/xml/spring-tool-2.5.xsd, http://www.springframework.org/schema/jee/spring-jee-2.5.xsd=org/springframework/ejb/config/spring-jee-2.5.xsd, http://www.springframework.org/schema/data/repository/spring-repository-1.0.xsd=org/springframework/data/repository/config/spring-repository-1.0.xsd, http://www.springframework.org/schema/util/spring-util-4.0.xsd=org/springframework/beans/factory/xml/spring-util-4.0.xsd, http://www.springframework.org/schema/task/spring-task-3.0.xsd=org/springframework/scheduling/config/spring-task-3.0.xsd, http://www.springframework.org/schema/data/jpa/spring-jpa-1.1.xsd=org/springframework/data/jpa/repository/config/spring-jpa-1.1.xsd, http://www.springframework.org/schema/lang/spring-lang.xsd=org/springframework/scripting/config/spring-lang-4.1.xsd, http://www.springframework.org/schema/context/spring-context-3.2.xsd=org/springframework/context/config/spring-context-3.2.xsd, http://www.springframework.org/schema/data/repository/spring-repository-1.5.xsd=org/springframework/data/repository/config/spring-repository-1.5.xsd, http://www.springframework.org/schema/util/spring-util-3.1.xsd=org/springframework/beans/factory/xml/spring-util-3.1.xsd, http://www.springframework.org/schema/beans/spring-beans-2.0.xsd=org/springframework/beans/factory/xml/spring-beans-2.0.xsd, http://www.springframework.org/schema/cache/spring-cache.xsd=org/springframework/cache/config/spring-cache-4.1.xsd, http://www.springframework.org/schema/tx/spring-tx.xsd=org/springframework/transaction/config/spring-tx-4.0.xsd, http://www.springframework.org/schema/context/spring-context-4.1.xsd=org/springframework/context/config/spring-context-4.1.xsd, http://www.springframework.org/schema/beans/spring-beans-2.5.xsd=org/springframework/beans/factory/xml/spring-beans-2.5.xsd, http://www.springframework.org/schema/tx/spring-tx-2.0.xsd=org/springframework/transaction/config/spring-tx-2.0.xsd, http://www.springframework.org/schema/jdbc/spring-jdbc-3.2.xsd=org/springframework/jdbc/config/spring-jdbc-3.2.xsd, http://www.springframework.org/schema/aop/spring-aop.xsd=org/springframework/aop/config/spring-aop-4.1.xsd, http://www.springframework.org/schema/data/jpa/spring-jpa-1.0.xsd=org/springframework/data/jpa/repository/config/spring-jpa-1.0.xsd}
2015-12-24 01:32:57 [Test worker] DEBUG o.s.b.f.xml.PluggableSchemaResolver - Found XML schema [http://www.springframework.org/schema/beans/spring-beans.xsd] in classpath: org/springframework/beans/factory/xml/spring-beans-4.1.xsd
2015-12-24 01:32:58 [Test worker] DEBUG o.s.b.f.xml.PluggableSchemaResolver - Found XML schema [http://www.springframework.org/schema/context/spring-context.xsd] in classpath: org/springframework/context/config/spring-context-4.1.xsd
2015-12-24 01:32:58 [Test worker] DEBUG o.s.b.f.xml.PluggableSchemaResolver - Found XML schema [http://www.springframework.org/schema/tool/spring-tool-4.1.xsd] in classpath: org/springframework/beans/factory/xml/spring-tool-4.1.xsd
2015-12-24 01:32:58 [Test worker] DEBUG o.s.b.f.xml.PluggableSchemaResolver - Found XML schema [http://www.springframework.org/schema/tx/spring-tx.xsd] in classpath: org/springframework/transaction/config/spring-tx-4.0.xsd
2015-12-24 01:32:58 [Test worker] DEBUG o.s.b.f.xml.PluggableSchemaResolver - Found XML schema [http://www.springframework.org/schema/aop/spring-aop.xsd] in classpath: org/springframework/aop/config/spring-aop-4.1.xsd
2015-12-24 01:32:58 [Test worker] DEBUG o.s.b.f.x.DefaultBeanDefinitionDocumentReader - Loading bean definitions
2015-12-24 01:32:58 [Test worker] DEBUG o.s.b.f.x.DefaultNamespaceHandlerResolver - Loaded NamespaceHandler mappings: {http://www.springframework.org/schema/p=org.springframework.beans.factory.xml.SimplePropertyNamespaceHandler, http://www.springframework.org/schema/mvc=org.springframework.web.servlet.config.MvcNamespaceHandler, http://www.springframework.org/schema/util=org.springframework.beans.factory.xml.UtilNamespaceHandler, http://www.springframework.org/schema/jee=org.springframework.ejb.config.JeeNamespaceHandler, http://www.springframework.org/schema/aop=org.springframework.aop.config.AopNamespaceHandler, http://www.springframework.org/schema/data/repository=org.springframework.data.repository.config.RepositoryNameSpaceHandler, http://www.springframework.org/schema/jdbc=org.springframework.jdbc.config.JdbcNamespaceHandler, http://www.springframework.org/schema/data/jpa=org.springframework.data.jpa.repository.config.JpaRepositoryNameSpaceHandler, http://www.springframework.org/schema/cache=org.springframework.cache.config.CacheNamespaceHandler, http://www.springframework.org/schema/c=org.springframework.beans.factory.xml.SimpleConstructorNamespaceHandler, http://www.springframework.org/schema/tx=org.springframework.transaction.config.TxNamespaceHandler, http://www.springframework.org/schema/task=org.springframework.scheduling.config.TaskNamespaceHandler, http://www.springframework.org/schema/lang=org.springframework.scripting.config.LangNamespaceHandler, http://www.springframework.org/schema/context=org.springframework.context.config.ContextNamespaceHandler}
2015-12-24 01:32:58 [Test worker] DEBUG o.s.c.i.s.PathMatchingResourcePatternResolver - Looking for matching resources in directory tree [C:\Users\Artiom\Google Диск\project\baxter\build\classes\main\by\psu\baxter\entity]
2015-12-24 01:32:58 [Test worker] DEBUG o.s.c.i.s.PathMatchingResourcePatternResolver - Searching directory [C:\Users\Artiom\Google Диск\project\baxter\build\classes\main\by\psu\baxter\entity] for files matching pattern [C:/Users/Artiom/Google Диск/project/baxter/build/classes/main/by/psu/baxter/entity/**/*.class]
2015-12-24 01:32:58 [Test worker] DEBUG o.s.c.i.s.PathMatchingResourcePatternResolver - Resolved location pattern [classpath*:by/psu/baxter/entity/**/*.class] to resources [file [C:\Users\Artiom\Google Диск\project\baxter\build\classes\main\by\psu\baxter\entity\Pagination.class], file [C:\Users\Artiom\Google Диск\project\baxter\build\classes\main\by\psu\baxter\entity\User.class], file [C:\Users\Artiom\Google Диск\project\baxter\build\classes\main\by\psu\baxter\entity\UserFilter.class]]
2015-12-24 01:32:58 [Test worker] DEBUG o.s.c.i.s.PathMatchingResourcePatternResolver - Looking for matching resources in directory tree [C:\Users\Artiom\Google Диск\project\baxter\build\classes\main\by\psu\baxter\dao]
2015-12-24 01:32:58 [Test worker] DEBUG o.s.c.i.s.PathMatchingResourcePatternResolver - Searching directory [C:\Users\Artiom\Google Диск\project\baxter\build\classes\main\by\psu\baxter\dao] for files matching pattern [C:/Users/Artiom/Google Диск/project/baxter/build/classes/main/by/psu/baxter/dao/**/*.class]
2015-12-24 01:32:58 [Test worker] DEBUG o.s.c.i.s.PathMatchingResourcePatternResolver - Searching directory [C:\Users\Artiom\Google Диск\project\baxter\build\classes\main\by\psu\baxter\dao\impl] for files matching pattern [C:/Users/Artiom/Google Диск/project/baxter/build/classes/main/by/psu/baxter/dao/**/*.class]
2015-12-24 01:32:58 [Test worker] DEBUG o.s.c.i.s.PathMatchingResourcePatternResolver - Resolved location pattern [classpath*:by/psu/baxter/dao/**/*.class] to resources [file [C:\Users\Artiom\Google Диск\project\baxter\build\classes\main\by\psu\baxter\dao\impl\UserDaoImpl.class], file [C:\Users\Artiom\Google Диск\project\baxter\build\classes\main\by\psu\baxter\dao\UserDao.class]]
2015-12-24 01:32:58 [Test worker] DEBUG o.s.c.a.ClassPathBeanDefinitionScanner - Identified candidate component class: file [C:\Users\Artiom\Google Диск\project\baxter\build\classes\main\by\psu\baxter\dao\impl\UserDaoImpl.class]
2015-12-24 01:32:58 [Test worker] DEBUG o.s.c.i.s.PathMatchingResourcePatternResolver - Looking for matching resources in directory tree [C:\Users\Artiom\Google Диск\project\baxter\build\classes\main\by\psu\baxter\service]
2015-12-24 01:32:58 [Test worker] DEBUG o.s.c.i.s.PathMatchingResourcePatternResolver - Searching directory [C:\Users\Artiom\Google Диск\project\baxter\build\classes\main\by\psu\baxter\service] for files matching pattern [C:/Users/Artiom/Google Диск/project/baxter/build/classes/main/by/psu/baxter/service/**/*.class]
2015-12-24 01:32:58 [Test worker] DEBUG o.s.c.i.s.PathMatchingResourcePatternResolver - Resolved location pattern [classpath*:by/psu/baxter/service/**/*.class] to resources [file [C:\Users\Artiom\Google Диск\project\baxter\build\classes\main\by\psu\baxter\service\UserService.class], file [C:\Users\Artiom\Google Диск\project\baxter\build\classes\main\by\psu\baxter\service\UserServiceImpl.class]]
2015-12-24 01:32:58 [Test worker] DEBUG o.s.c.a.ClassPathBeanDefinitionScanner - Identified candidate component class: file [C:\Users\Artiom\Google Диск\project\baxter\build\classes\main\by\psu\baxter\service\UserServiceImpl.class]
2015-12-24 01:32:58 [Test worker] DEBUG o.s.c.i.s.PathMatchingResourcePatternResolver - Looking for matching resources in directory tree [C:\Users\Artiom\Google Диск\project\baxter\build\classes\main\by\psu\baxter\web]
2015-12-24 01:32:58 [Test worker] DEBUG o.s.c.i.s.PathMatchingResourcePatternResolver - Searching directory [C:\Users\Artiom\Google Диск\project\baxter\build\classes\main\by\psu\baxter\web] for files matching pattern [C:/Users/Artiom/Google Диск/project/baxter/build/classes/main/by/psu/baxter/web/**/*.class]
2015-12-24 01:32:58 [Test worker] DEBUG o.s.c.i.s.PathMatchingResourcePatternResolver - Resolved location pattern [classpath*:by/psu/baxter/web/**/*.class] to resources [file [C:\Users\Artiom\Google Диск\project\baxter\build\classes\main\by\psu\baxter\web\IndexController.class], file [C:\Users\Artiom\Google Диск\project\baxter\build\classes\main\by\psu\baxter\web\UserController.class]]
2015-12-24 01:32:58 [Test worker] DEBUG o.s.c.a.ClassPathBeanDefinitionScanner - Identified candidate component class: file [C:\Users\Artiom\Google Диск\project\baxter\build\classes\main\by\psu\baxter\web\IndexController.class]
2015-12-24 01:32:58 [Test worker] DEBUG o.s.c.a.ClassPathBeanDefinitionScanner - Identified candidate component class: file [C:\Users\Artiom\Google Диск\project\baxter\build\classes\main\by\psu\baxter\web\UserController.class]
2015-12-24 01:32:59 [Test worker] DEBUG o.s.b.f.xml.XmlBeanDefinitionReader - Loaded 16 bean definitions from location pattern [classpath:spring/spring-core-config.xml]
2015-12-24 01:32:59 [Test worker] INFO  o.s.c.s.GenericApplicationContext - Refreshing org.springframework.context.support.GenericApplicationContext@8a5cf3: startup date [Thu Dec 24 01:32:59 MSK 2015]; root of context hierarchy
2015-12-24 01:32:59 [Test worker] DEBUG o.s.c.s.GenericApplicationContext - Bean factory for org.springframework.context.support.GenericApplicationContext@8a5cf3: org.springframework.beans.factory.support.DefaultListableBeanFactory@1892b4e: defining beans [userDaoImpl,userServiceImpl,indexController,userController,org.springframework.context.annotation.internalConfigurationAnnotationProcessor,org.springframework.context.annotation.internalAutowiredAnnotationProcessor,org.springframework.context.annotation.internalRequiredAnnotationProcessor,org.springframework.context.annotation.internalCommonAnnotationProcessor,org.springframework.context.annotation.internalPersistenceAnnotationProcessor,dataSource,sessionFactory,txAdvice,org.springframework.aop.config.internalAutoProxyCreator,service,org.springframework.aop.support.DefaultBeanFactoryPointcutAdvisor#0,transactionManager]; root of factory hierarchy
2015-12-24 01:32:59 [Test worker] DEBUG o.s.b.f.s.DefaultListableBeanFactory - Creating shared instance of singleton bean 'org.springframework.context.annotation.internalConfigurationAnnotationProcessor'
2015-12-24 01:32:59 [Test worker] DEBUG o.s.b.f.s.DefaultListableBeanFactory - Creating instance of bean 'org.springframework.context.annotation.internalConfigurationAnnotationProcessor'
2015-12-24 01:32:59 [Test worker] DEBUG o.s.b.f.s.DefaultListableBeanFactory - Eagerly caching bean 'org.springframework.context.annotation.internalConfigurationAnnotationProcessor' to allow for resolving potential circular references
2015-12-24 01:32:59 [Test worker] DEBUG o.s.b.f.s.DefaultListableBeanFactory - Finished creating instance of bean 'org.springframework.context.annotation.internalConfigurationAnnotationProcessor'
2015-12-24 01:32:59 [Test worker] DEBUG o.s.b.f.s.DefaultListableBeanFactory - Creating shared instance of singleton bean 'org.springframework.context.annotation.internalAutowiredAnnotationProcessor'
2015-12-24 01:32:59 [Test worker] DEBUG o.s.b.f.s.DefaultListableBeanFactory - Creating instance of bean 'org.springframework.context.annotation.internalAutowiredAnnotationProcessor'
2015-12-24 01:32:59 [Test worker] DEBUG o.s.b.f.s.DefaultListableBeanFactory - Eagerly caching bean 'org.springframework.context.annotation.internalAutowiredAnnotationProcessor' to allow for resolving potential circular references
2015-12-24 01:32:59 [Test worker] DEBUG o.s.b.f.s.DefaultListableBeanFactory - Finished creating instance of bean 'org.springframework.context.annotation.internalAutowiredAnnotationProcessor'
2015-12-24 01:32:59 [Test worker] DEBUG o.s.b.f.s.DefaultListableBeanFactory - Creating shared instance of singleton bean 'org.springframework.context.annotation.internalRequiredAnnotationProcessor'
2015-12-24 01:32:59 [Test worker] DEBUG o.s.b.f.s.DefaultListableBeanFactory - Creating instance of bean 'org.springframework.context.annotation.internalRequiredAnnotationProcessor'
2015-12-24 01:32:59 [Test worker] DEBUG o.s.b.f.s.DefaultListableBeanFactory - Eagerly caching bean 'org.springframework.context.annotation.internalRequiredAnnotationProcessor' to allow for resolving potential circular references
2015-12-24 01:32:59 [Test worker] DEBUG o.s.b.f.s.DefaultListableBeanFactory - Finished creating instance of bean 'org.springframework.context.annotation.internalRequiredAnnotationProcessor'
2015-12-24 01:32:59 [Test worker] DEBUG o.s.b.f.s.DefaultListableBeanFactory - Creating shared instance of singleton bean 'org.springframework.context.annotation.internalCommonAnnotationProcessor'
2015-12-24 01:32:59 [Test worker] DEBUG o.s.b.f.s.DefaultListableBeanFactory - Creating instance of bean 'org.springframework.context.annotation.internalCommonAnnotationProcessor'
2015-12-24 01:33:00 [Test worker] DEBUG o.s.b.f.s.DefaultListableBeanFactory - Eagerly caching bean 'org.springframework.context.annotation.internalCommonAnnotationProcessor' to allow for resolving potential circular references
2015-12-24 01:33:00 [Test worker] DEBUG o.s.b.f.s.DefaultListableBeanFactory - Finished creating instance of bean 'org.springframework.context.annotation.internalCommonAnnotationProcessor'
2015-12-24 01:33:00 [Test worker] DEBUG o.s.b.f.s.DefaultListableBeanFactory - Creating shared instance of singleton bean 'org.springframework.context.annotation.internalPersistenceAnnotationProcessor'
2015-12-24 01:33:00 [Test worker] DEBUG o.s.b.f.s.DefaultListableBeanFactory - Creating instance of bean 'org.springframework.context.annotation.internalPersistenceAnnotationProcessor'
2015-12-24 01:33:00 [Test worker] DEBUG o.s.b.f.s.DefaultListableBeanFactory - Eagerly caching bean 'org.springframework.context.annotation.internalPersistenceAnnotationProcessor' to allow for resolving potential circular references
2015-12-24 01:33:00 [Test worker] DEBUG o.s.b.f.s.DefaultListableBeanFactory - Finished creating instance of bean 'org.springframework.context.annotation.internalPersistenceAnnotationProcessor'
2015-12-24 01:33:00 [Test worker] DEBUG o.s.b.f.s.DefaultListableBeanFactory - Creating shared instance of singleton bean 'org.springframework.context.annotation.ConfigurationClassPostProcessor.importAwareProcessor'
2015-12-24 01:33:00 [Test worker] DEBUG o.s.b.f.s.DefaultListableBeanFactory - Creating instance of bean 'org.springframework.context.annotation.ConfigurationClassPostProcessor.importAwareProcessor'
2015-12-24 01:33:00 [Test worker] DEBUG o.s.b.f.s.DefaultListableBeanFactory - Eagerly caching bean 'org.springframework.context.annotation.ConfigurationClassPostProcessor.importAwareProcessor' to allow for resolving potential circular references
2015-12-24 01:33:00 [Test worker] DEBUG o.s.b.f.s.DefaultListableBeanFactory - Finished creating instance of bean 'org.springframework.context.annotation.ConfigurationClassPostProcessor.importAwareProcessor'
2015-12-24 01:33:00 [Test worker] DEBUG o.s.b.f.s.DefaultListableBeanFactory - Creating shared instance of singleton bean 'org.springframework.context.annotation.ConfigurationClassPostProcessor.enhancedConfigurationProcessor'
2015-12-24 01:33:00 [Test worker] DEBUG o.s.b.f.s.DefaultListableBeanFactory - Creating instance of bean 'org.springframework.context.annotation.ConfigurationClassPostProcessor.enhancedConfigurationProcessor'
2015-12-24 01:33:00 [Test worker] DEBUG o.s.b.f.s.DefaultListableBeanFactory - Eagerly caching bean 'org.springframework.context.annotation.ConfigurationClassPostProcessor.enhancedConfigurationProcessor' to allow for resolving potential circular references
2015-12-24 01:33:00 [Test worker] DEBUG o.s.b.f.s.DefaultListableBeanFactory - Finished creating instance of bean 'org.springframework.context.annotation.ConfigurationClassPostProcessor.enhancedConfigurationProcessor'
2015-12-24 01:33:00 [Test worker] DEBUG o.s.b.f.s.DefaultListableBeanFactory - Creating shared instance of singleton bean 'org.springframework.aop.config.internalAutoProxyCreator'
2015-12-24 01:33:00 [Test worker] DEBUG o.s.b.f.s.DefaultListableBeanFactory - Creating instance of bean 'org.springframework.aop.config.internalAutoProxyCreator'
2015-12-24 01:33:00 [Test worker] DEBUG o.s.b.f.s.DefaultListableBeanFactory - Eagerly caching bean 'org.springframework.aop.config.internalAutoProxyCreator' to allow for resolving potential circular references
2015-12-24 01:33:00 [Test worker] DEBUG o.s.b.f.s.DefaultListableBeanFactory - Finished creating instance of bean 'org.springframework.aop.config.internalAutoProxyCreator'
2015-12-24 01:33:00 [Test worker] DEBUG o.s.c.s.GenericApplicationContext - Unable to locate MessageSource with name 'messageSource': using default [org.springframework.context.support.DelegatingMessageSource@578bfa]
2015-12-24 01:33:00 [Test worker] DEBUG o.s.c.s.GenericApplicationContext - Unable to locate ApplicationEventMulticaster with name 'applicationEventMulticaster': using default [org.springframework.context.event.SimpleApplicationEventMulticaster@1c70c75]
2015-12-24 01:33:00 [Test worker] DEBUG o.s.b.f.s.DefaultListableBeanFactory - Pre-instantiating singletons in org.springframework.beans.factory.support.DefaultListableBeanFactory@1892b4e: defining beans [userDaoImpl,userServiceImpl,indexController,userController,org.springframework.context.annotation.internalConfigurationAnnotationProcessor,org.springframework.context.annotation.internalAutowiredAnnotationProcessor,org.springframework.context.annotation.internalRequiredAnnotationProcessor,org.springframework.context.annotation.internalCommonAnnotationProcessor,org.springframework.context.annotation.internalPersistenceAnnotationProcessor,dataSource,sessionFactory,txAdvice,org.springframework.aop.config.internalAutoProxyCreator,service,org.springframework.aop.support.DefaultBeanFactoryPointcutAdvisor#0,transactionManager,org.springframework.context.annotation.ConfigurationClassPostProcessor.importAwareProcessor,org.springframework.context.annotation.ConfigurationClassPostProcessor.enhancedConfigurationProcessor]; root of factory hierarchy
2015-12-24 01:33:00 [Test worker] DEBUG o.s.b.f.s.DefaultListableBeanFactory - Creating shared instance of singleton bean 'userDaoImpl'
2015-12-24 01:33:00 [Test worker] DEBUG o.s.b.f.s.DefaultListableBeanFactory - Creating instance of bean 'userDaoImpl'
2015-12-24 01:33:00 [Test worker] DEBUG o.s.b.f.s.DefaultListableBeanFactory - Creating shared instance of singleton bean 'org.springframework.aop.support.DefaultBeanFactoryPointcutAdvisor#0'
2015-12-24 01:33:00 [Test worker] DEBUG o.s.b.f.s.DefaultListableBeanFactory - Creating instance of bean 'org.springframework.aop.support.DefaultBeanFactoryPointcutAdvisor#0'
2015-12-24 01:33:00 [Test worker] DEBUG o.s.b.f.s.DefaultListableBeanFactory - Eagerly caching bean 'org.springframework.aop.support.DefaultBeanFactoryPointcutAdvisor#0' to allow for resolving potential circular references
2015-12-24 01:33:00 [Test worker] DEBUG o.s.b.f.s.DefaultListableBeanFactory - Creating instance of bean 'service'
2015-12-24 01:33:00 [Test worker] DEBUG o.s.b.f.s.DefaultListableBeanFactory - Finished creating instance of bean 'service'
2015-12-24 01:33:00 [Test worker] DEBUG o.s.b.f.s.DefaultListableBeanFactory - Finished creating instance of bean 'org.springframework.aop.support.DefaultBeanFactoryPointcutAdvisor#0'
2015-12-24 01:33:00 [Test worker] DEBUG o.s.b.f.annotation.InjectionMetadata - Registered injected element on class [by.psu.baxter.dao.impl.UserDaoImpl]: AutowiredFieldElement for private org.hibernate.SessionFactory by.psu.baxter.dao.impl.UserDaoImpl.sessionFactory
2015-12-24 01:33:00 [Test worker] DEBUG o.s.b.f.s.DefaultListableBeanFactory - Eagerly caching bean 'userDaoImpl' to allow for resolving potential circular references
2015-12-24 01:33:00 [Test worker] DEBUG o.s.b.f.annotation.InjectionMetadata - Processing injected element of bean 'userDaoImpl': AutowiredFieldElement for private org.hibernate.SessionFactory by.psu.baxter.dao.impl.UserDaoImpl.sessionFactory
2015-12-24 01:33:00 [Test worker] DEBUG o.s.b.f.s.DefaultListableBeanFactory - Returning cached instance of singleton bean 'org.springframework.aop.support.DefaultBeanFactoryPointcutAdvisor#0'
2015-12-24 01:33:01 [Test worker] DEBUG o.s.b.f.s.DefaultListableBeanFactory - Creating shared instance of singleton bean 'sessionFactory'
2015-12-24 01:33:01 [Test worker] DEBUG o.s.b.f.s.DefaultListableBeanFactory - Creating instance of bean 'sessionFactory'
2015-12-24 01:33:01 [Test worker] DEBUG o.s.b.f.s.DefaultListableBeanFactory - Eagerly caching bean 'sessionFactory' to allow for resolving potential circular references
2015-12-24 01:33:01 [Test worker] DEBUG o.s.b.f.s.DefaultListableBeanFactory - Creating shared instance of singleton bean 'dataSource'
2015-12-24 01:33:01 [Test worker] DEBUG o.s.b.f.s.DefaultListableBeanFactory - Creating instance of bean 'dataSource'
2015-12-24 01:33:01 [Test worker] DEBUG o.s.b.f.s.DefaultListableBeanFactory - Returning cached instance of singleton bean 'org.springframework.aop.support.DefaultBeanFactoryPointcutAdvisor#0'
2015-12-24 01:33:01 [Test worker] DEBUG o.s.b.f.s.DefaultListableBeanFactory - Eagerly caching bean 'dataSource' to allow for resolving potential circular references
2015-12-24 01:33:01 [Test worker] DEBUG o.s.b.f.s.DefaultListableBeanFactory - Returning cached instance of singleton bean 'org.springframework.aop.support.DefaultBeanFactoryPointcutAdvisor#0'
2015-12-24 01:33:01 [Test worker] DEBUG o.s.b.f.s.DefaultListableBeanFactory - Returning cached instance of singleton bean 'org.springframework.aop.support.DefaultBeanFactoryPointcutAdvisor#0'
2015-12-24 01:33:02 [Test worker] DEBUG o.s.b.f.s.DefaultListableBeanFactory - Finished creating instance of bean 'dataSource'
2015-12-24 01:33:02 [Test worker] DEBUG o.s.b.f.s.DefaultListableBeanFactory - Invoking afterPropertiesSet() on bean with name 'sessionFactory'
2015-12-24 01:33:02 [Test worker] DEBUG org.jboss.logging - Logging Provider: org.jboss.logging.Slf4jLoggerProvider
2015-12-24 01:33:03 [Test worker] DEBUG org.hibernate.type.BasicTypeRegistry - Adding type registration boolean -> org.hibernate.type.BooleanType@176eb40
2015-12-24 01:33:03 [Test worker] DEBUG org.hibernate.type.BasicTypeRegistry - Adding type registration boolean -> org.hibernate.type.BooleanType@176eb40
2015-12-24 01:33:03 [Test worker] DEBUG org.hibernate.type.BasicTypeRegistry - Adding type registration java.lang.Boolean -> org.hibernate.type.BooleanType@176eb40
2015-12-24 01:33:03 [Test worker] DEBUG org.hibernate.type.BasicTypeRegistry - Adding type registration numeric_boolean -> org.hibernate.type.NumericBooleanType@ace075
2015-12-24 01:33:03 [Test worker] DEBUG org.hibernate.type.BasicTypeRegistry - Adding type registration true_false -> org.hibernate.type.TrueFalseType@4b7c29
2015-12-24 01:33:03 [Test worker] DEBUG org.hibernate.type.BasicTypeRegistry - Adding type registration yes_no -> org.hibernate.type.YesNoType@62f23
2015-12-24 01:33:03 [Test worker] DEBUG org.hibernate.type.BasicTypeRegistry - Adding type registration byte -> org.hibernate.type.ByteType@136681
2015-12-24 01:33:03 [Test worker] DEBUG org.hibernate.type.BasicTypeRegistry - Adding type registration byte -> org.hibernate.type.ByteType@136681
2015-12-24 01:33:03 [Test worker] DEBUG org.hibernate.type.BasicTypeRegistry - Adding type registration java.lang.Byte -> org.hibernate.type.ByteType@136681
2015-12-24 01:33:03 [Test worker] DEBUG org.hibernate.type.BasicTypeRegistry - Adding type registration character -> org.hibernate.type.CharacterType@1cd6a2a
2015-12-24 01:33:03 [Test worker] DEBUG org.hibernate.type.BasicTypeRegistry - Adding type registration char -> org.hibernate.type.CharacterType@1cd6a2a
2015-12-24 01:33:03 [Test worker] DEBUG org.hibernate.type.BasicTypeRegistry - Adding type registration java.lang.Character -> org.hibernate.type.CharacterType@1cd6a2a
2015-12-24 01:33:03 [Test worker] DEBUG org.hibernate.type.BasicTypeRegistry - Adding type registration short -> org.hibernate.type.ShortType@498b0
2015-12-24 01:33:03 [Test worker] DEBUG org.hibernate.type.BasicTypeRegistry - Adding type registration short -> org.hibernate.type.ShortType@498b0
2015-12-24 01:33:03 [Test worker] DEBUG org.hibernate.type.BasicTypeRegistry - Adding type registration java.lang.Short -> org.hibernate.type.ShortType@498b0
2015-12-24 01:33:03 [Test worker] DEBUG org.hibernate.type.BasicTypeRegistry - Adding type registration integer -> org.hibernate.type.IntegerType@291890
2015-12-24 01:33:03 [Test worker] DEBUG org.hibernate.type.BasicTypeRegistry - Adding type registration int -> org.hibernate.type.IntegerType@291890
2015-12-24 01:33:03 [Test worker] DEBUG org.hibernate.type.BasicTypeRegistry - Adding type registration java.lang.Integer -> org.hibernate.type.IntegerType@291890
2015-12-24 01:33:03 [Test worker] DEBUG org.hibernate.type.BasicTypeRegistry - Adding type registration long -> org.hibernate.type.LongType@2fca87
2015-12-24 01:33:03 [Test worker] DEBUG org.hibernate.type.BasicTypeRegistry - Adding type registration long -> org.hibernate.type.LongType@2fca87
2015-12-24 01:33:03 [Test worker] DEBUG org.hibernate.type.BasicTypeRegistry - Adding type registration java.lang.Long -> org.hibernate.type.LongType@2fca87
2015-12-24 01:33:03 [Test worker] DEBUG org.hibernate.type.BasicTypeRegistry - Adding type registration float -> org.hibernate.type.FloatType@f1e2d9
2015-12-24 01:33:03 [Test worker] DEBUG org.hibernate.type.BasicTypeRegistry - Adding type registration float -> org.hibernate.type.FloatType@f1e2d9
2015-12-24 01:33:03 [Test worker] DEBUG org.hibernate.type.BasicTypeRegistry - Adding type registration java.lang.Float -> org.hibernate.type.FloatType@f1e2d9
2015-12-24 01:33:03 [Test worker] DEBUG org.hibernate.type.BasicTypeRegistry - Adding type registration double -> org.hibernate.type.DoubleType@1d4e30f
2015-12-24 01:33:03 [Test worker] DEBUG org.hibernate.type.BasicTypeRegistry - Adding type registration double -> org.hibernate.type.DoubleType@1d4e30f
2015-12-24 01:33:03 [Test worker] DEBUG org.hibernate.type.BasicTypeRegistry - Adding type registration java.lang.Double -> org.hibernate.type.DoubleType@1d4e30f
2015-12-24 01:33:03 [Test worker] DEBUG org.hibernate.type.BasicTypeRegistry - Adding type registration big_decimal -> org.hibernate.type.BigDecimalType@5cd46b
2015-12-24 01:33:03 [Test worker] DEBUG org.hibernate.type.BasicTypeRegistry - Adding type registration java.math.BigDecimal -> org.hibernate.type.BigDecimalType@5cd46b
2015-12-24 01:33:03 [Test worker] DEBUG org.hibernate.type.BasicTypeRegistry - Adding type registration big_integer -> org.hibernate.type.BigIntegerType@1e8435f
2015-12-24 01:33:03 [Test worker] DEBUG org.hibernate.type.BasicTypeRegistry - Adding type registration java.math.BigInteger -> org.hibernate.type.BigIntegerType@1e8435f
2015-12-24 01:33:03 [Test worker] DEBUG org.hibernate.type.BasicTypeRegistry - Adding type registration string -> org.hibernate.type.StringType@1150ee1
2015-12-24 01:33:03 [Test worker] DEBUG org.hibernate.type.BasicTypeRegistry - Adding type registration java.lang.String -> org.hibernate.type.StringType@1150ee1
2015-12-24 01:33:03 [Test worker] DEBUG org.hibernate.type.BasicTypeRegistry - Adding type registration nstring -> org.hibernate.type.StringNVarcharType@61b819
2015-12-24 01:33:03 [Test worker] DEBUG org.hibernate.type.BasicTypeRegistry - Adding type registration ncharacter -> org.hibernate.type.CharacterNCharType@1c36cea
2015-12-24 01:33:03 [Test worker] DEBUG org.hibernate.type.BasicTypeRegistry - Adding type registration url -> org.hibernate.type.UrlType@12c6b61
2015-12-24 01:33:03 [Test worker] DEBUG org.hibernate.type.BasicTypeRegistry - Adding type registration java.net.URL -> org.hibernate.type.UrlType@12c6b61
2015-12-24 01:33:03 [Test worker] DEBUG org.hibernate.type.BasicTypeRegistry - Adding type registration date -> org.hibernate.type.DateType@2a3d5c
2015-12-24 01:33:03 [Test worker] DEBUG org.hibernate.type.BasicTypeRegistry - Adding type registration java.sql.Date -> org.hibernate.type.DateType@2a3d5c
2015-12-24 01:33:03 [Test worker] DEBUG org.hibernate.type.BasicTypeRegistry - Adding type registration time -> org.hibernate.type.TimeType@89c34f
2015-12-24 01:33:03 [Test worker] DEBUG org.hibernate.type.BasicTypeRegistry - Adding type registration java.sql.Time -> org.hibernate.type.TimeType@89c34f
2015-12-24 01:33:03 [Test worker] DEBUG org.hibernate.type.BasicTypeRegistry - Adding type registration timestamp -> org.hibernate.type.TimestampType@4977b5
2015-12-24 01:33:03 [Test worker] DEBUG org.hibernate.type.BasicTypeRegistry - Adding type registration java.sql.Timestamp -> org.hibernate.type.TimestampType@4977b5
2015-12-24 01:33:03 [Test worker] DEBUG org.hibernate.type.BasicTypeRegistry - Adding type registration java.util.Date -> org.hibernate.type.TimestampType@4977b5
2015-12-24 01:33:03 [Test worker] DEBUG org.hibernate.type.BasicTypeRegistry - Adding type registration dbtimestamp -> org.hibernate.type.DbTimestampType@747b55
2015-12-24 01:33:03 [Test worker] DEBUG org.hibernate.type.BasicTypeRegistry - Adding type registration calendar -> org.hibernate.type.CalendarType@12161d4
2015-12-24 01:33:03 [Test worker] DEBUG org.hibernate.type.BasicTypeRegistry - Adding type registration java.util.Calendar -> org.hibernate.type.CalendarType@12161d4
2015-12-24 01:33:03 [Test worker] DEBUG org.hibernate.type.BasicTypeRegistry - Adding type registration java.util.GregorianCalendar -> org.hibernate.type.CalendarType@12161d4
2015-12-24 01:33:03 [Test worker] DEBUG org.hibernate.type.BasicTypeRegistry - Adding type registration calendar_date -> org.hibernate.type.CalendarDateType@13f09d5
2015-12-24 01:33:03 [Test worker] DEBUG org.hibernate.type.BasicTypeRegistry - Adding type registration locale -> org.hibernate.type.LocaleType@1f62925
2015-12-24 01:33:03 [Test worker] DEBUG org.hibernate.type.BasicTypeRegistry - Adding type registration java.util.Locale -> org.hibernate.type.LocaleType@1f62925
2015-12-24 01:33:03 [Test worker] DEBUG org.hibernate.type.BasicTypeRegistry - Adding type registration currency -> org.hibernate.type.CurrencyType@1932148
2015-12-24 01:33:03 [Test worker] DEBUG org.hibernate.type.BasicTypeRegistry - Adding type registration java.util.Currency -> org.hibernate.type.CurrencyType@1932148
2015-12-24 01:33:03 [Test worker] DEBUG org.hibernate.type.BasicTypeRegistry - Adding type registration timezone -> org.hibernate.type.TimeZoneType@169c3e2
2015-12-24 01:33:03 [Test worker] DEBUG org.hibernate.type.BasicTypeRegistry - Adding type registration java.util.TimeZone -> org.hibernate.type.TimeZoneType@169c3e2
2015-12-24 01:33:03 [Test worker] DEBUG org.hibernate.type.BasicTypeRegistry - Adding type registration class -> org.hibernate.type.ClassType@7fbf64
2015-12-24 01:33:03 [Test worker] DEBUG org.hibernate.type.BasicTypeRegistry - Adding type registration java.lang.Class -> org.hibernate.type.ClassType@7fbf64
2015-12-24 01:33:03 [Test worker] DEBUG org.hibernate.type.BasicTypeRegistry - Adding type registration uuid-binary -> org.hibernate.type.UUIDBinaryType@1801e2c
2015-12-24 01:33:03 [Test worker] DEBUG org.hibernate.type.BasicTypeRegistry - Adding type registration java.util.UUID -> org.hibernate.type.UUIDBinaryType@1801e2c
2015-12-24 01:33:03 [Test worker] DEBUG org.hibernate.type.BasicTypeRegistry - Adding type registration uuid-char -> org.hibernate.type.UUIDCharType@aea068
2015-12-24 01:33:03 [Test worker] DEBUG org.hibernate.type.BasicTypeRegistry - Adding type registration pg-uuid -> org.hibernate.type.PostgresUUIDType@14b0ad4
2015-12-24 01:33:03 [Test worker] DEBUG org.hibernate.type.BasicTypeRegistry - Adding type registration binary -> org.hibernate.type.BinaryType@1ab37bd
2015-12-24 01:33:03 [Test worker] DEBUG org.hibernate.type.BasicTypeRegistry - Adding type registration byte[] -> org.hibernate.type.BinaryType@1ab37bd
2015-12-24 01:33:03 [Test worker] DEBUG org.hibernate.type.BasicTypeRegistry - Adding type registration [B -> org.hibernate.type.BinaryType@1ab37bd
2015-12-24 01:33:03 [Test worker] DEBUG org.hibernate.type.BasicTypeRegistry - Adding type registration wrapper-binary -> org.hibernate.type.WrapperBinaryType@1e1356d
2015-12-24 01:33:03 [Test worker] DEBUG org.hibernate.type.BasicTypeRegistry - Adding type registration Byte[] -> org.hibernate.type.WrapperBinaryType@1e1356d
2015-12-24 01:33:03 [Test worker] DEBUG org.hibernate.type.BasicTypeRegistry - Adding type registration [Ljava.lang.Byte; -> org.hibernate.type.WrapperBinaryType@1e1356d
2015-12-24 01:33:03 [Test worker] DEBUG org.hibernate.type.BasicTypeRegistry - Adding type registration image -> org.hibernate.type.ImageType@da2ebd
2015-12-24 01:33:03 [Test worker] DEBUG org.hibernate.type.BasicTypeRegistry - Adding type registration characters -> org.hibernate.type.CharArrayType@f15ee1
2015-12-24 01:33:03 [Test worker] DEBUG org.hibernate.type.BasicTypeRegistry - Adding type registration char[] -> org.hibernate.type.CharArrayType@f15ee1
2015-12-24 01:33:03 [Test worker] DEBUG org.hibernate.type.BasicTypeRegistry - Adding type registration [C -> org.hibernate.type.CharArrayType@f15ee1
2015-12-24 01:33:03 [Test worker] DEBUG org.hibernate.type.BasicTypeRegistry - Adding type registration wrapper-characters -> org.hibernate.type.CharacterArrayType@af6da
2015-12-24 01:33:03 [Test worker] DEBUG org.hibernate.type.BasicTypeRegistry - Adding type registration [Ljava.lang.Character; -> org.hibernate.type.CharacterArrayType@af6da
2015-12-24 01:33:03 [Test worker] DEBUG org.hibernate.type.BasicTypeRegistry - Adding type registration Character[] -> org.hibernate.type.CharacterArrayType@af6da
2015-12-24 01:33:03 [Test worker] DEBUG org.hibernate.type.BasicTypeRegistry - Adding type registration text -> org.hibernate.type.TextType@131a8ff
2015-12-24 01:33:03 [Test worker] DEBUG org.hibernate.type.BasicTypeRegistry - Adding type registration ntext -> org.hibernate.type.NTextType@a8253a
2015-12-24 01:33:03 [Test worker] DEBUG org.hibernate.type.BasicTypeRegistry - Adding type registration blob -> org.hibernate.type.BlobType@ab552
2015-12-24 01:33:03 [Test worker] DEBUG org.hibernate.type.BasicTypeRegistry - Adding type registration java.sql.Blob -> org.hibernate.type.BlobType@ab552
2015-12-24 01:33:03 [Test worker] DEBUG org.hibernate.type.BasicTypeRegistry - Adding type registration materialized_blob -> org.hibernate.type.MaterializedBlobType@8a5f8b
2015-12-24 01:33:03 [Test worker] DEBUG org.hibernate.type.BasicTypeRegistry - Adding type registration clob -> org.hibernate.type.ClobType@127b1b3
2015-12-24 01:33:03 [Test worker] DEBUG org.hibernate.type.BasicTypeRegistry - Adding type registration java.sql.Clob -> org.hibernate.type.ClobType@127b1b3
2015-12-24 01:33:04 [Test worker] DEBUG org.hibernate.type.BasicTypeRegistry - Adding type registration nclob -> org.hibernate.type.NClobType@33f0d1
2015-12-24 01:33:04 [Test worker] DEBUG org.hibernate.type.BasicTypeRegistry - Adding type registration java.sql.NClob -> org.hibernate.type.NClobType@33f0d1
2015-12-24 01:33:04 [Test worker] DEBUG org.hibernate.type.BasicTypeRegistry - Adding type registration materialized_clob -> org.hibernate.type.MaterializedClobType@1e578b5
2015-12-24 01:33:04 [Test worker] DEBUG org.hibernate.type.BasicTypeRegistry - Adding type registration materialized_nclob -> org.hibernate.type.MaterializedNClobType@1f17f92
2015-12-24 01:33:04 [Test worker] DEBUG org.hibernate.type.BasicTypeRegistry - Adding type registration serializable -> org.hibernate.type.SerializableType@5f257a
2015-12-24 01:33:04 [Test worker] DEBUG org.hibernate.type.BasicTypeRegistry - Adding type registration object -> org.hibernate.type.ObjectType@971840
2015-12-24 01:33:04 [Test worker] DEBUG org.hibernate.type.BasicTypeRegistry - Adding type registration java.lang.Object -> org.hibernate.type.ObjectType@971840
2015-12-24 01:33:04 [Test worker] DEBUG org.hibernate.type.BasicTypeRegistry - Adding type registration imm_date -> org.hibernate.type.AdaptedImmutableType@1d9b738
2015-12-24 01:33:04 [Test worker] DEBUG org.hibernate.type.BasicTypeRegistry - Adding type registration imm_time -> org.hibernate.type.AdaptedImmutableType@8be055
2015-12-24 01:33:04 [Test worker] DEBUG org.hibernate.type.BasicTypeRegistry - Adding type registration imm_timestamp -> org.hibernate.type.AdaptedImmutableType@134f1db
2015-12-24 01:33:04 [Test worker] DEBUG org.hibernate.type.BasicTypeRegistry - Adding type registration imm_dbtimestamp -> org.hibernate.type.AdaptedImmutableType@f294c5
2015-12-24 01:33:04 [Test worker] DEBUG org.hibernate.type.BasicTypeRegistry - Adding type registration imm_calendar -> org.hibernate.type.AdaptedImmutableType@54e85
2015-12-24 01:33:04 [Test worker] DEBUG org.hibernate.type.BasicTypeRegistry - Adding type registration imm_calendar_date -> org.hibernate.type.AdaptedImmutableType@661664
2015-12-24 01:33:04 [Test worker] DEBUG org.hibernate.type.BasicTypeRegistry - Adding type registration imm_binary -> org.hibernate.type.AdaptedImmutableType@481601
2015-12-24 01:33:04 [Test worker] DEBUG org.hibernate.type.BasicTypeRegistry - Adding type registration imm_serializable -> org.hibernate.type.AdaptedImmutableType@9cce0f
2015-12-24 01:33:04 [Test worker] INFO  o.h.annotations.common.Version - HCANN000001: Hibernate Commons Annotations {4.0.4.Final}
2015-12-24 01:33:04 [Test worker] INFO  org.hibernate.Version - HHH000412: Hibernate Core {4.3.5.Final}
2015-12-24 01:33:04 [Test worker] INFO  org.hibernate.cfg.Environment - HHH000206: hibernate.properties not found
2015-12-24 01:33:04 [Test worker] INFO  org.hibernate.cfg.Environment - HHH000021: Bytecode provider name : javassist
2015-12-24 01:33:04 [Test worker] DEBUG o.h.i.f.i.DefaultIdentifierGeneratorFactory - Registering IdentifierGenerator strategy [uuid2] -> [org.hibernate.id.UUIDGenerator]
2015-12-24 01:33:04 [Test worker] DEBUG o.h.i.f.i.DefaultIdentifierGeneratorFactory - Registering IdentifierGenerator strategy [guid] -> [org.hibernate.id.GUIDGenerator]
2015-12-24 01:33:04 [Test worker] DEBUG o.h.i.f.i.DefaultIdentifierGeneratorFactory - Registering IdentifierGenerator strategy [uuid] -> [org.hibernate.id.UUIDHexGenerator]
2015-12-24 01:33:04 [Test worker] DEBUG o.h.i.f.i.DefaultIdentifierGeneratorFactory - Registering IdentifierGenerator strategy [uuid.hex] -> [org.hibernate.id.UUIDHexGenerator]
2015-12-24 01:33:04 [Test worker] DEBUG o.h.i.f.i.DefaultIdentifierGeneratorFactory - Registering IdentifierGenerator strategy [hilo] -> [org.hibernate.id.TableHiLoGenerator]
2015-12-24 01:33:04 [Test worker] DEBUG o.h.i.f.i.DefaultIdentifierGeneratorFactory - Registering IdentifierGenerator strategy [assigned] -> [org.hibernate.id.Assigned]
2015-12-24 01:33:04 [Test worker] DEBUG o.h.i.f.i.DefaultIdentifierGeneratorFactory - Registering IdentifierGenerator strategy [identity] -> [org.hibernate.id.IdentityGenerator]
2015-12-24 01:33:04 [Test worker] DEBUG o.h.i.f.i.DefaultIdentifierGeneratorFactory - Registering IdentifierGenerator strategy [select] -> [org.hibernate.id.SelectGenerator]
2015-12-24 01:33:04 [Test worker] DEBUG o.h.i.f.i.DefaultIdentifierGeneratorFactory - Registering IdentifierGenerator strategy [sequence] -> [org.hibernate.id.SequenceGenerator]
2015-12-24 01:33:04 [Test worker] DEBUG o.h.i.f.i.DefaultIdentifierGeneratorFactory - Registering IdentifierGenerator strategy [seqhilo] -> [org.hibernate.id.SequenceHiLoGenerator]
2015-12-24 01:33:04 [Test worker] DEBUG o.h.i.f.i.DefaultIdentifierGeneratorFactory - Registering IdentifierGenerator strategy [increment] -> [org.hibernate.id.IncrementGenerator]
2015-12-24 01:33:04 [Test worker] DEBUG o.h.i.f.i.DefaultIdentifierGeneratorFactory - Registering IdentifierGenerator strategy [foreign] -> [org.hibernate.id.ForeignGenerator]
2015-12-24 01:33:04 [Test worker] DEBUG o.h.i.f.i.DefaultIdentifierGeneratorFactory - Registering IdentifierGenerator strategy [sequence-identity] -> [org.hibernate.id.SequenceIdentityGenerator]
2015-12-24 01:33:04 [Test worker] DEBUG o.h.i.f.i.DefaultIdentifierGeneratorFactory - Registering IdentifierGenerator strategy [enhanced-sequence] -> [org.hibernate.id.enhanced.SequenceStyleGenerator]
2015-12-24 01:33:04 [Test worker] DEBUG o.h.i.f.i.DefaultIdentifierGeneratorFactory - Registering IdentifierGenerator strategy [enhanced-table] -> [org.hibernate.id.enhanced.TableGenerator]
2015-12-24 01:33:04 [Test worker] DEBUG o.s.c.i.s.PathMatchingResourcePatternResolver - Looking for matching resources in directory tree [C:\Users\Artiom\Google Диск\project\baxter\build\classes\main\by\psu\baxter\entity]
2015-12-24 01:33:04 [Test worker] DEBUG o.s.c.i.s.PathMatchingResourcePatternResolver - Searching directory [C:\Users\Artiom\Google Диск\project\baxter\build\classes\main\by\psu\baxter\entity] for files matching pattern [C:/Users/Artiom/Google Диск/project/baxter/build/classes/main/by/psu/baxter/entity/**/*.class]
2015-12-24 01:33:04 [Test worker] DEBUG o.s.c.i.s.PathMatchingResourcePatternResolver - Resolved location pattern [classpath*:by/psu/baxter/entity/**/*.class] to resources [file [C:\Users\Artiom\Google Диск\project\baxter\build\classes\main\by\psu\baxter\entity\Pagination.class], file [C:\Users\Artiom\Google Диск\project\baxter\build\classes\main\by\psu\baxter\entity\User.class], file [C:\Users\Artiom\Google Диск\project\baxter\build\classes\main\by\psu\baxter\entity\UserFilter.class]]
2015-12-24 01:33:05 [Test worker] DEBUG o.h.i.internal.IntegratorServiceImpl - Adding Integrator [org.hibernate.cfg.beanvalidation.BeanValidationIntegrator].
2015-12-24 01:33:05 [Test worker] DEBUG o.h.i.internal.IntegratorServiceImpl - Adding Integrator [org.hibernate.secure.spi.JaccIntegrator].
2015-12-24 01:33:05 [Test worker] DEBUG o.h.i.internal.IntegratorServiceImpl - Adding Integrator [org.hibernate.cache.internal.CollectionCacheInvalidator].
2015-12-24 01:33:05 [Test worker] DEBUG o.h.b.r.s.i.StrategySelectorImpl - Registering named strategy selector [org.hibernate.dialect.Dialect] : [MySQL5] -> [org.hibernate.dialect.MySQL5Dialect] (replacing [org.hibernate.dialect.MySQL5Dialect])
2015-12-24 01:33:05 [Test worker] DEBUG o.h.b.r.s.i.StrategySelectorImpl - Registering named strategy selector [org.hibernate.dialect.Dialect] : [MySQL5InnoDB] -> [org.hibernate.dialect.MySQL5InnoDBDialect] (replacing [org.hibernate.dialect.MySQL5InnoDBDialect])
2015-12-24 01:33:05 [Test worker] DEBUG o.h.service.spi.ServiceBinding - Overriding existing service binding [org.hibernate.secure.spi.JaccService]
2015-12-24 01:33:05 [Test worker] DEBUG org.hibernate.cfg.Configuration - Preparing to build session factory with filters : {}
2015-12-24 01:33:06 [Test worker] DEBUG o.h.e.jdbc.internal.JdbcServicesImpl - Database ->
       name : PostgreSQL
    version : 9.4.0
      major : 9
      minor : 4
2015-12-24 01:33:06 [Test worker] DEBUG o.h.e.jdbc.internal.JdbcServicesImpl - Driver ->
       name : PostgreSQL Native Driver
    version : PostgreSQL 9.2 JDBC4 (build 1003)
      major : 9
      minor : 2
2015-12-24 01:33:06 [Test worker] DEBUG o.h.e.jdbc.internal.JdbcServicesImpl - JDBC version : 4.0
2015-12-24 01:33:07 [Test worker] INFO  org.hibernate.dialect.Dialect - HHH000400: Using dialect: org.hibernate.dialect.PostgreSQL9Dialect
2015-12-24 01:33:07 [Test worker] INFO  o.h.e.j.internal.LobCreatorBuilder - HHH000424: Disabling contextual LOB creation as createClob() method threw error : java.lang.reflect.InvocationTargetException
2015-12-24 01:33:08 [Test worker] DEBUG org.hibernate.cfg.Configuration - Processing hbm.xml files
2015-12-24 01:33:08 [Test worker] DEBUG org.hibernate.cfg.Configuration - Process annotated classes
2015-12-24 01:33:08 [Test worker] DEBUG org.hibernate.cfg.AnnotationBinder - Binding entity from annotated class: by.psu.baxter.entity.User
2015-12-24 01:33:08 [Test worker] DEBUG org.hibernate.cfg.Ejb3Column - Binding column: Ejb3DiscriminatorColumn{logicalColumnName'DTYPE', discriminatorTypeName='string'}
2015-12-24 01:33:08 [Test worker] DEBUG org.hibernate.cfg.AnnotationBinder - No value specified for 'javax.persistence.sharedCache.mode'; using UNSPECIFIED
2015-12-24 01:33:08 [Test worker] DEBUG o.h.cfg.annotations.EntityBinder - Import with entity name User
2015-12-24 01:33:08 [Test worker] DEBUG o.h.cfg.annotations.EntityBinder - Bind entity by.psu.baxter.entity.User on table user
2015-12-24 01:33:08 [Test worker] DEBUG org.hibernate.cfg.Ejb3Column - Binding column: Ejb3Column{table=org.hibernate.mapping.Table(public.user), mappingColumn=id, insertable=true, updatable=true, unique=false}
2015-12-24 01:33:08 [Test worker] DEBUG o.h.cfg.annotations.PropertyBinder - MetadataSourceProcessor property id with lazy=false
2015-12-24 01:33:08 [Test worker] DEBUG o.h.cfg.AbstractPropertyHolder - Attempting to locate auto-apply AttributeConverter for property [by.psu.baxter.entity.User:id]
2015-12-24 01:33:08 [Test worker] DEBUG o.h.c.annotations.SimpleValueBinder - building SimpleValue for id
2015-12-24 01:33:08 [Test worker] DEBUG o.h.cfg.annotations.PropertyBinder - Building property id
2015-12-24 01:33:08 [Test worker] DEBUG org.hibernate.cfg.Ejb3Column - Binding column: Ejb3Column{table=org.hibernate.mapping.Table(public.user), mappingColumn=login, insertable=true, updatable=true, unique=false}
2015-12-24 01:33:08 [Test worker] DEBUG o.h.cfg.annotations.PropertyBinder - MetadataSourceProcessor property login with lazy=false
2015-12-24 01:33:08 [Test worker] DEBUG o.h.cfg.AbstractPropertyHolder - Attempting to locate auto-apply AttributeConverter for property [by.psu.baxter.entity.User:login]
2015-12-24 01:33:08 [Test worker] DEBUG o.h.c.annotations.SimpleValueBinder - building SimpleValue for login
2015-12-24 01:33:08 [Test worker] DEBUG o.h.cfg.annotations.PropertyBinder - Building property login
2015-12-24 01:33:08 [Test worker] DEBUG org.hibernate.cfg.Ejb3Column - Binding column: Ejb3Column{table=org.hibernate.mapping.Table(public.user), mappingColumn=password, insertable=true, updatable=true, unique=false}
2015-12-24 01:33:08 [Test worker] DEBUG o.h.cfg.annotations.PropertyBinder - MetadataSourceProcessor property password with lazy=false
2015-12-24 01:33:08 [Test worker] DEBUG o.h.cfg.AbstractPropertyHolder - Attempting to locate auto-apply AttributeConverter for property [by.psu.baxter.entity.User:password]
2015-12-24 01:33:08 [Test worker] DEBUG o.h.c.annotations.SimpleValueBinder - building SimpleValue for password
2015-12-24 01:33:08 [Test worker] DEBUG o.h.cfg.annotations.PropertyBinder - Building property password
2015-12-24 01:33:08 [Test worker] DEBUG o.h.c.annotations.SimpleValueBinder - Starting fillSimpleValue for id
2015-12-24 01:33:08 [Test worker] DEBUG o.h.c.annotations.SimpleValueBinder - Starting fillSimpleValue for login
2015-12-24 01:33:08 [Test worker] DEBUG o.h.c.annotations.SimpleValueBinder - Starting fillSimpleValue for password
2015-12-24 01:33:08 [Test worker] DEBUG org.hibernate.cfg.Configuration - Processing fk mappings (*ToOne and JoinedSubclass)
2015-12-24 01:33:08 [Test worker] DEBUG org.hibernate.cfg.Configuration - Processing extends queue
2015-12-24 01:33:08 [Test worker] DEBUG org.hibernate.cfg.Configuration - Processing extends queue
2015-12-24 01:33:08 [Test worker] DEBUG org.hibernate.cfg.Configuration - Processing collection mappings
2015-12-24 01:33:08 [Test worker] DEBUG org.hibernate.cfg.Configuration - Processing native query and ResultSetMapping mappings
2015-12-24 01:33:08 [Test worker] DEBUG org.hibernate.cfg.Configuration - Processing association property references
2015-12-24 01:33:08 [Test worker] DEBUG org.hibernate.cfg.Configuration - Creating tables' unique integer identifiers
2015-12-24 01:33:08 [Test worker] DEBUG org.hibernate.cfg.Configuration - Processing foreign key constraints
2015-12-24 01:33:08 [Test worker] DEBUG o.h.e.t.j.p.i.JtaPlatformInitiator - No JtaPlatform was specified, checking resolver
2015-12-24 01:33:08 [Test worker] DEBUG o.h.e.t.j.p.i.JtaPlatformResolverInitiator - No JtaPlatformResolver was specified, using default [org.hibernate.engine.transaction.jta.platform.internal.StandardJtaPlatformResolver]
2015-12-24 01:33:08 [Test worker] DEBUG o.h.e.t.j.p.i.StandardJtaPlatformResolver - Could not resolve JtaPlatform, using default [org.hibernate.engine.transaction.jta.platform.internal.NoJtaPlatform]
2015-12-24 01:33:08 [Test worker] DEBUG org.hibernate.cfg.SettingsFactory - Automatic flush during beforeCompletion(): disabled
2015-12-24 01:33:08 [Test worker] DEBUG org.hibernate.cfg.SettingsFactory - Automatic session close at end of transaction: disabled
2015-12-24 01:33:08 [Test worker] DEBUG org.hibernate.cfg.SettingsFactory - JDBC batch size: 15
2015-12-24 01:33:08 [Test worker] DEBUG org.hibernate.cfg.SettingsFactory - JDBC batch updates for versioned data: disabled
2015-12-24 01:33:08 [Test worker] DEBUG org.hibernate.cfg.SettingsFactory - Scrollable result sets: enabled
2015-12-24 01:33:08 [Test worker] DEBUG org.hibernate.cfg.SettingsFactory - Wrap result sets: disabled
2015-12-24 01:33:08 [Test worker] DEBUG org.hibernate.cfg.SettingsFactory - JDBC3 getGeneratedKeys(): enabled
2015-12-24 01:33:08 [Test worker] DEBUG org.hibernate.cfg.SettingsFactory - multi-tenancy strategy : NONE
2015-12-24 01:33:08 [Test worker] DEBUG org.hibernate.cfg.SettingsFactory - Connection release mode: auto
2015-12-24 01:33:08 [Test worker] INFO  o.h.e.t.i.TransactionFactoryInitiator - HHH000399: Using default transaction strategy (direct JDBC transactions)
2015-12-24 01:33:09 [Test worker] DEBUG org.hibernate.cfg.SettingsFactory - Using BatchFetchStyle : LEGACY
2015-12-24 01:33:09 [Test worker] DEBUG org.hibernate.cfg.SettingsFactory - Default batch fetch size: 1
2015-12-24 01:33:09 [Test worker] DEBUG org.hibernate.cfg.SettingsFactory - Generate SQL with comments: disabled
2015-12-24 01:33:09 [Test worker] DEBUG org.hibernate.cfg.SettingsFactory - Order SQL updates by primary key: disabled
2015-12-24 01:33:09 [Test worker] DEBUG org.hibernate.cfg.SettingsFactory - Order SQL inserts for batching: disabled
2015-12-24 01:33:09 [Test worker] DEBUG org.hibernate.cfg.SettingsFactory - Default null ordering: none
2015-12-24 01:33:09 [Test worker] DEBUG org.hibernate.cfg.SettingsFactory - Query translator: org.hibernate.hql.internal.ast.ASTQueryTranslatorFactory
2015-12-24 01:33:09 [Test worker] INFO  o.h.h.i.a.ASTQueryTranslatorFactory - HHH000397: Using ASTQueryTranslatorFactory
2015-12-24 01:33:09 [Test worker] DEBUG org.hibernate.cfg.SettingsFactory - Query language substitutions: {}
2015-12-24 01:33:09 [Test worker] DEBUG org.hibernate.cfg.SettingsFactory - JPA-QL strict compliance: disabled
2015-12-24 01:33:09 [Test worker] DEBUG org.hibernate.cfg.SettingsFactory - Second-level cache: enabled
2015-12-24 01:33:09 [Test worker] DEBUG org.hibernate.cfg.SettingsFactory - Query cache: disabled
2015-12-24 01:33:09 [Test worker] DEBUG o.h.c.i.RegionFactoryInitiator - Cache region factory : org.hibernate.cache.internal.NoCachingRegionFactory
2015-12-24 01:33:09 [Test worker] DEBUG org.hibernate.cfg.SettingsFactory - Optimize cache for minimal puts: disabled
2015-12-24 01:33:09 [Test worker] DEBUG org.hibernate.cfg.SettingsFactory - Structured second-level cache entries: disabled
2015-12-24 01:33:09 [Test worker] DEBUG org.hibernate.cfg.SettingsFactory - Second-level cache direct-reference entries: disabled
2015-12-24 01:33:09 [Test worker] DEBUG org.hibernate.cfg.SettingsFactory - Automatic eviction of collection cache: disabled
2015-12-24 01:33:09 [Test worker] DEBUG org.hibernate.cfg.SettingsFactory - Statistics: disabled
2015-12-24 01:33:09 [Test worker] DEBUG org.hibernate.cfg.SettingsFactory - Deleted entity synthetic identifier rollback: disabled
2015-12-24 01:33:09 [Test worker] DEBUG org.hibernate.cfg.SettingsFactory - Default entity-mode: pojo
2015-12-24 01:33:09 [Test worker] DEBUG org.hibernate.cfg.SettingsFactory - Named query checking : enabled
2015-12-24 01:33:09 [Test worker] DEBUG org.hibernate.cfg.SettingsFactory - Check Nullability in Core (should be disabled when Bean Validation is on): enabled
2015-12-24 01:33:09 [Test worker] DEBUG org.hibernate.cfg.SettingsFactory - Allow initialization of lazy state outside session : : disabled
2015-12-24 01:33:09 [Test worker] DEBUG org.hibernate.cfg.SettingsFactory - JTA Track by Thread: enabled
2015-12-24 01:33:09 [Test worker] DEBUG o.h.internal.SessionFactoryImpl - Building session factory
2015-12-24 01:33:09 [Test worker] DEBUG o.h.internal.SessionFactoryImpl - Session factory constructed with filter configurations : {}
2015-12-24 01:33:09 [Test worker] DEBUG o.h.internal.SessionFactoryImpl - Instantiating session factory with properties: {java.runtime.name=Java(TM) SE Runtime Environment, sun.boot.library.path=C:\Program Files\Java\jdk1.7.0_71\jre\bin, java.vm.version=24.71-b01, java.vm.vendor=Oracle Corporation, java.vendor.url=http://java.oracle.com/, path.separator=;, java.vm.name=Java HotSpot(TM) Client VM, file.encoding.pkg=sun.io, user.script=, user.country=RU, sun.java.launcher=SUN_STANDARD, sun.os.patch.level=Service Pack 1, java.vm.specification.name=Java Virtual Machine Specification, user.dir=C:\Users\Artiom\Google Диск\project\baxter, java.runtime.version=1.7.0_71-b14, java.awt.graphicsenv=sun.awt.Win32GraphicsEnvironment, hibernate.current_session_context_class=org.springframework.orm.hibernate4.SpringSessionContext, java.endorsed.dirs=C:\Program Files\Java\jdk1.7.0_71\jre\lib\endorsed, os.arch=x86, java.io.tmpdir=C:\Users\Artiom\AppData\Local\Temp\, line.separator=
, java.vm.specification.vendor=Oracle Corporation, user.variant=, os.name=Windows 7, sun.jnu.encoding=Cp1251, java.library.path=C:\Program Files\Java\jdk1.7.0_71\bin;C:\Windows\Sun\Java\bin;C:\Windows\system32;C:\Windows;C:\ProgramData\Oracle\Java\javapath;D:\bin\Delphi\Bin;D:\bin\Delphi\Projects\Bpl\;C:\Windows\system32;C:\Windows;C:\Windows\System32\Wbem;C:\Windows\System32\WindowsPowerShell\v1.0\;d:\bin\apache-maven-3.2.5\\bin;C:\Program Files\TortoiseSVN\bin;C:\Program Files\TortoiseHg\;C:\Program Files\MySQL\MySQL Fabric 1.5.3 & MySQL Utilities 1.5.3 1.5\;C:\Program Files\MySQL\MySQL Fabric 1.5.3 & MySQL Utilities 1.5.3 1.5\Doctrine extensions for PHP\;C:\Program Files\Skype\Phone\;d:\bin\gradle-2.9\bin\;;., hibernate.connection.datasource=org.apache.commons.dbcp.BasicDataSource@a3d584, java.specification.name=Java Platform API Specification, java.class.version=51.0, sun.management.compiler=HotSpot Client Compiler, os.version=6.1, user.home=C:\Users\Artiom, user.timezone=Europe/Moscow, java.awt.printerjob=sun.awt.windows.WPrinterJob, java.specification.version=1.7, file.encoding=windows-1251, hibernate.format_sql=true, user.name=Artiom, java.class.path=C:\Users\Artiom\Google Диск\project\baxter\build\classes\test;C:\Users\Artiom\Google Диск\project\baxter\build\resources\test;C:\Users\Artiom\Google Диск\project\baxter\build\classes\main;C:\Users\Artiom\Google Диск\project\baxter\build\resources\main;C:\Users\Artiom\.gradle\caches\modules-2\files-2.1\ch.qos.logback\logback-classic\1.1.3\d90276fff414f06cb375f2057f6778cd63c6082f\logback-classic-1.1.3.jar;C:\Users\Artiom\.gradle\caches\modules-2\files-2.1\org.springframework\spring-webmvc\4.1.6.RELEASE\e1ee19a5359f214d65cc18972df8aba17ce1e423\spring-webmvc-4.1.6.RELEASE.jar;C:\Users\Artiom\.gradle\caches\modules-2\files-2.1\javax.servlet\jstl\1.2\74aca283cd4f4b4f3e425f5820cda58f44409547\jstl-1.2.jar;C:\Users\Artiom\.gradle\caches\modules-2\files-2.1\org.springframework.boot\spring-boot-starter-data-jpa\1.1.4.RELEASE\9e5d736f66dc2c77e1bae89002ea31e2d08741cb\spring-boot-starter-data-jpa-1.1.4.RELEASE.jar;C:\Users\Artiom\.gradle\caches\modules-2\files-2.1\org.postgresql\postgresql\9.2-1003-jdbc4\6f2ba4efca71ff3cdcf5b92c2584c91b56e13f89\postgresql-9.2-1003-jdbc4.jar;C:\Users\Artiom\.m2\repository\commons-dbcp\commons-dbcp\1.4\commons-dbcp-1.4.jar;C:\Users\Artiom\.gradle\caches\modules-2\files-2.1\com.fasterxml.jackson.core\jackson-core\2.5.1\e2a00ad1d7e540ec395e9296a34da484c8888d4d\jackson-core-2.5.1.jar;C:\Users\Artiom\.gradle\caches\modules-2\files-2.1\com.fasterxml.jackson.core\jackson-databind\2.5.1\5e57baebad3898aca8a825adaf2be6fd189442f2\jackson-databind-2.5.1.jar;C:\Users\Artiom\.m2\repository\javax\servlet\servlet-api\2.5\servlet-api-2.5.jar;C:\Users\Artiom\.m2\repository\junit\junit\4.11\junit-4.11.jar;C:\Users\Artiom\.gradle\caches\modules-2\files-2.1\org.springframework\spring-test\4.2.3.RELEASE\d7c055b8fb1117ef75045679892228a4816cd80e\spring-test-4.2.3.RELEASE.jar;C:\Users\Artiom\.gradle\caches\modules-2\files-2.1\ch.qos.logback\logback-core\1.1.3\e3c02049f2dbbc764681b40094ecf0dcbc99b157\logback-core-1.1.3.jar;C:\Users\Artiom\.m2\repository\org\slf4j\slf4j-api\1.7.7\slf4j-api-1.7.7.jar;C:\Users\Artiom\.gradle\caches\modules-2\files-2.1\org.springframework\spring-beans\4.1.6.RELEASE\ce2d409d470948f11fad41ffdf37dcff4d28cd7c\spring-beans-4.1.6.RELEASE.jar;C:\Users\Artiom\.gradle\caches\modules-2\files-2.1\org.springframework\spring-context\4.1.6.RELEASE\15f0b22bf89ed468badbc4eec759af2b916d33e4\spring-context-4.1.6.RELEASE.jar;C:\Users\Artiom\.gradle\caches\modules-2\files-2.1\org.springframework\spring-expression\4.1.6.RELEASE\8bf70887c2c883a6f6e552dbe46eec35c07adf6a\spring-expression-4.1.6.RELEASE.jar;C:\Users\Artiom\.gradle\caches\modules-2\files-2.1\org.springframework\spring-web\4.1.6.RELEASE\960101b25d0ec6f45d550bf92c00de8c6a584e6a\spring-web-4.1.6.RELEASE.jar;C:\Users\Artiom\.gradle\caches\modules-2\files-2.1\org.springframework.boot\spring-boot-starter\1.1.4.RELEASE\660c34b289fe68357cdb7bea1ee1c6c7b180ba3b\spring-boot-starter-1.1.4.RELEASE.jar;C:\Users\Artiom\.gradle\caches\modules-2\files-2.1\org.springframework.boot\spring-boot-starter-aop\1.1.4.RELEASE\da647979b3a34f2f8e92f785c634a6732e0fccda\spring-boot-starter-aop-1.1.4.RELEASE.jar;C:\Users\Artiom\.gradle\caches\modules-2\files-2.1\org.springframework.boot\spring-boot-starter-jdbc\1.1.4.RELEASE\56ea9bbdc0b7bbbf0b2a0932b078c58dab249168\spring-boot-starter-jdbc-1.1.4.RELEASE.jar;C:\Users\Artiom\.gradle\caches\modules-2\files-2.1\org.hibernate\hibernate-entitymanager\4.3.5.Final\d5e18e531ffa6fde84b998d2fbf796663a8b112d\hibernate-entitymanager-4.3.5.Final.jar;C:\Users\Artiom\.gradle\caches\modules-2\files-2.1\org.springframework\spring-orm\4.0.6.RELEASE\e13077d6527b7e0c1c04293c1d1696436d053a61\spring-orm-4.0.6.RELEASE.jar;C:\Users\Artiom\.gradle\caches\modules-2\files-2.1\org.springframework.data\spring-data-jpa\1.6.1.RELEASE\fa07f0cd58698af4286dff1c6d02a87fb61d52bf\spring-data-jpa-1.6.1.RELEASE.jar;C:\Users\Artiom\.gradle\caches\modules-2\files-2.1\org.springframework\spring-aspects\4.0.6.RELEASE\198b4f801c533e7441ff038aedc9c2c0099738d3\spring-aspects-4.0.6.RELEASE.jar;C:\Users\Artiom\.m2\repository\dom4j\dom4j\1.6.1\dom4j-1.6.1.jar;C:\Users\Artiom\.m2\repository\commons-pool\commons-pool\1.5.4\commons-pool-1.5.4.jar;C:\Users\Artiom\.gradle\caches\modules-2\files-2.1\com.fasterxml.jackson.core\jackson-annotations\2.5.0\a2a55a3375bc1cef830ca426d68d2ea22961190e\jackson-annotations-2.5.0.jar;C:\Users\Artiom\.m2\repository\org\hamcrest\hamcrest-core\1.3\hamcrest-core-1.3.jar;C:\Users\Artiom\.gradle\caches\modules-2\files-2.1\org.springframework\spring-aop\4.1.6.RELEASE\686c13ba57d9423dede9c5d580dcadc5c67a2761\spring-aop-4.1.6.RELEASE.jar;C:\Users\Artiom\.gradle\caches\modules-2\files-2.1\org.springframework.boot\spring-boot\1.1.4.RELEASE\338574f840409cb91adbbb4adb7b7f458c213ce0\spring-boot-1.1.4.RELEASE.jar;C:\Users\Artiom\.gradle\caches\modules-2\files-2.1\org.springframework.boot\spring-boot-autoconfigure\1.1.4.RELEASE\8f1c2de4847a1456788f26df61a4639febf1a77f\spring-boot-autoconfigure-1.1.4.RELEASE.jar;C:\Users\Artiom\.gradle\caches\modules-2\files-2.1\org.springframework.boot\spring-boot-starter-logging\1.1.4.RELEASE\5525505b4e63800bc3e69313e66fd4a7a4eb9b6d\spring-boot-starter-logging-1.1.4.RELEASE.jar;C:\Users\Artiom\.m2\repository\org\yaml\snakeyaml\1.13\snakeyaml-1.13.jar;C:\Users\Artiom\.gradle\caches\modules-2\files-2.1\org.aspectj\aspectjrt\1.8.1\5e7a0fa36cc24ead36d885b9d775bb31ffa8524c\aspectjrt-1.8.1.jar;C:\Users\Artiom\.gradle\caches\modules-2\files-2.1\org.aspectj\aspectjweaver\1.8.1\da75e95c91703667b2ae20acdd3d8ee40ea7aabd\aspectjweaver-1.8.1.jar;C:\Users\Artiom\.gradle\caches\modules-2\files-2.1\org.springframework\spring-jdbc\4.0.6.RELEASE\28fa5e60c3d68132d83d9c1e7d9fccebb83c9104\spring-jdbc-4.0.6.RELEASE.jar;C:\Users\Artiom\.gradle\caches\modules-2\files-2.1\org.apache.tomcat\tomcat-jdbc\7.0.54\c325fb6d376df8bb34de0252aef2f7472658d4d7\tomcat-jdbc-7.0.54.jar;C:\Users\Artiom\.gradle\caches\modules-2\files-2.1\org.springframework\spring-tx\4.0.6.RELEASE\6b4ed868e07d58f2cf15bcd7958acd86fd4f3da4\spring-tx-4.0.6.RELEASE.jar;C:\Users\Artiom\.m2\repository\org\jboss\logging\jboss-logging\3.1.3.GA\jboss-logging-3.1.3.GA.jar;C:\Users\Artiom\.gradle\caches\modules-2\files-2.1\org.jboss.logging\jboss-logging-annotations\1.2.0.Beta1\2f437f37bb265d9f8f1392823dbca12d2bec06d6\jboss-logging-annotations-1.2.0.Beta1.jar;C:\Users\Artiom\.gradle\caches\modules-2\files-2.1\org.hibernate.common\hibernate-commons-annotations\4.0.4.Final\f1af75eca4e13ac0578750a497159695feceebfc\hibernate-commons-annotations-4.0.4.Final.jar;C:\Users\Artiom\.gradle\caches\modules-2\files-2.1\org.hibernate.javax.persistence\hibernate-jpa-2.1-api\1.0.0.Final\5e731d961297e5a07290bfaf3db1fbc8bbbf405a\hibernate-jpa-2.1-api-1.0.0.Final.jar;C:\Users\Artiom\.gradle\caches\modules-2\files-2.1\org.jboss.spec.javax.transaction\jboss-transaction-api_1.2_spec\1.0.0.Final\1f9fef7a9fcbb41cc390fc370a291cf30729e094\jboss-transaction-api_1.2_spec-1.0.0.Final.jar;C:\Users\Artiom\.gradle\caches\modules-2\files-2.1\org.javassist\javassist\3.18.1-GA\d9a09f7732226af26bf99f19e2cffe0ae219db5b\javassist-3.18.1-GA.jar;C:\Users\Artiom\.gradle\caches\modules-2\files-2.1\org.springframework.data\spring-data-commons\1.8.1.RELEASE\add55d3fa4046f096567e08aee504b1baac25a29\spring-data-commons-1.8.1.RELEASE.jar;C:\Users\Artiom\.m2\repository\org\slf4j\jcl-over-slf4j\1.7.7\jcl-over-slf4j-1.7.7.jar;C:\Users\Artiom\.m2\repository\xml-apis\xml-apis\1.0.b2\xml-apis-1.0.b2.jar;C:\Users\Artiom\.m2\repository\org\slf4j\jul-to-slf4j\1.7.7\jul-to-slf4j-1.7.7.jar;C:\Users\Artiom\.m2\repository\org\slf4j\log4j-over-slf4j\1.7.7\log4j-over-slf4j-1.7.7.jar;C:\Users\Artiom\.gradle\caches\modules-2\files-2.1\org.apache.tomcat\tomcat-juli\7.0.54\b1ab768678cb729831ed6ae926a90ab6f0974a60\tomcat-juli-7.0.54.jar;C:\Users\Artiom\.gradle\caches\modules-2\files-2.1\org.springframework\spring-core\4.2.3.RELEASE\3ed00dad7a16b2a28df9348294f6a67151f43cf6\spring-core-4.2.3.RELEASE.jar;C:\Users\Artiom\.gradle\caches\modules-2\files-2.1\commons-logging\commons-logging\1.2\4bfc12adfe4842bf07b657f0369c4cb522955686\commons-logging-1.2.jar;C:\Users\Artiom\.m2\repository\aopalliance\aopalliance\1.0\aopalliance-1.0.jar;C:\Users\Artiom\.gradle\caches\modules-2\files-2.1\org.hibernate\hibernate-core\4.3.5.Final\8ba469a4749447a8e9a04f229c8017f60f9a04c9\hibernate-core-4.3.5.Final.jar;C:\Users\Artiom\.gradle\caches\modules-2\files-2.1\org.jboss\jandex\1.1.0.Final\e84a2122e76f0b6503be78094ddf2108057ac15f\jandex-1.1.0.Final.jar;C:\Users\Artiom\.m2\repository\antlr\antlr\2.7.7\antlr-2.7.7.jar, hibernate.bytecode.use_reflection_optimizer=false, hibernate.classLoader.application=sun.misc.Launcher$AppClassLoader@c2ea3f, java.vm.specification.version=1.7, sun.arch.data.model=32, java.home=C:\Program Files\Java\jdk1.7.0_71\jre, sun.java.command=jarjar.org.gradle.process.internal.launcher.GradleWorkerMain 'Gradle Test Executor 1', java.specification.vendor=Oracle Corporation, user.language=ru, awt.toolkit=sun.awt.windows.WToolkit, java.vm.info=mixed mode, sharing, java.version=1.7.0_71, java.ext.dirs=C:\Program Files\Java\jdk1.7.0_71\jre\lib\ext;C:\Windows\Sun\Java\lib\ext, sun.boot.class.path=C:\Program Files\Java\jdk1.7.0_71\jre\lib\resources.jar;C:\Program Files\Java\jdk1.7.0_71\jre\lib\rt.jar;C:\Program Files\Java\jdk1.7.0_71\jre\lib\sunrsasign.jar;C:\Program Files\Java\jdk1.7.0_71\jre\lib\jsse.jar;C:\Program Files\Java\jdk1.7.0_71\jre\lib\jce.jar;C:\Program Files\Java\jdk1.7.0_71\jre\lib\charsets.jar;C:\Program Files\Java\jdk1.7.0_71\jre\lib\jfr.jar;C:\Program Files\Java\jdk1.7.0_71\jre\classes, java.vendor=Oracle Corporation, org.gradle.test.worker=1, file.separator=\, java.vendor.url.bug=http://bugreport.sun.com/bugreport/, sun.cpu.endian=little, sun.io.unicode.encoding=UnicodeLittle, sun.desktop=windows, sun.cpu.isalist=}
2015-12-24 01:33:09 [Test worker] DEBUG o.h.secure.spi.JaccIntegrator - Skipping JACC integration as it was not enabled
2015-12-24 01:33:09 [Test worker] DEBUG o.h.i.f.i.DefaultIdentifierGeneratorFactory - Setting dialect [org.hibernate.dialect.PostgreSQL9Dialect]
2015-12-24 01:33:11 [Test worker] DEBUG o.h.p.entity.AbstractEntityPersister - Static SQL for entity: by.psu.baxter.entity.User
2015-12-24 01:33:11 [Test worker] DEBUG o.h.p.entity.AbstractEntityPersister -  Version select: select id from public.user where id =?
2015-12-24 01:33:11 [Test worker] DEBUG o.h.p.entity.AbstractEntityPersister -  Snapshot select: select user_.id, user_.login as login2_0_, user_.password as password3_0_ from public.user user_ where user_.id=?
2015-12-24 01:33:11 [Test worker] DEBUG o.h.p.entity.AbstractEntityPersister -  Insert 0: insert into public.user (login, password, id) values (?, ?, ?)
2015-12-24 01:33:11 [Test worker] DEBUG o.h.p.entity.AbstractEntityPersister -  Update 0: update public.user set login=?, password=? where id=?
2015-12-24 01:33:11 [Test worker] DEBUG o.h.p.entity.AbstractEntityPersister -  Delete 0: delete from public.user where id=?
2015-12-24 01:33:11 [Test worker] DEBUG o.h.p.entity.AbstractEntityPersister -  Identity insert: insert into public.user (login, password) values (?, ?)
2015-12-24 01:33:11 [Test worker] DEBUG o.h.l.p.b.i.spaces.QuerySpacesImpl - Adding QuerySpace : uid = <gen:0> -> org.hibernate.loader.plan.build.internal.spaces.EntityQuerySpaceImpl@13f5cde]
2015-12-24 01:33:11 [Test worker] DEBUG o.h.p.w.spi.MetamodelGraphWalker - Visiting attribute path : login
2015-12-24 01:33:11 [Test worker] DEBUG o.h.p.w.spi.MetamodelGraphWalker - Visiting attribute path : password
2015-12-24 01:33:11 [Test worker] DEBUG o.h.l.p.b.i.FetchStyleLoadPlanBuildingAssociationVisitationStrategy - Building LoadPlan...
2015-12-24 01:33:11 [Test worker] DEBUG o.h.l.p.e.i.LoadQueryJoinAndFetchProcessor - processing queryspace <gen:0>
2015-12-24 01:33:11 [Test worker] DEBUG o.h.l.p.b.spi.LoadPlanTreePrinter - LoadPlan(entity=by.psu.baxter.entity.User)
    - Returns
       - EntityReturnImpl(entity=by.psu.baxter.entity.User, querySpaceUid=<gen:0>, path=by.psu.baxter.entity.User)
    - QuerySpaces
       - EntityQuerySpaceImpl(uid=<gen:0>, entity=by.psu.baxter.entity.User)
          - SQL table alias mapping - user0_
          - alias suffix - 0_
          - suffixed key columns - {id1_0_0_}

2015-12-24 01:33:11 [Test worker] DEBUG o.h.loader.entity.plan.EntityLoader - Static select for entity by.psu.baxter.entity.User [NONE]: select user0_.id as id1_0_0_, user0_.login as login2_0_0_, user0_.password as password3_0_0_ from public.user user0_ where user0_.id=?
2015-12-24 01:33:11 [Test worker] DEBUG o.h.l.p.b.i.spaces.QuerySpacesImpl - Adding QuerySpace : uid = <gen:0> -> org.hibernate.loader.plan.build.internal.spaces.EntityQuerySpaceImpl@e7aa08]
2015-12-24 01:33:11 [Test worker] DEBUG o.h.p.w.spi.MetamodelGraphWalker - Visiting attribute path : login
2015-12-24 01:33:11 [Test worker] DEBUG o.h.p.w.spi.MetamodelGraphWalker - Visiting attribute path : password
2015-12-24 01:33:11 [Test worker] DEBUG o.h.l.p.b.i.FetchStyleLoadPlanBuildingAssociationVisitationStrategy - Building LoadPlan...
2015-12-24 01:33:11 [Test worker] DEBUG o.h.l.p.e.i.LoadQueryJoinAndFetchProcessor - processing queryspace <gen:0>
2015-12-24 01:33:11 [Test worker] DEBUG o.h.l.p.b.spi.LoadPlanTreePrinter - LoadPlan(entity=by.psu.baxter.entity.User)
    - Returns
       - EntityReturnImpl(entity=by.psu.baxter.entity.User, querySpaceUid=<gen:0>, path=by.psu.baxter.entity.User)
    - QuerySpaces
       - EntityQuerySpaceImpl(uid=<gen:0>, entity=by.psu.baxter.entity.User)
          - SQL table alias mapping - user0_
          - alias suffix - 0_
          - suffixed key columns - {id1_0_0_}

2015-12-24 01:33:11 [Test worker] DEBUG o.h.loader.entity.plan.EntityLoader - Static select for entity by.psu.baxter.entity.User [READ]: select user0_.id as id1_0_0_, user0_.login as login2_0_0_, user0_.password as password3_0_0_ from public.user user0_ where user0_.id=?
2015-12-24 01:33:11 [Test worker] DEBUG o.h.l.p.b.i.spaces.QuerySpacesImpl - Adding QuerySpace : uid = <gen:0> -> org.hibernate.loader.plan.build.internal.spaces.EntityQuerySpaceImpl@1e3752b]
2015-12-24 01:33:11 [Test worker] DEBUG o.h.p.w.spi.MetamodelGraphWalker - Visiting attribute path : login
2015-12-24 01:33:11 [Test worker] DEBUG o.h.p.w.spi.MetamodelGraphWalker - Visiting attribute path : password
2015-12-24 01:33:11 [Test worker] DEBUG o.h.l.p.b.i.FetchStyleLoadPlanBuildingAssociationVisitationStrategy - Building LoadPlan...
2015-12-24 01:33:11 [Test worker] DEBUG o.h.l.p.e.i.LoadQueryJoinAndFetchProcessor - processing queryspace <gen:0>
2015-12-24 01:33:11 [Test worker] DEBUG o.h.l.p.b.spi.LoadPlanTreePrinter - LoadPlan(entity=by.psu.baxter.entity.User)
    - Returns
       - EntityReturnImpl(entity=by.psu.baxter.entity.User, querySpaceUid=<gen:0>, path=by.psu.baxter.entity.User)
    - QuerySpaces
       - EntityQuerySpaceImpl(uid=<gen:0>, entity=by.psu.baxter.entity.User)
          - SQL table alias mapping - user0_
          - alias suffix - 0_
          - suffixed key columns - {id1_0_0_}

2015-12-24 01:33:11 [Test worker] DEBUG o.h.loader.entity.plan.EntityLoader - Static select for entity by.psu.baxter.entity.User [UPGRADE]: select user0_.id as id1_0_0_, user0_.login as login2_0_0_, user0_.password as password3_0_0_ from public.user user0_ where user0_.id=? for update
2015-12-24 01:33:11 [Test worker] DEBUG o.h.l.p.b.i.spaces.QuerySpacesImpl - Adding QuerySpace : uid = <gen:0> -> org.hibernate.loader.plan.build.internal.spaces.EntityQuerySpaceImpl@801c7c]
2015-12-24 01:33:11 [Test worker] DEBUG o.h.p.w.spi.MetamodelGraphWalker - Visiting attribute path : login
2015-12-24 01:33:11 [Test worker] DEBUG o.h.p.w.spi.MetamodelGraphWalker - Visiting attribute path : password
2015-12-24 01:33:11 [Test worker] DEBUG o.h.l.p.b.i.FetchStyleLoadPlanBuildingAssociationVisitationStrategy - Building LoadPlan...
2015-12-24 01:33:11 [Test worker] DEBUG o.h.l.p.e.i.LoadQueryJoinAndFetchProcessor - processing queryspace <gen:0>
2015-12-24 01:33:11 [Test worker] DEBUG o.h.l.p.b.spi.LoadPlanTreePrinter - LoadPlan(entity=by.psu.baxter.entity.User)
    - Returns
       - EntityReturnImpl(entity=by.psu.baxter.entity.User, querySpaceUid=<gen:0>, path=by.psu.baxter.entity.User)
    - QuerySpaces
       - EntityQuerySpaceImpl(uid=<gen:0>, entity=by.psu.baxter.entity.User)
          - SQL table alias mapping - user0_
          - alias suffix - 0_
          - suffixed key columns - {id1_0_0_}

2015-12-24 01:33:11 [Test worker] DEBUG o.h.loader.entity.plan.EntityLoader - Static select for entity by.psu.baxter.entity.User [UPGRADE_NOWAIT]: select user0_.id as id1_0_0_, user0_.login as login2_0_0_, user0_.password as password3_0_0_ from public.user user0_ where user0_.id=? for update nowait 
2015-12-24 01:33:11 [Test worker] DEBUG o.h.l.p.b.i.spaces.QuerySpacesImpl - Adding QuerySpace : uid = <gen:0> -> org.hibernate.loader.plan.build.internal.spaces.EntityQuerySpaceImpl@4043dd]
2015-12-24 01:33:11 [Test worker] DEBUG o.h.p.w.spi.MetamodelGraphWalker - Visiting attribute path : login
2015-12-24 01:33:11 [Test worker] DEBUG o.h.p.w.spi.MetamodelGraphWalker - Visiting attribute path : password
2015-12-24 01:33:11 [Test worker] DEBUG o.h.l.p.b.i.FetchStyleLoadPlanBuildingAssociationVisitationStrategy - Building LoadPlan...
2015-12-24 01:33:11 [Test worker] DEBUG o.h.l.p.e.i.LoadQueryJoinAndFetchProcessor - processing queryspace <gen:0>
2015-12-24 01:33:11 [Test worker] DEBUG o.h.l.p.b.spi.LoadPlanTreePrinter - LoadPlan(entity=by.psu.baxter.entity.User)
    - Returns
       - EntityReturnImpl(entity=by.psu.baxter.entity.User, querySpaceUid=<gen:0>, path=by.psu.baxter.entity.User)
    - QuerySpaces
       - EntityQuerySpaceImpl(uid=<gen:0>, entity=by.psu.baxter.entity.User)
          - SQL table alias mapping - user0_
          - alias suffix - 0_
          - suffixed key columns - {id1_0_0_}

2015-12-24 01:33:11 [Test worker] DEBUG o.h.loader.entity.plan.EntityLoader - Static select for entity by.psu.baxter.entity.User [UPGRADE_SKIPLOCKED]: select user0_.id as id1_0_0_, user0_.login as login2_0_0_, user0_.password as password3_0_0_ from public.user user0_ where user0_.id=? for update
2015-12-24 01:33:11 [Test worker] DEBUG o.h.l.p.b.i.spaces.QuerySpacesImpl - Adding QuerySpace : uid = <gen:0> -> org.hibernate.loader.plan.build.internal.spaces.EntityQuerySpaceImpl@147154c]
2015-12-24 01:33:11 [Test worker] DEBUG o.h.p.w.spi.MetamodelGraphWalker - Visiting attribute path : login
2015-12-24 01:33:11 [Test worker] DEBUG o.h.p.w.spi.MetamodelGraphWalker - Visiting attribute path : password
2015-12-24 01:33:11 [Test worker] DEBUG o.h.l.p.b.i.FetchStyleLoadPlanBuildingAssociationVisitationStrategy - Building LoadPlan...
2015-12-24 01:33:11 [Test worker] DEBUG o.h.l.p.e.i.LoadQueryJoinAndFetchProcessor - processing queryspace <gen:0>
2015-12-24 01:33:11 [Test worker] DEBUG o.h.l.p.b.spi.LoadPlanTreePrinter - LoadPlan(entity=by.psu.baxter.entity.User)
    - Returns
       - EntityReturnImpl(entity=by.psu.baxter.entity.User, querySpaceUid=<gen:0>, path=by.psu.baxter.entity.User)
    - QuerySpaces
       - EntityQuerySpaceImpl(uid=<gen:0>, entity=by.psu.baxter.entity.User)
          - SQL table alias mapping - user0_
          - alias suffix - 0_
          - suffixed key columns - {id1_0_0_}

2015-12-24 01:33:11 [Test worker] DEBUG o.h.loader.entity.plan.EntityLoader - Static select for entity by.psu.baxter.entity.User [FORCE]: select user0_.id as id1_0_0_, user0_.login as login2_0_0_, user0_.password as password3_0_0_ from public.user user0_ where user0_.id=? for update nowait 
2015-12-24 01:33:11 [Test worker] DEBUG o.h.l.p.b.i.spaces.QuerySpacesImpl - Adding QuerySpace : uid = <gen:0> -> org.hibernate.loader.plan.build.internal.spaces.EntityQuerySpaceImpl@11fc108]
2015-12-24 01:33:11 [Test worker] DEBUG o.h.p.w.spi.MetamodelGraphWalker - Visiting attribute path : login
2015-12-24 01:33:11 [Test worker] DEBUG o.h.p.w.spi.MetamodelGraphWalker - Visiting attribute path : password
2015-12-24 01:33:11 [Test worker] DEBUG o.h.l.p.b.i.FetchStyleLoadPlanBuildingAssociationVisitationStrategy - Building LoadPlan...
2015-12-24 01:33:11 [Test worker] DEBUG o.h.l.p.e.i.LoadQueryJoinAndFetchProcessor - processing queryspace <gen:0>
2015-12-24 01:33:11 [Test worker] DEBUG o.h.l.p.b.spi.LoadPlanTreePrinter - LoadPlan(entity=by.psu.baxter.entity.User)
    - Returns
       - EntityReturnImpl(entity=by.psu.baxter.entity.User, querySpaceUid=<gen:0>, path=by.psu.baxter.entity.User)
    - QuerySpaces
       - EntityQuerySpaceImpl(uid=<gen:0>, entity=by.psu.baxter.entity.User)
          - SQL table alias mapping - user0_
          - alias suffix - 0_
          - suffixed key columns - {id1_0_0_}

2015-12-24 01:33:11 [Test worker] DEBUG o.h.loader.entity.plan.EntityLoader - Static select for entity by.psu.baxter.entity.User [PESSIMISTIC_READ]: select user0_.id as id1_0_0_, user0_.login as login2_0_0_, user0_.password as password3_0_0_ from public.user user0_ where user0_.id=? for share
2015-12-24 01:33:11 [Test worker] DEBUG o.h.l.p.b.i.spaces.QuerySpacesImpl - Adding QuerySpace : uid = <gen:0> -> org.hibernate.loader.plan.build.internal.spaces.EntityQuerySpaceImpl@406d07]
2015-12-24 01:33:11 [Test worker] DEBUG o.h.p.w.spi.MetamodelGraphWalker - Visiting attribute path : login
2015-12-24 01:33:11 [Test worker] DEBUG o.h.p.w.spi.MetamodelGraphWalker - Visiting attribute path : password
2015-12-24 01:33:11 [Test worker] DEBUG o.h.l.p.b.i.FetchStyleLoadPlanBuildingAssociationVisitationStrategy - Building LoadPlan...
2015-12-24 01:33:11 [Test worker] DEBUG o.h.l.p.e.i.LoadQueryJoinAndFetchProcessor - processing queryspace <gen:0>
2015-12-24 01:33:11 [Test worker] DEBUG o.h.l.p.b.spi.LoadPlanTreePrinter - LoadPlan(entity=by.psu.baxter.entity.User)
    - Returns
       - EntityReturnImpl(entity=by.psu.baxter.entity.User, querySpaceUid=<gen:0>, path=by.psu.baxter.entity.User)
    - QuerySpaces
       - EntityQuerySpaceImpl(uid=<gen:0>, entity=by.psu.baxter.entity.User)
          - SQL table alias mapping - user0_
          - alias suffix - 0_
          - suffixed key columns - {id1_0_0_}

2015-12-24 01:33:11 [Test worker] DEBUG o.h.loader.entity.plan.EntityLoader - Static select for entity by.psu.baxter.entity.User [PESSIMISTIC_WRITE]: select user0_.id as id1_0_0_, user0_.login as login2_0_0_, user0_.password as password3_0_0_ from public.user user0_ where user0_.id=? for update
2015-12-24 01:33:11 [Test worker] DEBUG o.h.l.p.b.i.spaces.QuerySpacesImpl - Adding QuerySpace : uid = <gen:0> -> org.hibernate.loader.plan.build.internal.spaces.EntityQuerySpaceImpl@2e825b]
2015-12-24 01:33:11 [Test worker] DEBUG o.h.p.w.spi.MetamodelGraphWalker - Visiting attribute path : login
2015-12-24 01:33:11 [Test worker] DEBUG o.h.p.w.spi.MetamodelGraphWalker - Visiting attribute path : password
2015-12-24 01:33:11 [Test worker] DEBUG o.h.l.p.b.i.FetchStyleLoadPlanBuildingAssociationVisitationStrategy - Building LoadPlan...
2015-12-24 01:33:11 [Test worker] DEBUG o.h.l.p.e.i.LoadQueryJoinAndFetchProcessor - processing queryspace <gen:0>
2015-12-24 01:33:11 [Test worker] DEBUG o.h.l.p.b.spi.LoadPlanTreePrinter - LoadPlan(entity=by.psu.baxter.entity.User)
    - Returns
       - EntityReturnImpl(entity=by.psu.baxter.entity.User, querySpaceUid=<gen:0>, path=by.psu.baxter.entity.User)
    - QuerySpaces
       - EntityQuerySpaceImpl(uid=<gen:0>, entity=by.psu.baxter.entity.User)
          - SQL table alias mapping - user0_
          - alias suffix - 0_
          - suffixed key columns - {id1_0_0_}

2015-12-24 01:33:11 [Test worker] DEBUG o.h.loader.entity.plan.EntityLoader - Static select for entity by.psu.baxter.entity.User [PESSIMISTIC_FORCE_INCREMENT]: select user0_.id as id1_0_0_, user0_.login as login2_0_0_, user0_.password as password3_0_0_ from public.user user0_ where user0_.id=? for update nowait 
2015-12-24 01:33:11 [Test worker] DEBUG o.h.l.p.b.i.spaces.QuerySpacesImpl - Adding QuerySpace : uid = <gen:0> -> org.hibernate.loader.plan.build.internal.spaces.EntityQuerySpaceImpl@eef224]
2015-12-24 01:33:11 [Test worker] DEBUG o.h.p.w.spi.MetamodelGraphWalker - Visiting attribute path : login
2015-12-24 01:33:11 [Test worker] DEBUG o.h.p.w.spi.MetamodelGraphWalker - Visiting attribute path : password
2015-12-24 01:33:11 [Test worker] DEBUG o.h.l.p.b.i.FetchStyleLoadPlanBuildingAssociationVisitationStrategy - Building LoadPlan...
2015-12-24 01:33:11 [Test worker] DEBUG o.h.l.p.e.i.LoadQueryJoinAndFetchProcessor - processing queryspace <gen:0>
2015-12-24 01:33:11 [Test worker] DEBUG o.h.l.p.b.spi.LoadPlanTreePrinter - LoadPlan(entity=by.psu.baxter.entity.User)
    - Returns
       - EntityReturnImpl(entity=by.psu.baxter.entity.User, querySpaceUid=<gen:0>, path=by.psu.baxter.entity.User)
    - QuerySpaces
       - EntityQuerySpaceImpl(uid=<gen:0>, entity=by.psu.baxter.entity.User)
          - SQL table alias mapping - user0_
          - alias suffix - 0_
          - suffixed key columns - {id1_0_0_}

2015-12-24 01:33:11 [Test worker] DEBUG o.h.loader.entity.plan.EntityLoader - Static select for entity by.psu.baxter.entity.User [OPTIMISTIC]: select user0_.id as id1_0_0_, user0_.login as login2_0_0_, user0_.password as password3_0_0_ from public.user user0_ where user0_.id=?
2015-12-24 01:33:11 [Test worker] DEBUG o.h.l.p.b.i.spaces.QuerySpacesImpl - Adding QuerySpace : uid = <gen:0> -> org.hibernate.loader.plan.build.internal.spaces.EntityQuerySpaceImpl@48e2ff]
2015-12-24 01:33:11 [Test worker] DEBUG o.h.p.w.spi.MetamodelGraphWalker - Visiting attribute path : login
2015-12-24 01:33:11 [Test worker] DEBUG o.h.p.w.spi.MetamodelGraphWalker - Visiting attribute path : password
2015-12-24 01:33:11 [Test worker] DEBUG o.h.l.p.b.i.FetchStyleLoadPlanBuildingAssociationVisitationStrategy - Building LoadPlan...
2015-12-24 01:33:11 [Test worker] DEBUG o.h.l.p.e.i.LoadQueryJoinAndFetchProcessor - processing queryspace <gen:0>
2015-12-24 01:33:11 [Test worker] DEBUG o.h.l.p.b.spi.LoadPlanTreePrinter - LoadPlan(entity=by.psu.baxter.entity.User)
    - Returns
       - EntityReturnImpl(entity=by.psu.baxter.entity.User, querySpaceUid=<gen:0>, path=by.psu.baxter.entity.User)
    - QuerySpaces
       - EntityQuerySpaceImpl(uid=<gen:0>, entity=by.psu.baxter.entity.User)
          - SQL table alias mapping - user0_
          - alias suffix - 0_
          - suffixed key columns - {id1_0_0_}

2015-12-24 01:33:11 [Test worker] DEBUG o.h.loader.entity.plan.EntityLoader - Static select for entity by.psu.baxter.entity.User [OPTIMISTIC_FORCE_INCREMENT]: select user0_.id as id1_0_0_, user0_.login as login2_0_0_, user0_.password as password3_0_0_ from public.user user0_ where user0_.id=?
2015-12-24 01:33:11 [Test worker] DEBUG org.hibernate.loader.Loader - Static select for action ACTION_MERGE on entity by.psu.baxter.entity.User: select user0_.id as id1_0_0_, user0_.login as login2_0_0_, user0_.password as password3_0_0_ from public.user user0_ where user0_.id=?
2015-12-24 01:33:11 [Test worker] DEBUG org.hibernate.loader.Loader - Static select for action ACTION_REFRESH on entity by.psu.baxter.entity.User: select user0_.id as id1_0_0_, user0_.login as login2_0_0_, user0_.password as password3_0_0_ from public.user user0_ where user0_.id=?
2015-12-24 01:33:12 [Test worker] DEBUG o.h.internal.SessionFactoryRegistry - Initializing SessionFactoryRegistry : org.hibernate.internal.SessionFactoryRegistry@c1e84f
2015-12-24 01:33:12 [Test worker] DEBUG o.h.internal.SessionFactoryRegistry - Registering SessionFactory: e465e7bc-e667-47e0-b006-bf51525394cd (<unnamed>)
2015-12-24 01:33:12 [Test worker] DEBUG o.h.internal.SessionFactoryRegistry - Not binding SessionFactory to JNDI, no JNDI name configured
2015-12-24 01:33:12 [Test worker] DEBUG o.h.internal.SessionFactoryImpl - Instantiated session factory
2015-12-24 01:33:12 [Test worker] DEBUG o.h.internal.NamedQueryRepository - Checking 0 named HQL queries
2015-12-24 01:33:12 [Test worker] DEBUG o.h.internal.NamedQueryRepository - Checking 0 named SQL queries
2015-12-24 01:33:12 [Test worker] DEBUG o.h.s.internal.StatisticsInitiator - Statistics initialized [enabled=false]
2015-12-24 01:33:12 [Test worker] DEBUG o.s.b.f.s.DefaultListableBeanFactory - Returning cached instance of singleton bean 'org.springframework.aop.support.DefaultBeanFactoryPointcutAdvisor#0'
2015-12-24 01:33:12 [Test worker] DEBUG o.s.b.f.s.DefaultListableBeanFactory - Returning cached instance of singleton bean 'org.springframework.aop.support.DefaultBeanFactoryPointcutAdvisor#0'
2015-12-24 01:33:12 [Test worker] DEBUG o.s.b.f.s.DefaultListableBeanFactory - Finished creating instance of bean 'sessionFactory'
2015-12-24 01:33:12 [Test worker] DEBUG o.s.b.f.s.DefaultListableBeanFactory - Returning cached instance of singleton bean 'org.springframework.aop.support.DefaultBeanFactoryPointcutAdvisor#0'
2015-12-24 01:33:12 [Test worker] DEBUG o.s.b.f.s.DefaultListableBeanFactory - Returning cached instance of singleton bean 'org.springframework.aop.support.DefaultBeanFactoryPointcutAdvisor#0'
2015-12-24 01:33:12 [Test worker] DEBUG o.s.b.f.a.AutowiredAnnotationBeanPostProcessor - Autowiring by type from bean name 'userDaoImpl' to bean named 'sessionFactory'
2015-12-24 01:33:12 [Test worker] DEBUG o.s.b.f.s.DefaultListableBeanFactory - Returning cached instance of singleton bean 'org.springframework.aop.support.DefaultBeanFactoryPointcutAdvisor#0'
2015-12-24 01:33:12 [Test worker] DEBUG o.s.b.f.s.DefaultListableBeanFactory - Returning cached instance of singleton bean 'org.springframework.aop.support.DefaultBeanFactoryPointcutAdvisor#0'
2015-12-24 01:33:12 [Test worker] DEBUG o.s.b.f.s.DefaultListableBeanFactory - Finished creating instance of bean 'userDaoImpl'
2015-12-24 01:33:12 [Test worker] DEBUG o.s.b.f.s.DefaultListableBeanFactory - Creating shared instance of singleton bean 'userServiceImpl'
2015-12-24 01:33:12 [Test worker] DEBUG o.s.b.f.s.DefaultListableBeanFactory - Creating instance of bean 'userServiceImpl'
2015-12-24 01:33:12 [Test worker] DEBUG o.s.b.f.s.DefaultListableBeanFactory - Returning cached instance of singleton bean 'org.springframework.aop.support.DefaultBeanFactoryPointcutAdvisor#0'
2015-12-24 01:33:12 [Test worker] DEBUG o.s.b.f.annotation.InjectionMetadata - Registered injected element on class [by.psu.baxter.service.UserServiceImpl]: AutowiredFieldElement for private by.psu.baxter.dao.UserDao by.psu.baxter.service.UserServiceImpl.userDao
2015-12-24 01:33:12 [Test worker] DEBUG o.s.b.f.s.DefaultListableBeanFactory - Eagerly caching bean 'userServiceImpl' to allow for resolving potential circular references
2015-12-24 01:33:12 [Test worker] DEBUG o.s.b.f.annotation.InjectionMetadata - Processing injected element of bean 'userServiceImpl': AutowiredFieldElement for private by.psu.baxter.dao.UserDao by.psu.baxter.service.UserServiceImpl.userDao
2015-12-24 01:33:12 [Test worker] DEBUG o.s.b.f.s.DefaultListableBeanFactory - Returning cached instance of singleton bean 'userDaoImpl'
2015-12-24 01:33:12 [Test worker] DEBUG o.s.b.f.a.AutowiredAnnotationBeanPostProcessor - Autowiring by type from bean name 'userServiceImpl' to bean named 'userDaoImpl'
2015-12-24 01:33:12 [Test worker] DEBUG o.s.b.f.s.DefaultListableBeanFactory - Returning cached instance of singleton bean 'org.springframework.aop.support.DefaultBeanFactoryPointcutAdvisor#0'
2015-12-24 01:33:12 [Test worker] DEBUG o.s.b.f.s.DefaultListableBeanFactory - Returning cached instance of singleton bean 'org.springframework.aop.support.DefaultBeanFactoryPointcutAdvisor#0'
2015-12-24 01:33:12 [Test worker] DEBUG o.s.b.f.s.DefaultListableBeanFactory - Creating shared instance of singleton bean 'txAdvice'
2015-12-24 01:33:12 [Test worker] DEBUG o.s.b.f.s.DefaultListableBeanFactory - Creating instance of bean 'txAdvice'
2015-12-24 01:33:12 [Test worker] DEBUG o.s.b.f.s.DefaultListableBeanFactory - Eagerly caching bean 'txAdvice' to allow for resolving potential circular references
2015-12-24 01:33:12 [Test worker] DEBUG o.s.b.f.s.DefaultListableBeanFactory - Creating shared instance of singleton bean 'transactionManager'
2015-12-24 01:33:12 [Test worker] DEBUG o.s.b.f.s.DefaultListableBeanFactory - Creating instance of bean 'transactionManager'
2015-12-24 01:33:12 [Test worker] DEBUG o.s.b.f.s.DefaultListableBeanFactory - Returning cached instance of singleton bean 'org.springframework.aop.support.DefaultBeanFactoryPointcutAdvisor#0'
2015-12-24 01:33:12 [Test worker] DEBUG o.s.b.f.s.DefaultListableBeanFactory - Eagerly caching bean 'transactionManager' to allow for resolving potential circular references
2015-12-24 01:33:12 [Test worker] DEBUG o.s.b.f.s.DefaultListableBeanFactory - Returning cached instance of singleton bean 'dataSource'
2015-12-24 01:33:12 [Test worker] DEBUG o.s.b.f.s.DefaultListableBeanFactory - Returning cached instance of singleton bean 'sessionFactory'
2015-12-24 01:33:12 [Test worker] DEBUG o.s.b.f.s.DefaultListableBeanFactory - Invoking afterPropertiesSet() on bean with name 'transactionManager'
2015-12-24 01:33:12 [Test worker] DEBUG o.s.b.f.s.DefaultListableBeanFactory - Returning cached instance of singleton bean 'org.springframework.aop.support.DefaultBeanFactoryPointcutAdvisor#0'
2015-12-24 01:33:12 [Test worker] DEBUG o.s.b.f.s.DefaultListableBeanFactory - Returning cached instance of singleton bean 'org.springframework.aop.support.DefaultBeanFactoryPointcutAdvisor#0'
2015-12-24 01:33:12 [Test worker] DEBUG o.s.b.f.s.DefaultListableBeanFactory - Finished creating instance of bean 'transactionManager'
2015-12-24 01:33:12 [Test worker] DEBUG o.s.b.f.s.DefaultListableBeanFactory - Creating instance of bean '(inner bean)#f32c0d'
2015-12-24 01:33:12 [Test worker] DEBUG o.s.b.f.s.DefaultListableBeanFactory - Returning cached instance of singleton bean 'org.springframework.aop.support.DefaultBeanFactoryPointcutAdvisor#0'
2015-12-24 01:33:12 [Test worker] DEBUG o.s.t.i.NameMatchTransactionAttributeSource - Adding transactional method [*] with attribute [PROPAGATION_REQUIRED,ISOLATION_DEFAULT]
2015-12-24 01:33:12 [Test worker] DEBUG o.s.b.f.s.DefaultListableBeanFactory - Returning cached instance of singleton bean 'org.springframework.aop.support.DefaultBeanFactoryPointcutAdvisor#0'
2015-12-24 01:33:12 [Test worker] DEBUG o.s.b.f.s.DefaultListableBeanFactory - Returning cached instance of singleton bean 'org.springframework.aop.support.DefaultBeanFactoryPointcutAdvisor#0'
2015-12-24 01:33:12 [Test worker] DEBUG o.s.b.f.s.DefaultListableBeanFactory - Finished creating instance of bean '(inner bean)#f32c0d'
2015-12-24 01:33:12 [Test worker] DEBUG o.s.b.f.s.DefaultListableBeanFactory - Invoking afterPropertiesSet() on bean with name 'txAdvice'
2015-12-24 01:33:12 [Test worker] DEBUG o.s.b.f.s.DefaultListableBeanFactory - Finished creating instance of bean 'txAdvice'
2015-12-24 01:33:12 [Test worker] DEBUG o.s.a.a.a.AnnotationAwareAspectJAutoProxyCreator - Creating implicit proxy for bean 'userServiceImpl' with 0 common interceptors and 2 specific interceptors
2015-12-24 01:33:13 [Test worker] DEBUG o.s.aop.framework.JdkDynamicAopProxy - Creating JDK dynamic proxy: target source is SingletonTargetSource for target object [by.psu.baxter.service.UserServiceImpl@94356f]
2015-12-24 01:33:13 [Test worker] DEBUG o.s.b.f.s.DefaultListableBeanFactory - Finished creating instance of bean 'userServiceImpl'
2015-12-24 01:33:13 [Test worker] DEBUG o.s.b.f.s.DefaultListableBeanFactory - Creating shared instance of singleton bean 'indexController'
2015-12-24 01:33:13 [Test worker] DEBUG o.s.b.f.s.DefaultListableBeanFactory - Creating instance of bean 'indexController'
2015-12-24 01:33:13 [Test worker] DEBUG o.s.b.f.s.DefaultListableBeanFactory - Returning cached instance of singleton bean 'org.springframework.aop.support.DefaultBeanFactoryPointcutAdvisor#0'
2015-12-24 01:33:13 [Test worker] DEBUG o.s.b.f.s.DefaultListableBeanFactory - Eagerly caching bean 'indexController' to allow for resolving potential circular references
2015-12-24 01:33:13 [Test worker] DEBUG o.s.b.f.s.DefaultListableBeanFactory - Returning cached instance of singleton bean 'org.springframework.aop.support.DefaultBeanFactoryPointcutAdvisor#0'
2015-12-24 01:33:13 [Test worker] DEBUG o.s.b.f.s.DefaultListableBeanFactory - Returning cached instance of singleton bean 'org.springframework.aop.support.DefaultBeanFactoryPointcutAdvisor#0'
2015-12-24 01:33:13 [Test worker] DEBUG o.s.b.f.s.DefaultListableBeanFactory - Finished creating instance of bean 'indexController'
2015-12-24 01:33:13 [Test worker] DEBUG o.s.b.f.s.DefaultListableBeanFactory - Creating shared instance of singleton bean 'userController'
2015-12-24 01:33:13 [Test worker] DEBUG o.s.b.f.s.DefaultListableBeanFactory - Creating instance of bean 'userController'
2015-12-24 01:33:13 [Test worker] DEBUG o.s.b.f.s.DefaultListableBeanFactory - Returning cached instance of singleton bean 'org.springframework.aop.support.DefaultBeanFactoryPointcutAdvisor#0'
2015-12-24 01:33:13 [Test worker] DEBUG o.s.b.f.annotation.InjectionMetadata - Registered injected element on class [by.psu.baxter.web.UserController]: AutowiredFieldElement for private by.psu.baxter.service.UserService by.psu.baxter.web.UserController.userService
2015-12-24 01:33:13 [Test worker] DEBUG o.s.b.f.s.DefaultListableBeanFactory - Eagerly caching bean 'userController' to allow for resolving potential circular references
2015-12-24 01:33:13 [Test worker] DEBUG o.s.b.f.annotation.InjectionMetadata - Processing injected element of bean 'userController': AutowiredFieldElement for private by.psu.baxter.service.UserService by.psu.baxter.web.UserController.userService
2015-12-24 01:33:13 [Test worker] DEBUG o.s.b.f.s.DefaultListableBeanFactory - Returning cached instance of singleton bean 'userServiceImpl'
2015-12-24 01:33:13 [Test worker] DEBUG o.s.b.f.a.AutowiredAnnotationBeanPostProcessor - Autowiring by type from bean name 'userController' to bean named 'userServiceImpl'
2015-12-24 01:33:13 [Test worker] DEBUG o.s.b.f.s.DefaultListableBeanFactory - Returning cached instance of singleton bean 'org.springframework.aop.support.DefaultBeanFactoryPointcutAdvisor#0'
2015-12-24 01:33:13 [Test worker] DEBUG o.s.b.f.s.DefaultListableBeanFactory - Returning cached instance of singleton bean 'org.springframework.aop.support.DefaultBeanFactoryPointcutAdvisor#0'
2015-12-24 01:33:13 [Test worker] DEBUG o.s.b.f.s.DefaultListableBeanFactory - Finished creating instance of bean 'userController'
2015-12-24 01:33:13 [Test worker] DEBUG o.s.b.f.s.DefaultListableBeanFactory - Returning cached instance of singleton bean 'org.springframework.context.annotation.internalConfigurationAnnotationProcessor'
2015-12-24 01:33:13 [Test worker] DEBUG o.s.b.f.s.DefaultListableBeanFactory - Returning cached instance of singleton bean 'org.springframework.context.annotation.internalAutowiredAnnotationProcessor'
2015-12-24 01:33:13 [Test worker] DEBUG o.s.b.f.s.DefaultListableBeanFactory - Returning cached instance of singleton bean 'org.springframework.context.annotation.internalRequiredAnnotationProcessor'
2015-12-24 01:33:13 [Test worker] DEBUG o.s.b.f.s.DefaultListableBeanFactory - Returning cached instance of singleton bean 'org.springframework.context.annotation.internalCommonAnnotationProcessor'
2015-12-24 01:33:13 [Test worker] DEBUG o.s.b.f.s.DefaultListableBeanFactory - Returning cached instance of singleton bean 'org.springframework.context.annotation.internalPersistenceAnnotationProcessor'
2015-12-24 01:33:13 [Test worker] DEBUG o.s.b.f.s.DefaultListableBeanFactory - Returning cached instance of singleton bean 'dataSource'
2015-12-24 01:33:13 [Test worker] DEBUG o.s.b.f.s.DefaultListableBeanFactory - Returning cached instance of singleton bean 'sessionFactory'
2015-12-24 01:33:13 [Test worker] DEBUG o.s.b.f.s.DefaultListableBeanFactory - Returning cached instance of singleton bean 'txAdvice'
2015-12-24 01:33:13 [Test worker] DEBUG o.s.b.f.s.DefaultListableBeanFactory - Returning cached instance of singleton bean 'org.springframework.aop.config.internalAutoProxyCreator'
2015-12-24 01:33:13 [Test worker] DEBUG o.s.b.f.s.DefaultListableBeanFactory - Returning cached instance of singleton bean 'org.springframework.aop.support.DefaultBeanFactoryPointcutAdvisor#0'
2015-12-24 01:33:13 [Test worker] DEBUG o.s.b.f.s.DefaultListableBeanFactory - Returning cached instance of singleton bean 'transactionManager'
2015-12-24 01:33:13 [Test worker] DEBUG o.s.b.f.s.DefaultListableBeanFactory - Returning cached instance of singleton bean 'org.springframework.context.annotation.ConfigurationClassPostProcessor.importAwareProcessor'
2015-12-24 01:33:13 [Test worker] DEBUG o.s.b.f.s.DefaultListableBeanFactory - Returning cached instance of singleton bean 'org.springframework.context.annotation.ConfigurationClassPostProcessor.enhancedConfigurationProcessor'
2015-12-24 01:33:13 [Test worker] DEBUG o.s.c.s.GenericApplicationContext - Unable to locate LifecycleProcessor with name 'lifecycleProcessor': using default [org.springframework.context.support.DefaultLifecycleProcessor@713caa]
2015-12-24 01:33:13 [Test worker] DEBUG o.s.b.f.s.DefaultListableBeanFactory - Returning cached instance of singleton bean 'lifecycleProcessor'
2015-12-24 01:33:13 [Test worker] DEBUG o.s.c.e.PropertySourcesPropertyResolver - Searching for key 'spring.liveBeansView.mbeanDomain' in [systemProperties]
2015-12-24 01:33:13 [Test worker] DEBUG o.s.c.e.PropertySourcesPropertyResolver - Searching for key 'spring.liveBeansView.mbeanDomain' in [systemEnvironment]
2015-12-24 01:33:13 [Test worker] DEBUG o.s.c.e.PropertySourcesPropertyResolver - Could not find key 'spring.liveBeansView.mbeanDomain' in any property source. Returning [null]
2015-12-24 01:33:13 [Test worker] DEBUG o.s.t.c.c.DefaultCacheAwareContextLoaderDelegate - Storing ApplicationContext in cache under key [[MergedContextConfiguration@ac6995 testClass = UserServiceTest, locations = '{classpath:spring/spring-core-config.xml}', classes = '{}', contextInitializerClasses = '[]', activeProfiles = '{}', propertySourceLocations = '{}', propertySourceProperties = '{}', contextLoader = 'org.springframework.test.context.support.DelegatingSmartContextLoader', parent = [null]]]
2015-12-24 01:33:13 [Test worker] DEBUG o.springframework.test.context.cache - Spring test ApplicationContext cache statistics: [DefaultContextCache@161a4cf size = 1, parentContextCount = 0, hitCount = 0, missCount = 1]
2015-12-24 01:33:13 [Test worker] DEBUG o.s.b.f.annotation.InjectionMetadata - Processing injected element of bean 'UserServiceTest': AutowiredFieldElement for private by.psu.baxter.service.UserService UserServiceTest.userService
2015-12-24 01:33:13 [Test worker] DEBUG o.s.b.f.s.DefaultListableBeanFactory - Returning cached instance of singleton bean 'userServiceImpl'
2015-12-24 01:33:13 [Test worker] DEBUG o.s.b.f.a.AutowiredAnnotationBeanPostProcessor - Autowiring by type from bean name 'UserServiceTest' to bean named 'userServiceImpl'
2015-12-24 01:33:13 [Test worker] DEBUG o.s.b.f.s.DefaultListableBeanFactory - Returning cached instance of singleton bean 'org.springframework.aop.support.DefaultBeanFactoryPointcutAdvisor#0'
2015-12-24 01:33:13 [Test worker] DEBUG o.s.b.f.s.DefaultListableBeanFactory - Returning cached instance of singleton bean 'org.springframework.aop.support.DefaultBeanFactoryPointcutAdvisor#0'
2015-12-24 01:33:13 [Test worker] DEBUG o.s.t.c.s.AbstractDirtiesContextTestExecutionListener - Before test method: context [DefaultTestContext@104ee8 testClass = UserServiceTest, testInstance = UserServiceTest@e902fd, testMethod = testCreate@UserServiceTest, testException = [null], mergedContextConfiguration = [MergedContextConfiguration@ac6995 testClass = UserServiceTest, locations = '{classpath:spring/spring-core-config.xml}', classes = '{}', contextInitializerClasses = '[]', activeProfiles = '{}', propertySourceLocations = '{}', propertySourceProperties = '{}', contextLoader = 'org.springframework.test.context.support.DelegatingSmartContextLoader', parent = [null]]], class annotated with @DirtiesContext [false] with mode [null], method annotated with @DirtiesContext [false] with mode [null].
2015-12-24 01:33:13 [Test worker] DEBUG o.s.t.a.AnnotationTransactionAttributeSource - Adding transactional method 'UserServiceTest.testCreate' with attribute: PROPAGATION_REQUIRED,ISOLATION_DEFAULT
2015-12-24 01:33:13 [Test worker] DEBUG o.s.t.c.t.TransactionalTestExecutionListener - Explicit transaction definition [PROPAGATION_REQUIRED,ISOLATION_DEFAULT] found for test context [DefaultTestContext@104ee8 testClass = UserServiceTest, testInstance = UserServiceTest@e902fd, testMethod = testCreate@UserServiceTest, testException = [null], mergedContextConfiguration = [MergedContextConfiguration@ac6995 testClass = UserServiceTest, locations = '{classpath:spring/spring-core-config.xml}', classes = '{}', contextInitializerClasses = '[]', activeProfiles = '{}', propertySourceLocations = '{}', propertySourceProperties = '{}', contextLoader = 'org.springframework.test.context.support.DelegatingSmartContextLoader', parent = [null]]]
2015-12-24 01:33:13 [Test worker] DEBUG o.s.t.c.t.TransactionalTestExecutionListener - Retrieved @TransactionConfiguration [null] for test class [UserServiceTest].
2015-12-24 01:33:13 [Test worker] DEBUG o.s.t.c.t.TransactionalTestExecutionListener - Using TransactionConfigurationAttributes [TransactionConfigurationAttributes@d1ba70 transactionManagerName = '', defaultRollback = true] for test class [UserServiceTest].
2015-12-24 01:33:13 [Test worker] DEBUG o.s.t.c.c.DefaultCacheAwareContextLoaderDelegate - Retrieved ApplicationContext from cache with key [[MergedContextConfiguration@ac6995 testClass = UserServiceTest, locations = '{classpath:spring/spring-core-config.xml}', classes = '{}', contextInitializerClasses = '[]', activeProfiles = '{}', propertySourceLocations = '{}', propertySourceProperties = '{}', contextLoader = 'org.springframework.test.context.support.DelegatingSmartContextLoader', parent = [null]]]
2015-12-24 01:33:13 [Test worker] DEBUG o.springframework.test.context.cache - Spring test ApplicationContext cache statistics: [DefaultContextCache@161a4cf size = 1, parentContextCount = 0, hitCount = 1, missCount = 1]
2015-12-24 01:33:13 [Test worker] DEBUG o.s.b.f.s.DefaultListableBeanFactory - Returning cached instance of singleton bean 'transactionManager'
2015-12-24 01:33:13 [Test worker] DEBUG o.s.t.c.t.TransactionalTestExecutionListener - No method-level @Rollback override: using default rollback [true] for test context [DefaultTestContext@104ee8 testClass = UserServiceTest, testInstance = UserServiceTest@e902fd, testMethod = testCreate@UserServiceTest, testException = [null], mergedContextConfiguration = [MergedContextConfiguration@ac6995 testClass = UserServiceTest, locations = '{classpath:spring/spring-core-config.xml}', classes = '{}', contextInitializerClasses = '[]', activeProfiles = '{}', propertySourceLocations = '{}', propertySourceProperties = '{}', contextLoader = 'org.springframework.test.context.support.DelegatingSmartContextLoader', parent = [null]]].
2015-12-24 01:33:13 [Test worker] DEBUG o.s.o.h.HibernateTransactionManager - Creating new transaction with name [UserServiceTest.testCreate]: PROPAGATION_REQUIRED,ISOLATION_DEFAULT
2015-12-24 01:33:13 [Test worker] DEBUG o.s.o.h.HibernateTransactionManager - Opened new Session [SessionImpl(PersistenceContext[entityKeys=[],collectionKeys=[]];ActionQueue[insertions=org.hibernate.engine.spi.ExecutableList@e3065e updates=org.hibernate.engine.spi.ExecutableList@b71d5e deletions=org.hibernate.engine.spi.ExecutableList@1e9246f orphanRemovals=org.hibernate.engine.spi.ExecutableList@1571a58 collectionCreations=org.hibernate.engine.spi.ExecutableList@182a3ca collectionRemovals=org.hibernate.engine.spi.ExecutableList@1cf3f3e collectionUpdates=org.hibernate.engine.spi.ExecutableList@141319c collectionQueuedOps=org.hibernate.engine.spi.ExecutableList@12030cd unresolvedInsertDependencies=UnresolvedEntityInsertActions[]])] for Hibernate transaction
2015-12-24 01:33:13 [Test worker] DEBUG o.s.o.h.HibernateTransactionManager - Preparing JDBC Connection of Hibernate Session [SessionImpl(PersistenceContext[entityKeys=[],collectionKeys=[]];ActionQueue[insertions=org.hibernate.engine.spi.ExecutableList@e3065e updates=org.hibernate.engine.spi.ExecutableList@b71d5e deletions=org.hibernate.engine.spi.ExecutableList@1e9246f orphanRemovals=org.hibernate.engine.spi.ExecutableList@1571a58 collectionCreations=org.hibernate.engine.spi.ExecutableList@182a3ca collectionRemovals=org.hibernate.engine.spi.ExecutableList@1cf3f3e collectionUpdates=org.hibernate.engine.spi.ExecutableList@141319c collectionQueuedOps=org.hibernate.engine.spi.ExecutableList@12030cd unresolvedInsertDependencies=UnresolvedEntityInsertActions[]])]
2015-12-24 01:33:13 [Test worker] DEBUG o.h.e.j.i.LogicalConnectionImpl - Obtaining JDBC connection
2015-12-24 01:33:13 [Test worker] DEBUG o.h.e.j.i.LogicalConnectionImpl - Obtained JDBC connection
2015-12-24 01:33:14 [Test worker] DEBUG o.h.e.t.spi.AbstractTransactionImpl - begin
2015-12-24 01:33:14 [Test worker] DEBUG o.h.e.t.i.jdbc.JdbcTransaction - initial autocommit status: true
2015-12-24 01:33:14 [Test worker] DEBUG o.h.e.t.i.jdbc.JdbcTransaction - disabling autocommit
2015-12-24 01:33:14 [Test worker] DEBUG o.s.o.h.HibernateTransactionManager - Exposing Hibernate transaction as JDBC transaction [jdbc:postgresql://localhost:5432/baxter, UserName=postgres, PostgreSQL Native Driver]
2015-12-24 01:33:14 [Test worker] INFO  o.s.t.c.t.TransactionContext - Began transaction (1) for test context [DefaultTestContext@104ee8 testClass = UserServiceTest, testInstance = UserServiceTest@e902fd, testMethod = testCreate@UserServiceTest, testException = [null], mergedContextConfiguration = [MergedContextConfiguration@ac6995 testClass = UserServiceTest, locations = '{classpath:spring/spring-core-config.xml}', classes = '{}', contextInitializerClasses = '[]', activeProfiles = '{}', propertySourceLocations = '{}', propertySourceProperties = '{}', contextLoader = 'org.springframework.test.context.support.DelegatingSmartContextLoader', parent = [null]]]; transaction manager [org.springframework.orm.hibernate4.HibernateTransactionManager@fa7cd3]; rollback [true]
2015-12-24 01:33:14 [Test worker] DEBUG o.s.o.h.HibernateTransactionManager - Found thread-bound Session [SessionImpl(PersistenceContext[entityKeys=[],collectionKeys=[]];ActionQueue[insertions=org.hibernate.engine.spi.ExecutableList@e3065e updates=org.hibernate.engine.spi.ExecutableList@b71d5e deletions=org.hibernate.engine.spi.ExecutableList@1e9246f orphanRemovals=org.hibernate.engine.spi.ExecutableList@1571a58 collectionCreations=org.hibernate.engine.spi.ExecutableList@182a3ca collectionRemovals=org.hibernate.engine.spi.ExecutableList@1cf3f3e collectionUpdates=org.hibernate.engine.spi.ExecutableList@141319c collectionQueuedOps=org.hibernate.engine.spi.ExecutableList@12030cd unresolvedInsertDependencies=UnresolvedEntityInsertActions[]])] for Hibernate transaction
2015-12-24 01:33:14 [Test worker] DEBUG o.s.o.h.HibernateTransactionManager - Participating in existing transaction
2015-12-24 01:33:14 [Test worker] DEBUG org.hibernate.engine.spi.ActionQueue - Executing identity-insert immediately
2015-12-24 01:33:14 [Test worker] DEBUG org.hibernate.SQL - 
    insert 
    into
        public.user
        (login, password) 
    values
        (?, ?)
2015-12-24 01:33:14 [Test worker] DEBUG o.h.id.IdentifierGeneratorHelper - Natively generated identity: 146
2015-12-24 01:33:14 [Test worker] DEBUG o.s.o.h.HibernateTransactionManager - Found thread-bound Session [SessionImpl(PersistenceContext[entityKeys=[EntityKey[by.psu.baxter.entity.User#146]],collectionKeys=[]];ActionQueue[insertions=org.hibernate.engine.spi.ExecutableList@e3065e updates=org.hibernate.engine.spi.ExecutableList@b71d5e deletions=org.hibernate.engine.spi.ExecutableList@1e9246f orphanRemovals=org.hibernate.engine.spi.ExecutableList@1571a58 collectionCreations=org.hibernate.engine.spi.ExecutableList@182a3ca collectionRemovals=org.hibernate.engine.spi.ExecutableList@1cf3f3e collectionUpdates=org.hibernate.engine.spi.ExecutableList@141319c collectionQueuedOps=org.hibernate.engine.spi.ExecutableList@12030cd unresolvedInsertDependencies=UnresolvedEntityInsertActions[]])] for Hibernate transaction
2015-12-24 01:33:14 [Test worker] DEBUG o.s.o.h.HibernateTransactionManager - Participating in existing transaction
2015-12-24 01:33:14 [Test worker] DEBUG o.s.o.h.HibernateTransactionManager - Initiating transaction rollback
2015-12-24 01:33:14 [Test worker] DEBUG o.s.o.h.HibernateTransactionManager - Rolling back Hibernate transaction on Session [SessionImpl(PersistenceContext[entityKeys=[EntityKey[by.psu.baxter.entity.User#146]],collectionKeys=[]];ActionQueue[insertions=org.hibernate.engine.spi.ExecutableList@e3065e updates=org.hibernate.engine.spi.ExecutableList@b71d5e deletions=org.hibernate.engine.spi.ExecutableList@1e9246f orphanRemovals=org.hibernate.engine.spi.ExecutableList@1571a58 collectionCreations=org.hibernate.engine.spi.ExecutableList@182a3ca collectionRemovals=org.hibernate.engine.spi.ExecutableList@1cf3f3e collectionUpdates=org.hibernate.engine.spi.ExecutableList@141319c collectionQueuedOps=org.hibernate.engine.spi.ExecutableList@12030cd unresolvedInsertDependencies=UnresolvedEntityInsertActions[]])]
2015-12-24 01:33:14 [Test worker] DEBUG o.h.e.t.spi.AbstractTransactionImpl - rolling back
2015-12-24 01:33:14 [Test worker] DEBUG o.h.e.t.i.jdbc.JdbcTransaction - rolled JDBC Connection
2015-12-24 01:33:14 [Test worker] DEBUG o.h.e.t.i.jdbc.JdbcTransaction - re-enabling autocommit
2015-12-24 01:33:14 [Test worker] DEBUG o.s.o.h.HibernateTransactionManager - Closing Hibernate Session [SessionImpl(PersistenceContext[entityKeys=[EntityKey[by.psu.baxter.entity.User#146]],collectionKeys=[]];ActionQueue[insertions=org.hibernate.engine.spi.ExecutableList@e3065e updates=org.hibernate.engine.spi.ExecutableList@b71d5e deletions=org.hibernate.engine.spi.ExecutableList@1e9246f orphanRemovals=org.hibernate.engine.spi.ExecutableList@1571a58 collectionCreations=org.hibernate.engine.spi.ExecutableList@182a3ca collectionRemovals=org.hibernate.engine.spi.ExecutableList@1cf3f3e collectionUpdates=org.hibernate.engine.spi.ExecutableList@141319c collectionQueuedOps=org.hibernate.engine.spi.ExecutableList@12030cd unresolvedInsertDependencies=UnresolvedEntityInsertActions[]])] after transaction
2015-12-24 01:33:14 [Test worker] DEBUG o.h.e.j.i.LogicalConnectionImpl - Releasing JDBC connection
2015-12-24 01:33:14 [Test worker] DEBUG o.h.e.j.i.LogicalConnectionImpl - Released JDBC connection
2015-12-24 01:33:14 [Test worker] INFO  o.s.t.c.t.TransactionContext - Rolled back transaction for test context [DefaultTestContext@104ee8 testClass = UserServiceTest, testInstance = UserServiceTest@e902fd, testMethod = testCreate@UserServiceTest, testException = [null], mergedContextConfiguration = [MergedContextConfiguration@ac6995 testClass = UserServiceTest, locations = '{classpath:spring/spring-core-config.xml}', classes = '{}', contextInitializerClasses = '[]', activeProfiles = '{}', propertySourceLocations = '{}', propertySourceProperties = '{}', contextLoader = 'org.springframework.test.context.support.DelegatingSmartContextLoader', parent = [null]]].
2015-12-24 01:33:14 [Test worker] DEBUG o.s.t.c.s.AbstractDirtiesContextTestExecutionListener - After test method: context [DefaultTestContext@104ee8 testClass = UserServiceTest, testInstance = UserServiceTest@e902fd, testMethod = testCreate@UserServiceTest, testException = [null], mergedContextConfiguration = [MergedContextConfiguration@ac6995 testClass = UserServiceTest, locations = '{classpath:spring/spring-core-config.xml}', classes = '{}', contextInitializerClasses = '[]', activeProfiles = '{}', propertySourceLocations = '{}', propertySourceProperties = '{}', contextLoader = 'org.springframework.test.context.support.DelegatingSmartContextLoader', parent = [null]]], class annotated with @DirtiesContext [false] with mode [null], method annotated with @DirtiesContext [false] with mode [null].
2015-12-24 01:33:14 [Test worker] DEBUG o.s.t.annotation.ProfileValueUtils - Retrieved @ProfileValueSourceConfiguration [null] for test class [UserServiceTest]
2015-12-24 01:33:14 [Test worker] DEBUG o.s.t.annotation.ProfileValueUtils - Retrieved ProfileValueSource type [class org.springframework.test.annotation.SystemProfileValueSource] for class [UserServiceTest]
2015-12-24 01:33:14 [Test worker] DEBUG o.s.t.c.s.DependencyInjectionTestExecutionListener - Performing dependency injection for test context [[DefaultTestContext@104ee8 testClass = UserServiceTest, testInstance = UserServiceTest@186f7af, testMethod = [null], testException = [null], mergedContextConfiguration = [MergedContextConfiguration@ac6995 testClass = UserServiceTest, locations = '{classpath:spring/spring-core-config.xml}', classes = '{}', contextInitializerClasses = '[]', activeProfiles = '{}', propertySourceLocations = '{}', propertySourceProperties = '{}', contextLoader = 'org.springframework.test.context.support.DelegatingSmartContextLoader', parent = [null]]]].
2015-12-24 01:33:14 [Test worker] DEBUG o.s.t.c.c.DefaultCacheAwareContextLoaderDelegate - Retrieved ApplicationContext from cache with key [[MergedContextConfiguration@ac6995 testClass = UserServiceTest, locations = '{classpath:spring/spring-core-config.xml}', classes = '{}', contextInitializerClasses = '[]', activeProfiles = '{}', propertySourceLocations = '{}', propertySourceProperties = '{}', contextLoader = 'org.springframework.test.context.support.DelegatingSmartContextLoader', parent = [null]]]
2015-12-24 01:33:14 [Test worker] DEBUG o.springframework.test.context.cache - Spring test ApplicationContext cache statistics: [DefaultContextCache@161a4cf size = 1, parentContextCount = 0, hitCount = 2, missCount = 1]
2015-12-24 01:33:14 [Test worker] DEBUG o.s.b.f.annotation.InjectionMetadata - Processing injected element of bean 'UserServiceTest': AutowiredFieldElement for private by.psu.baxter.service.UserService UserServiceTest.userService
2015-12-24 01:33:14 [Test worker] DEBUG o.s.b.f.s.DefaultListableBeanFactory - Returning cached instance of singleton bean 'userServiceImpl'
2015-12-24 01:33:14 [Test worker] DEBUG o.s.t.c.s.AbstractDirtiesContextTestExecutionListener - Before test method: context [DefaultTestContext@104ee8 testClass = UserServiceTest, testInstance = UserServiceTest@186f7af, testMethod = testDelete@UserServiceTest, testException = [null], mergedContextConfiguration = [MergedContextConfiguration@ac6995 testClass = UserServiceTest, locations = '{classpath:spring/spring-core-config.xml}', classes = '{}', contextInitializerClasses = '[]', activeProfiles = '{}', propertySourceLocations = '{}', propertySourceProperties = '{}', contextLoader = 'org.springframework.test.context.support.DelegatingSmartContextLoader', parent = [null]]], class annotated with @DirtiesContext [false] with mode [null], method annotated with @DirtiesContext [false] with mode [null].
2015-12-24 01:33:14 [Test worker] DEBUG o.s.t.a.AnnotationTransactionAttributeSource - Adding transactional method 'UserServiceTest.testDelete' with attribute: PROPAGATION_REQUIRED,ISOLATION_DEFAULT
2015-12-24 01:33:14 [Test worker] DEBUG o.s.t.c.t.TransactionalTestExecutionListener - Explicit transaction definition [PROPAGATION_REQUIRED,ISOLATION_DEFAULT] found for test context [DefaultTestContext@104ee8 testClass = UserServiceTest, testInstance = UserServiceTest@186f7af, testMethod = testDelete@UserServiceTest, testException = [null], mergedContextConfiguration = [MergedContextConfiguration@ac6995 testClass = UserServiceTest, locations = '{classpath:spring/spring-core-config.xml}', classes = '{}', contextInitializerClasses = '[]', activeProfiles = '{}', propertySourceLocations = '{}', propertySourceProperties = '{}', contextLoader = 'org.springframework.test.context.support.DelegatingSmartContextLoader', parent = [null]]]
2015-12-24 01:33:14 [Test worker] DEBUG o.s.t.c.c.DefaultCacheAwareContextLoaderDelegate - Retrieved ApplicationContext from cache with key [[MergedContextConfiguration@ac6995 testClass = UserServiceTest, locations = '{classpath:spring/spring-core-config.xml}', classes = '{}', contextInitializerClasses = '[]', activeProfiles = '{}', propertySourceLocations = '{}', propertySourceProperties = '{}', contextLoader = 'org.springframework.test.context.support.DelegatingSmartContextLoader', parent = [null]]]
2015-12-24 01:33:14 [Test worker] DEBUG o.springframework.test.context.cache - Spring test ApplicationContext cache statistics: [DefaultContextCache@161a4cf size = 1, parentContextCount = 0, hitCount = 3, missCount = 1]
2015-12-24 01:33:14 [Test worker] DEBUG o.s.b.f.s.DefaultListableBeanFactory - Returning cached instance of singleton bean 'transactionManager'
2015-12-24 01:33:14 [Test worker] DEBUG o.s.t.c.t.TransactionalTestExecutionListener - No method-level @Rollback override: using default rollback [true] for test context [DefaultTestContext@104ee8 testClass = UserServiceTest, testInstance = UserServiceTest@186f7af, testMethod = testDelete@UserServiceTest, testException = [null], mergedContextConfiguration = [MergedContextConfiguration@ac6995 testClass = UserServiceTest, locations = '{classpath:spring/spring-core-config.xml}', classes = '{}', contextInitializerClasses = '[]', activeProfiles = '{}', propertySourceLocations = '{}', propertySourceProperties = '{}', contextLoader = 'org.springframework.test.context.support.DelegatingSmartContextLoader', parent = [null]]].
2015-12-24 01:33:14 [Test worker] DEBUG o.s.o.h.HibernateTransactionManager - Creating new transaction with name [UserServiceTest.testDelete]: PROPAGATION_REQUIRED,ISOLATION_DEFAULT
2015-12-24 01:33:14 [Test worker] DEBUG o.s.o.h.HibernateTransactionManager - Opened new Session [SessionImpl(PersistenceContext[entityKeys=[],collectionKeys=[]];ActionQueue[insertions=org.hibernate.engine.spi.ExecutableList@1ef407e updates=org.hibernate.engine.spi.ExecutableList@731651 deletions=org.hibernate.engine.spi.ExecutableList@1be242c orphanRemovals=org.hibernate.engine.spi.ExecutableList@38e358 collectionCreations=org.hibernate.engine.spi.ExecutableList@d5c758 collectionRemovals=org.hibernate.engine.spi.ExecutableList@1128ef1 collectionUpdates=org.hibernate.engine.spi.ExecutableList@166a828 collectionQueuedOps=org.hibernate.engine.spi.ExecutableList@aa09ff unresolvedInsertDependencies=UnresolvedEntityInsertActions[]])] for Hibernate transaction
2015-12-24 01:33:14 [Test worker] DEBUG o.s.o.h.HibernateTransactionManager - Preparing JDBC Connection of Hibernate Session [SessionImpl(PersistenceContext[entityKeys=[],collectionKeys=[]];ActionQueue[insertions=org.hibernate.engine.spi.ExecutableList@1ef407e updates=org.hibernate.engine.spi.ExecutableList@731651 deletions=org.hibernate.engine.spi.ExecutableList@1be242c orphanRemovals=org.hibernate.engine.spi.ExecutableList@38e358 collectionCreations=org.hibernate.engine.spi.ExecutableList@d5c758 collectionRemovals=org.hibernate.engine.spi.ExecutableList@1128ef1 collectionUpdates=org.hibernate.engine.spi.ExecutableList@166a828 collectionQueuedOps=org.hibernate.engine.spi.ExecutableList@aa09ff unresolvedInsertDependencies=UnresolvedEntityInsertActions[]])]
2015-12-24 01:33:14 [Test worker] DEBUG o.h.e.j.i.LogicalConnectionImpl - Obtaining JDBC connection
2015-12-24 01:33:14 [Test worker] DEBUG o.h.e.j.i.LogicalConnectionImpl - Obtained JDBC connection
2015-12-24 01:33:14 [Test worker] DEBUG o.h.e.t.spi.AbstractTransactionImpl - begin
2015-12-24 01:33:14 [Test worker] DEBUG o.h.e.t.i.jdbc.JdbcTransaction - initial autocommit status: true
2015-12-24 01:33:14 [Test worker] DEBUG o.h.e.t.i.jdbc.JdbcTransaction - disabling autocommit
2015-12-24 01:33:14 [Test worker] DEBUG o.s.o.h.HibernateTransactionManager - Exposing Hibernate transaction as JDBC transaction [jdbc:postgresql://localhost:5432/baxter, UserName=postgres, PostgreSQL Native Driver]
2015-12-24 01:33:14 [Test worker] INFO  o.s.t.c.t.TransactionContext - Began transaction (1) for test context [DefaultTestContext@104ee8 testClass = UserServiceTest, testInstance = UserServiceTest@186f7af, testMethod = testDelete@UserServiceTest, testException = [null], mergedContextConfiguration = [MergedContextConfiguration@ac6995 testClass = UserServiceTest, locations = '{classpath:spring/spring-core-config.xml}', classes = '{}', contextInitializerClasses = '[]', activeProfiles = '{}', propertySourceLocations = '{}', propertySourceProperties = '{}', contextLoader = 'org.springframework.test.context.support.DelegatingSmartContextLoader', parent = [null]]]; transaction manager [org.springframework.orm.hibernate4.HibernateTransactionManager@fa7cd3]; rollback [true]
2015-12-24 01:33:14 [Test worker] DEBUG o.s.o.h.HibernateTransactionManager - Found thread-bound Session [SessionImpl(PersistenceContext[entityKeys=[],collectionKeys=[]];ActionQueue[insertions=org.hibernate.engine.spi.ExecutableList@1ef407e updates=org.hibernate.engine.spi.ExecutableList@731651 deletions=org.hibernate.engine.spi.ExecutableList@1be242c orphanRemovals=org.hibernate.engine.spi.ExecutableList@38e358 collectionCreations=org.hibernate.engine.spi.ExecutableList@d5c758 collectionRemovals=org.hibernate.engine.spi.ExecutableList@1128ef1 collectionUpdates=org.hibernate.engine.spi.ExecutableList@166a828 collectionQueuedOps=org.hibernate.engine.spi.ExecutableList@aa09ff unresolvedInsertDependencies=UnresolvedEntityInsertActions[]])] for Hibernate transaction
2015-12-24 01:33:14 [Test worker] DEBUG o.s.o.h.HibernateTransactionManager - Participating in existing transaction
2015-12-24 01:33:14 [Test worker] DEBUG org.hibernate.engine.spi.ActionQueue - Executing identity-insert immediately
2015-12-24 01:33:14 [Test worker] DEBUG org.hibernate.SQL - 
    insert 
    into
        public.user
        (login, password) 
    values
        (?, ?)
2015-12-24 01:33:14 [Test worker] DEBUG o.h.id.IdentifierGeneratorHelper - Natively generated identity: 147
2015-12-24 01:33:14 [Test worker] DEBUG o.s.o.h.HibernateTransactionManager - Found thread-bound Session [SessionImpl(PersistenceContext[entityKeys=[EntityKey[by.psu.baxter.entity.User#147]],collectionKeys=[]];ActionQueue[insertions=org.hibernate.engine.spi.ExecutableList@1ef407e updates=org.hibernate.engine.spi.ExecutableList@731651 deletions=org.hibernate.engine.spi.ExecutableList@1be242c orphanRemovals=org.hibernate.engine.spi.ExecutableList@38e358 collectionCreations=org.hibernate.engine.spi.ExecutableList@d5c758 collectionRemovals=org.hibernate.engine.spi.ExecutableList@1128ef1 collectionUpdates=org.hibernate.engine.spi.ExecutableList@166a828 collectionQueuedOps=org.hibernate.engine.spi.ExecutableList@aa09ff unresolvedInsertDependencies=UnresolvedEntityInsertActions[]])] for Hibernate transaction
2015-12-24 01:33:14 [Test worker] DEBUG o.s.o.h.HibernateTransactionManager - Participating in existing transaction
2015-12-24 01:33:14 [Test worker] DEBUG o.s.o.h.HibernateTransactionManager - Found thread-bound Session [SessionImpl(PersistenceContext[entityKeys=[EntityKey[by.psu.baxter.entity.User#147]],collectionKeys=[]];ActionQueue[insertions=org.hibernate.engine.spi.ExecutableList@1ef407e updates=org.hibernate.engine.spi.ExecutableList@731651 deletions=org.hibernate.engine.spi.ExecutableList@1be242c orphanRemovals=org.hibernate.engine.spi.ExecutableList@38e358 collectionCreations=org.hibernate.engine.spi.ExecutableList@d5c758 collectionRemovals=org.hibernate.engine.spi.ExecutableList@1128ef1 collectionUpdates=org.hibernate.engine.spi.ExecutableList@166a828 collectionQueuedOps=org.hibernate.engine.spi.ExecutableList@aa09ff unresolvedInsertDependencies=UnresolvedEntityInsertActions[]])] for Hibernate transaction
2015-12-24 01:33:14 [Test worker] DEBUG o.s.o.h.HibernateTransactionManager - Participating in existing transaction
2015-12-24 01:33:14 [Test worker] DEBUG o.h.e.i.DefaultLoadEventListener - Load request found matching entity in context, but it is scheduled for removal; returning null
2015-12-24 01:33:14 [Test worker] DEBUG o.s.o.h.HibernateTransactionManager - Initiating transaction rollback
2015-12-24 01:33:14 [Test worker] DEBUG o.s.o.h.HibernateTransactionManager - Rolling back Hibernate transaction on Session [SessionImpl(PersistenceContext[entityKeys=[EntityKey[by.psu.baxter.entity.User#147]],collectionKeys=[]];ActionQueue[insertions=org.hibernate.engine.spi.ExecutableList@1ef407e updates=org.hibernate.engine.spi.ExecutableList@731651 deletions=org.hibernate.engine.spi.ExecutableList@1be242c orphanRemovals=org.hibernate.engine.spi.ExecutableList@38e358 collectionCreations=org.hibernate.engine.spi.ExecutableList@d5c758 collectionRemovals=org.hibernate.engine.spi.ExecutableList@1128ef1 collectionUpdates=org.hibernate.engine.spi.ExecutableList@166a828 collectionQueuedOps=org.hibernate.engine.spi.ExecutableList@aa09ff unresolvedInsertDependencies=UnresolvedEntityInsertActions[]])]
2015-12-24 01:33:14 [Test worker] DEBUG o.h.e.t.spi.AbstractTransactionImpl - rolling back
2015-12-24 01:33:14 [Test worker] DEBUG o.h.e.t.i.jdbc.JdbcTransaction - rolled JDBC Connection
2015-12-24 01:33:14 [Test worker] DEBUG o.h.e.t.i.jdbc.JdbcTransaction - re-enabling autocommit
2015-12-24 01:33:14 [Test worker] DEBUG o.s.o.h.HibernateTransactionManager - Closing Hibernate Session [SessionImpl(PersistenceContext[entityKeys=[EntityKey[by.psu.baxter.entity.User#147]],collectionKeys=[]];ActionQueue[insertions=org.hibernate.engine.spi.ExecutableList@1ef407e updates=org.hibernate.engine.spi.ExecutableList@731651 deletions=org.hibernate.engine.spi.ExecutableList@1be242c orphanRemovals=org.hibernate.engine.spi.ExecutableList@38e358 collectionCreations=org.hibernate.engine.spi.ExecutableList@d5c758 collectionRemovals=org.hibernate.engine.spi.ExecutableList@1128ef1 collectionUpdates=org.hibernate.engine.spi.ExecutableList@166a828 collectionQueuedOps=org.hibernate.engine.spi.ExecutableList@aa09ff unresolvedInsertDependencies=UnresolvedEntityInsertActions[]])] after transaction
2015-12-24 01:33:14 [Test worker] DEBUG o.h.e.j.i.LogicalConnectionImpl - Releasing JDBC connection
2015-12-24 01:33:14 [Test worker] DEBUG o.h.e.j.i.LogicalConnectionImpl - Released JDBC connection
2015-12-24 01:33:14 [Test worker] INFO  o.s.t.c.t.TransactionContext - Rolled back transaction for test context [DefaultTestContext@104ee8 testClass = UserServiceTest, testInstance = UserServiceTest@186f7af, testMethod = testDelete@UserServiceTest, testException = [null], mergedContextConfiguration = [MergedContextConfiguration@ac6995 testClass = UserServiceTest, locations = '{classpath:spring/spring-core-config.xml}', classes = '{}', contextInitializerClasses = '[]', activeProfiles = '{}', propertySourceLocations = '{}', propertySourceProperties = '{}', contextLoader = 'org.springframework.test.context.support.DelegatingSmartContextLoader', parent = [null]]].
2015-12-24 01:33:14 [Test worker] DEBUG o.s.t.c.s.AbstractDirtiesContextTestExecutionListener - After test method: context [DefaultTestContext@104ee8 testClass = UserServiceTest, testInstance = UserServiceTest@186f7af, testMethod = testDelete@UserServiceTest, testException = [null], mergedContextConfiguration = [MergedContextConfiguration@ac6995 testClass = UserServiceTest, locations = '{classpath:spring/spring-core-config.xml}', classes = '{}', contextInitializerClasses = '[]', activeProfiles = '{}', propertySourceLocations = '{}', propertySourceProperties = '{}', contextLoader = 'org.springframework.test.context.support.DelegatingSmartContextLoader', parent = [null]]], class annotated with @DirtiesContext [false] with mode [null], method annotated with @DirtiesContext [false] with mode [null].
2015-12-24 01:33:14 [Test worker] DEBUG o.s.t.annotation.ProfileValueUtils - Retrieved @ProfileValueSourceConfiguration [null] for test class [UserServiceTest]
2015-12-24 01:33:14 [Test worker] DEBUG o.s.t.annotation.ProfileValueUtils - Retrieved ProfileValueSource type [class org.springframework.test.annotation.SystemProfileValueSource] for class [UserServiceTest]
2015-12-24 01:33:14 [Test worker] DEBUG o.s.t.c.s.DependencyInjectionTestExecutionListener - Performing dependency injection for test context [[DefaultTestContext@104ee8 testClass = UserServiceTest, testInstance = UserServiceTest@f1057, testMethod = [null], testException = [null], mergedContextConfiguration = [MergedContextConfiguration@ac6995 testClass = UserServiceTest, locations = '{classpath:spring/spring-core-config.xml}', classes = '{}', contextInitializerClasses = '[]', activeProfiles = '{}', propertySourceLocations = '{}', propertySourceProperties = '{}', contextLoader = 'org.springframework.test.context.support.DelegatingSmartContextLoader', parent = [null]]]].
2015-12-24 01:33:14 [Test worker] DEBUG o.s.t.c.c.DefaultCacheAwareContextLoaderDelegate - Retrieved ApplicationContext from cache with key [[MergedContextConfiguration@ac6995 testClass = UserServiceTest, locations = '{classpath:spring/spring-core-config.xml}', classes = '{}', contextInitializerClasses = '[]', activeProfiles = '{}', propertySourceLocations = '{}', propertySourceProperties = '{}', contextLoader = 'org.springframework.test.context.support.DelegatingSmartContextLoader', parent = [null]]]
2015-12-24 01:33:14 [Test worker] DEBUG o.springframework.test.context.cache - Spring test ApplicationContext cache statistics: [DefaultContextCache@161a4cf size = 1, parentContextCount = 0, hitCount = 4, missCount = 1]
2015-12-24 01:33:14 [Test worker] DEBUG o.s.b.f.annotation.InjectionMetadata - Processing injected element of bean 'UserServiceTest': AutowiredFieldElement for private by.psu.baxter.service.UserService UserServiceTest.userService
2015-12-24 01:33:14 [Test worker] DEBUG o.s.b.f.s.DefaultListableBeanFactory - Returning cached instance of singleton bean 'userServiceImpl'
2015-12-24 01:33:14 [Test worker] DEBUG o.s.t.c.s.AbstractDirtiesContextTestExecutionListener - Before test method: context [DefaultTestContext@104ee8 testClass = UserServiceTest, testInstance = UserServiceTest@f1057, testMethod = testGetAll@UserServiceTest, testException = [null], mergedContextConfiguration = [MergedContextConfiguration@ac6995 testClass = UserServiceTest, locations = '{classpath:spring/spring-core-config.xml}', classes = '{}', contextInitializerClasses = '[]', activeProfiles = '{}', propertySourceLocations = '{}', propertySourceProperties = '{}', contextLoader = 'org.springframework.test.context.support.DelegatingSmartContextLoader', parent = [null]]], class annotated with @DirtiesContext [false] with mode [null], method annotated with @DirtiesContext [false] with mode [null].
2015-12-24 01:33:14 [Test worker] DEBUG o.s.t.a.AnnotationTransactionAttributeSource - Adding transactional method 'UserServiceTest.testGetAll' with attribute: PROPAGATION_REQUIRED,ISOLATION_DEFAULT
2015-12-24 01:33:14 [Test worker] DEBUG o.s.t.c.t.TransactionalTestExecutionListener - Explicit transaction definition [PROPAGATION_REQUIRED,ISOLATION_DEFAULT] found for test context [DefaultTestContext@104ee8 testClass = UserServiceTest, testInstance = UserServiceTest@f1057, testMethod = testGetAll@UserServiceTest, testException = [null], mergedContextConfiguration = [MergedContextConfiguration@ac6995 testClass = UserServiceTest, locations = '{classpath:spring/spring-core-config.xml}', classes = '{}', contextInitializerClasses = '[]', activeProfiles = '{}', propertySourceLocations = '{}', propertySourceProperties = '{}', contextLoader = 'org.springframework.test.context.support.DelegatingSmartContextLoader', parent = [null]]]
2015-12-24 01:33:14 [Test worker] DEBUG o.s.t.c.c.DefaultCacheAwareContextLoaderDelegate - Retrieved ApplicationContext from cache with key [[MergedContextConfiguration@ac6995 testClass = UserServiceTest, locations = '{classpath:spring/spring-core-config.xml}', classes = '{}', contextInitializerClasses = '[]', activeProfiles = '{}', propertySourceLocations = '{}', propertySourceProperties = '{}', contextLoader = 'org.springframework.test.context.support.DelegatingSmartContextLoader', parent = [null]]]
2015-12-24 01:33:14 [Test worker] DEBUG o.springframework.test.context.cache - Spring test ApplicationContext cache statistics: [DefaultContextCache@161a4cf size = 1, parentContextCount = 0, hitCount = 5, missCount = 1]
2015-12-24 01:33:14 [Test worker] DEBUG o.s.b.f.s.DefaultListableBeanFactory - Returning cached instance of singleton bean 'transactionManager'
2015-12-24 01:33:14 [Test worker] DEBUG o.s.t.c.t.TransactionalTestExecutionListener - No method-level @Rollback override: using default rollback [true] for test context [DefaultTestContext@104ee8 testClass = UserServiceTest, testInstance = UserServiceTest@f1057, testMethod = testGetAll@UserServiceTest, testException = [null], mergedContextConfiguration = [MergedContextConfiguration@ac6995 testClass = UserServiceTest, locations = '{classpath:spring/spring-core-config.xml}', classes = '{}', contextInitializerClasses = '[]', activeProfiles = '{}', propertySourceLocations = '{}', propertySourceProperties = '{}', contextLoader = 'org.springframework.test.context.support.DelegatingSmartContextLoader', parent = [null]]].
2015-12-24 01:33:14 [Test worker] DEBUG o.s.o.h.HibernateTransactionManager - Creating new transaction with name [UserServiceTest.testGetAll]: PROPAGATION_REQUIRED,ISOLATION_DEFAULT
2015-12-24 01:33:14 [Test worker] DEBUG o.s.o.h.HibernateTransactionManager - Opened new Session [SessionImpl(PersistenceContext[entityKeys=[],collectionKeys=[]];ActionQueue[insertions=org.hibernate.engine.spi.ExecutableList@f9c2dc updates=org.hibernate.engine.spi.ExecutableList@1681deb deletions=org.hibernate.engine.spi.ExecutableList@844bb8 orphanRemovals=org.hibernate.engine.spi.ExecutableList@187278d collectionCreations=org.hibernate.engine.spi.ExecutableList@35d850 collectionRemovals=org.hibernate.engine.spi.ExecutableList@10c789a collectionUpdates=org.hibernate.engine.spi.ExecutableList@1c20385 collectionQueuedOps=org.hibernate.engine.spi.ExecutableList@753bb8 unresolvedInsertDependencies=UnresolvedEntityInsertActions[]])] for Hibernate transaction
2015-12-24 01:33:14 [Test worker] DEBUG o.s.o.h.HibernateTransactionManager - Preparing JDBC Connection of Hibernate Session [SessionImpl(PersistenceContext[entityKeys=[],collectionKeys=[]];ActionQueue[insertions=org.hibernate.engine.spi.ExecutableList@f9c2dc updates=org.hibernate.engine.spi.ExecutableList@1681deb deletions=org.hibernate.engine.spi.ExecutableList@844bb8 orphanRemovals=org.hibernate.engine.spi.ExecutableList@187278d collectionCreations=org.hibernate.engine.spi.ExecutableList@35d850 collectionRemovals=org.hibernate.engine.spi.ExecutableList@10c789a collectionUpdates=org.hibernate.engine.spi.ExecutableList@1c20385 collectionQueuedOps=org.hibernate.engine.spi.ExecutableList@753bb8 unresolvedInsertDependencies=UnresolvedEntityInsertActions[]])]
2015-12-24 01:33:14 [Test worker] DEBUG o.h.e.j.i.LogicalConnectionImpl - Obtaining JDBC connection
2015-12-24 01:33:14 [Test worker] DEBUG o.h.e.j.i.LogicalConnectionImpl - Obtained JDBC connection
2015-12-24 01:33:14 [Test worker] DEBUG o.h.e.t.spi.AbstractTransactionImpl - begin
2015-12-24 01:33:14 [Test worker] DEBUG o.h.e.t.i.jdbc.JdbcTransaction - initial autocommit status: true
2015-12-24 01:33:14 [Test worker] DEBUG o.h.e.t.i.jdbc.JdbcTransaction - disabling autocommit
2015-12-24 01:33:14 [Test worker] DEBUG o.s.o.h.HibernateTransactionManager - Exposing Hibernate transaction as JDBC transaction [jdbc:postgresql://localhost:5432/baxter, UserName=postgres, PostgreSQL Native Driver]
2015-12-24 01:33:14 [Test worker] INFO  o.s.t.c.t.TransactionContext - Began transaction (1) for test context [DefaultTestContext@104ee8 testClass = UserServiceTest, testInstance = UserServiceTest@f1057, testMethod = testGetAll@UserServiceTest, testException = [null], mergedContextConfiguration = [MergedContextConfiguration@ac6995 testClass = UserServiceTest, locations = '{classpath:spring/spring-core-config.xml}', classes = '{}', contextInitializerClasses = '[]', activeProfiles = '{}', propertySourceLocations = '{}', propertySourceProperties = '{}', contextLoader = 'org.springframework.test.context.support.DelegatingSmartContextLoader', parent = [null]]]; transaction manager [org.springframework.orm.hibernate4.HibernateTransactionManager@fa7cd3]; rollback [true]
2015-12-24 01:33:14 [Test worker] DEBUG o.s.o.h.HibernateTransactionManager - Found thread-bound Session [SessionImpl(PersistenceContext[entityKeys=[],collectionKeys=[]];ActionQueue[insertions=org.hibernate.engine.spi.ExecutableList@f9c2dc updates=org.hibernate.engine.spi.ExecutableList@1681deb deletions=org.hibernate.engine.spi.ExecutableList@844bb8 orphanRemovals=org.hibernate.engine.spi.ExecutableList@187278d collectionCreations=org.hibernate.engine.spi.ExecutableList@35d850 collectionRemovals=org.hibernate.engine.spi.ExecutableList@10c789a collectionUpdates=org.hibernate.engine.spi.ExecutableList@1c20385 collectionQueuedOps=org.hibernate.engine.spi.ExecutableList@753bb8 unresolvedInsertDependencies=UnresolvedEntityInsertActions[]])] for Hibernate transaction
2015-12-24 01:33:14 [Test worker] DEBUG o.s.o.h.HibernateTransactionManager - Participating in existing transaction
2015-12-24 01:33:14 [Test worker] DEBUG org.hibernate.engine.spi.ActionQueue - Executing identity-insert immediately
2015-12-24 01:33:14 [Test worker] DEBUG org.hibernate.SQL - 
    insert 
    into
        public.user
        (login, password) 
    values
        (?, ?)
2015-12-24 01:33:14 [Test worker] DEBUG o.h.id.IdentifierGeneratorHelper - Natively generated identity: 148
2015-12-24 01:33:14 [Test worker] DEBUG o.s.o.h.HibernateTransactionManager - Found thread-bound Session [SessionImpl(PersistenceContext[entityKeys=[EntityKey[by.psu.baxter.entity.User#148]],collectionKeys=[]];ActionQueue[insertions=org.hibernate.engine.spi.ExecutableList@f9c2dc updates=org.hibernate.engine.spi.ExecutableList@1681deb deletions=org.hibernate.engine.spi.ExecutableList@844bb8 orphanRemovals=org.hibernate.engine.spi.ExecutableList@187278d collectionCreations=org.hibernate.engine.spi.ExecutableList@35d850 collectionRemovals=org.hibernate.engine.spi.ExecutableList@10c789a collectionUpdates=org.hibernate.engine.spi.ExecutableList@1c20385 collectionQueuedOps=org.hibernate.engine.spi.ExecutableList@753bb8 unresolvedInsertDependencies=UnresolvedEntityInsertActions[]])] for Hibernate transaction
2015-12-24 01:33:14 [Test worker] DEBUG o.s.o.h.HibernateTransactionManager - Participating in existing transaction
2015-12-24 01:33:14 [Test worker] DEBUG org.hibernate.engine.spi.ActionQueue - Executing identity-insert immediately
2015-12-24 01:33:14 [Test worker] DEBUG org.hibernate.SQL - 
    insert 
    into
        public.user
        (login, password) 
    values
        (?, ?)
2015-12-24 01:33:14 [Test worker] DEBUG o.h.id.IdentifierGeneratorHelper - Natively generated identity: 149
2015-12-24 01:33:14 [Test worker] DEBUG o.s.o.h.HibernateTransactionManager - Found thread-bound Session [SessionImpl(PersistenceContext[entityKeys=[EntityKey[by.psu.baxter.entity.User#149], EntityKey[by.psu.baxter.entity.User#148]],collectionKeys=[]];ActionQueue[insertions=org.hibernate.engine.spi.ExecutableList@f9c2dc updates=org.hibernate.engine.spi.ExecutableList@1681deb deletions=org.hibernate.engine.spi.ExecutableList@844bb8 orphanRemovals=org.hibernate.engine.spi.ExecutableList@187278d collectionCreations=org.hibernate.engine.spi.ExecutableList@35d850 collectionRemovals=org.hibernate.engine.spi.ExecutableList@10c789a collectionUpdates=org.hibernate.engine.spi.ExecutableList@1c20385 collectionQueuedOps=org.hibernate.engine.spi.ExecutableList@753bb8 unresolvedInsertDependencies=UnresolvedEntityInsertActions[]])] for Hibernate transaction
2015-12-24 01:33:14 [Test worker] DEBUG o.s.o.h.HibernateTransactionManager - Participating in existing transaction
2015-12-24 01:33:15 [Test worker] DEBUG o.h.e.i.AbstractFlushingEventListener - Processing flush-time cascades
2015-12-24 01:33:15 [Test worker] DEBUG o.h.e.i.AbstractFlushingEventListener - Dirty checking collections
2015-12-24 01:33:15 [Test worker] DEBUG o.h.e.i.AbstractFlushingEventListener - Flushed: 0 insertions, 0 updates, 0 deletions to 2 objects
2015-12-24 01:33:15 [Test worker] DEBUG o.h.e.i.AbstractFlushingEventListener - Flushed: 0 (re)creations, 0 updates, 0 removals to 0 collections
2015-12-24 01:33:15 [Test worker] DEBUG o.h.internal.util.EntityPrinter - Listing entities:
2015-12-24 01:33:15 [Test worker] DEBUG o.h.internal.util.EntityPrinter - by.psu.baxter.entity.User{id=149, login=Р’Р°СЃСЏ, password=testPsw2}
2015-12-24 01:33:15 [Test worker] DEBUG o.h.internal.util.EntityPrinter - by.psu.baxter.entity.User{id=148, login=РџРµС‚СЏ, password=testPsw1}
2015-12-24 01:33:15 [Test worker] DEBUG org.hibernate.SQL - 
    select
        this_.id as id1_0_0_,
        this_.login as login2_0_0_,
        this_.password as password3_0_0_ 
    from
        public.user this_ 
    order by
        this_.login desc limit ?
2015-12-24 01:33:15 [Test worker] DEBUG org.hibernate.loader.Loader - Result set row: 0
2015-12-24 01:33:15 [Test worker] DEBUG org.hibernate.loader.Loader - Result row: EntityKey[by.psu.baxter.entity.User#148]
2015-12-24 01:33:15 [Test worker] DEBUG org.hibernate.loader.Loader - Result set row: 1
2015-12-24 01:33:15 [Test worker] DEBUG org.hibernate.loader.Loader - Result row: EntityKey[by.psu.baxter.entity.User#149]
2015-12-24 01:33:15 [Test worker] DEBUG org.hibernate.loader.Loader - Result set row: 2
2015-12-24 01:33:15 [Test worker] DEBUG org.hibernate.loader.Loader - Result row: EntityKey[by.psu.baxter.entity.User#132]
2015-12-24 01:33:15 [Test worker] DEBUG org.hibernate.loader.Loader - Result set row: 3
2015-12-24 01:33:15 [Test worker] DEBUG org.hibernate.loader.Loader - Result row: EntityKey[by.psu.baxter.entity.User#129]
2015-12-24 01:33:15 [Test worker] DEBUG org.hibernate.loader.Loader - Result set row: 4
2015-12-24 01:33:15 [Test worker] DEBUG org.hibernate.loader.Loader - Result row: EntityKey[by.psu.baxter.entity.User#131]
2015-12-24 01:33:15 [Test worker] DEBUG org.hibernate.loader.Loader - Result set row: 5
2015-12-24 01:33:15 [Test worker] DEBUG org.hibernate.loader.Loader - Result row: EntityKey[by.psu.baxter.entity.User#130]
2015-12-24 01:33:15 [Test worker] DEBUG org.hibernate.loader.Loader - Result set row: 6
2015-12-24 01:33:15 [Test worker] DEBUG org.hibernate.loader.Loader - Result row: EntityKey[by.psu.baxter.entity.User#128]
2015-12-24 01:33:15 [Test worker] DEBUG org.hibernate.loader.Loader - Result set row: 7
2015-12-24 01:33:15 [Test worker] DEBUG org.hibernate.loader.Loader - Result row: EntityKey[by.psu.baxter.entity.User#115]
2015-12-24 01:33:15 [Test worker] DEBUG org.hibernate.loader.Loader - Result set row: 8
2015-12-24 01:33:15 [Test worker] DEBUG org.hibernate.loader.Loader - Result row: EntityKey[by.psu.baxter.entity.User#123]
2015-12-24 01:33:15 [Test worker] DEBUG org.hibernate.loader.Loader - Result set row: 9
2015-12-24 01:33:15 [Test worker] DEBUG org.hibernate.loader.Loader - Result row: EntityKey[by.psu.baxter.entity.User#124]
2015-12-24 01:33:15 [Test worker] DEBUG org.hibernate.loader.Loader - Result set row: 10
2015-12-24 01:33:15 [Test worker] DEBUG org.hibernate.loader.Loader - Result row: EntityKey[by.psu.baxter.entity.User#125]
2015-12-24 01:33:15 [Test worker] DEBUG org.hibernate.loader.Loader - Result set row: 11
2015-12-24 01:33:15 [Test worker] DEBUG org.hibernate.loader.Loader - Result row: EntityKey[by.psu.baxter.entity.User#122]
2015-12-24 01:33:15 [Test worker] DEBUG org.hibernate.loader.Loader - Result set row: 12
2015-12-24 01:33:15 [Test worker] DEBUG org.hibernate.loader.Loader - Result row: EntityKey[by.psu.baxter.entity.User#121]
2015-12-24 01:33:15 [Test worker] DEBUG org.hibernate.loader.Loader - Result set row: 13
2015-12-24 01:33:15 [Test worker] DEBUG org.hibernate.loader.Loader - Result row: EntityKey[by.psu.baxter.entity.User#120]
2015-12-24 01:33:15 [Test worker] DEBUG org.hibernate.loader.Loader - Result set row: 14
2015-12-24 01:33:15 [Test worker] DEBUG org.hibernate.loader.Loader - Result row: EntityKey[by.psu.baxter.entity.User#119]
2015-12-24 01:33:15 [Test worker] DEBUG org.hibernate.loader.Loader - Result set row: 15
2015-12-24 01:33:15 [Test worker] DEBUG org.hibernate.loader.Loader - Result row: EntityKey[by.psu.baxter.entity.User#118]
2015-12-24 01:33:15 [Test worker] DEBUG org.hibernate.loader.Loader - Result set row: 16
2015-12-24 01:33:15 [Test worker] DEBUG org.hibernate.loader.Loader - Result row: EntityKey[by.psu.baxter.entity.User#117]
2015-12-24 01:33:15 [Test worker] DEBUG org.hibernate.loader.Loader - Result set row: 17
2015-12-24 01:33:15 [Test worker] DEBUG org.hibernate.loader.Loader - Result row: EntityKey[by.psu.baxter.entity.User#116]
2015-12-24 01:33:15 [Test worker] DEBUG o.h.engine.internal.TwoPhaseLoad - Resolving associations for [by.psu.baxter.entity.User#132]
2015-12-24 01:33:15 [Test worker] DEBUG o.h.engine.internal.TwoPhaseLoad - Done materializing entity [by.psu.baxter.entity.User#132]
2015-12-24 01:33:15 [Test worker] DEBUG o.h.engine.internal.TwoPhaseLoad - Resolving associations for [by.psu.baxter.entity.User#129]
2015-12-24 01:33:15 [Test worker] DEBUG o.h.engine.internal.TwoPhaseLoad - Done materializing entity [by.psu.baxter.entity.User#129]
2015-12-24 01:33:15 [Test worker] DEBUG o.h.engine.internal.TwoPhaseLoad - Resolving associations for [by.psu.baxter.entity.User#131]
2015-12-24 01:33:15 [Test worker] DEBUG o.h.engine.internal.TwoPhaseLoad - Done materializing entity [by.psu.baxter.entity.User#131]
2015-12-24 01:33:15 [Test worker] DEBUG o.h.engine.internal.TwoPhaseLoad - Resolving associations for [by.psu.baxter.entity.User#130]
2015-12-24 01:33:15 [Test worker] DEBUG o.h.engine.internal.TwoPhaseLoad - Done materializing entity [by.psu.baxter.entity.User#130]
2015-12-24 01:33:15 [Test worker] DEBUG o.h.engine.internal.TwoPhaseLoad - Resolving associations for [by.psu.baxter.entity.User#128]
2015-12-24 01:33:15 [Test worker] DEBUG o.h.engine.internal.TwoPhaseLoad - Done materializing entity [by.psu.baxter.entity.User#128]
2015-12-24 01:33:15 [Test worker] DEBUG o.h.engine.internal.TwoPhaseLoad - Resolving associations for [by.psu.baxter.entity.User#115]
2015-12-24 01:33:15 [Test worker] DEBUG o.h.engine.internal.TwoPhaseLoad - Done materializing entity [by.psu.baxter.entity.User#115]
2015-12-24 01:33:15 [Test worker] DEBUG o.h.engine.internal.TwoPhaseLoad - Resolving associations for [by.psu.baxter.entity.User#123]
2015-12-24 01:33:15 [Test worker] DEBUG o.h.engine.internal.TwoPhaseLoad - Done materializing entity [by.psu.baxter.entity.User#123]
2015-12-24 01:33:15 [Test worker] DEBUG o.h.engine.internal.TwoPhaseLoad - Resolving associations for [by.psu.baxter.entity.User#124]
2015-12-24 01:33:15 [Test worker] DEBUG o.h.engine.internal.TwoPhaseLoad - Done materializing entity [by.psu.baxter.entity.User#124]
2015-12-24 01:33:15 [Test worker] DEBUG o.h.engine.internal.TwoPhaseLoad - Resolving associations for [by.psu.baxter.entity.User#125]
2015-12-24 01:33:15 [Test worker] DEBUG o.h.engine.internal.TwoPhaseLoad - Done materializing entity [by.psu.baxter.entity.User#125]
2015-12-24 01:33:15 [Test worker] DEBUG o.h.engine.internal.TwoPhaseLoad - Resolving associations for [by.psu.baxter.entity.User#122]
2015-12-24 01:33:15 [Test worker] DEBUG o.h.engine.internal.TwoPhaseLoad - Done materializing entity [by.psu.baxter.entity.User#122]
2015-12-24 01:33:15 [Test worker] DEBUG o.h.engine.internal.TwoPhaseLoad - Resolving associations for [by.psu.baxter.entity.User#121]
2015-12-24 01:33:15 [Test worker] DEBUG o.h.engine.internal.TwoPhaseLoad - Done materializing entity [by.psu.baxter.entity.User#121]
2015-12-24 01:33:15 [Test worker] DEBUG o.h.engine.internal.TwoPhaseLoad - Resolving associations for [by.psu.baxter.entity.User#120]
2015-12-24 01:33:15 [Test worker] DEBUG o.h.engine.internal.TwoPhaseLoad - Done materializing entity [by.psu.baxter.entity.User#120]
2015-12-24 01:33:15 [Test worker] DEBUG o.h.engine.internal.TwoPhaseLoad - Resolving associations for [by.psu.baxter.entity.User#119]
2015-12-24 01:33:15 [Test worker] DEBUG o.h.engine.internal.TwoPhaseLoad - Done materializing entity [by.psu.baxter.entity.User#119]
2015-12-24 01:33:15 [Test worker] DEBUG o.h.engine.internal.TwoPhaseLoad - Resolving associations for [by.psu.baxter.entity.User#118]
2015-12-24 01:33:15 [Test worker] DEBUG o.h.engine.internal.TwoPhaseLoad - Done materializing entity [by.psu.baxter.entity.User#118]
2015-12-24 01:33:15 [Test worker] DEBUG o.h.engine.internal.TwoPhaseLoad - Resolving associations for [by.psu.baxter.entity.User#117]
2015-12-24 01:33:15 [Test worker] DEBUG o.h.engine.internal.TwoPhaseLoad - Done materializing entity [by.psu.baxter.entity.User#117]
2015-12-24 01:33:15 [Test worker] DEBUG o.h.engine.internal.TwoPhaseLoad - Resolving associations for [by.psu.baxter.entity.User#116]
2015-12-24 01:33:15 [Test worker] DEBUG o.h.engine.internal.TwoPhaseLoad - Done materializing entity [by.psu.baxter.entity.User#116]
2015-12-24 01:33:15 [Test worker] DEBUG o.s.o.h.HibernateTransactionManager - Initiating transaction rollback
2015-12-24 01:33:15 [Test worker] DEBUG o.s.o.h.HibernateTransactionManager - Rolling back Hibernate transaction on Session [SessionImpl(PersistenceContext[entityKeys=[EntityKey[by.psu.baxter.entity.User#118], EntityKey[by.psu.baxter.entity.User#117], EntityKey[by.psu.baxter.entity.User#116], EntityKey[by.psu.baxter.entity.User#115], EntityKey[by.psu.baxter.entity.User#122], EntityKey[by.psu.baxter.entity.User#121], EntityKey[by.psu.baxter.entity.User#120], EntityKey[by.psu.baxter.entity.User#119], EntityKey[by.psu.baxter.entity.User#131], EntityKey[by.psu.baxter.entity.User#132], EntityKey[by.psu.baxter.entity.User#125], EntityKey[by.psu.baxter.entity.User#123], EntityKey[by.psu.baxter.entity.User#124], EntityKey[by.psu.baxter.entity.User#129], EntityKey[by.psu.baxter.entity.User#149], EntityKey[by.psu.baxter.entity.User#130], EntityKey[by.psu.baxter.entity.User#148], EntityKey[by.psu.baxter.entity.User#128]],collectionKeys=[]];ActionQueue[insertions=org.hibernate.engine.spi.ExecutableList@f9c2dc updates=org.hibernate.engine.spi.ExecutableList@1681deb deletions=org.hibernate.engine.spi.ExecutableList@844bb8 orphanRemovals=org.hibernate.engine.spi.ExecutableList@187278d collectionCreations=org.hibernate.engine.spi.ExecutableList@35d850 collectionRemovals=org.hibernate.engine.spi.ExecutableList@10c789a collectionUpdates=org.hibernate.engine.spi.ExecutableList@1c20385 collectionQueuedOps=org.hibernate.engine.spi.ExecutableList@753bb8 unresolvedInsertDependencies=UnresolvedEntityInsertActions[]])]
2015-12-24 01:33:15 [Test worker] DEBUG o.h.e.t.spi.AbstractTransactionImpl - rolling back
2015-12-24 01:33:15 [Test worker] DEBUG o.h.e.t.i.jdbc.JdbcTransaction - rolled JDBC Connection
2015-12-24 01:33:15 [Test worker] DEBUG o.h.e.t.i.jdbc.JdbcTransaction - re-enabling autocommit
2015-12-24 01:33:15 [Test worker] DEBUG o.s.o.h.HibernateTransactionManager - Closing Hibernate Session [SessionImpl(PersistenceContext[entityKeys=[EntityKey[by.psu.baxter.entity.User#118], EntityKey[by.psu.baxter.entity.User#117], EntityKey[by.psu.baxter.entity.User#116], EntityKey[by.psu.baxter.entity.User#115], EntityKey[by.psu.baxter.entity.User#122], EntityKey[by.psu.baxter.entity.User#121], EntityKey[by.psu.baxter.entity.User#120], EntityKey[by.psu.baxter.entity.User#119], EntityKey[by.psu.baxter.entity.User#131], EntityKey[by.psu.baxter.entity.User#132], EntityKey[by.psu.baxter.entity.User#125], EntityKey[by.psu.baxter.entity.User#123], EntityKey[by.psu.baxter.entity.User#124], EntityKey[by.psu.baxter.entity.User#129], EntityKey[by.psu.baxter.entity.User#149], EntityKey[by.psu.baxter.entity.User#130], EntityKey[by.psu.baxter.entity.User#148], EntityKey[by.psu.baxter.entity.User#128]],collectionKeys=[]];ActionQueue[insertions=org.hibernate.engine.spi.ExecutableList@f9c2dc updates=org.hibernate.engine.spi.ExecutableList@1681deb deletions=org.hibernate.engine.spi.ExecutableList@844bb8 orphanRemovals=org.hibernate.engine.spi.ExecutableList@187278d collectionCreations=org.hibernate.engine.spi.ExecutableList@35d850 collectionRemovals=org.hibernate.engine.spi.ExecutableList@10c789a collectionUpdates=org.hibernate.engine.spi.ExecutableList@1c20385 collectionQueuedOps=org.hibernate.engine.spi.ExecutableList@753bb8 unresolvedInsertDependencies=UnresolvedEntityInsertActions[]])] after transaction
2015-12-24 01:33:15 [Test worker] DEBUG o.h.e.j.i.LogicalConnectionImpl - Releasing JDBC connection
2015-12-24 01:33:15 [Test worker] DEBUG o.h.e.j.i.LogicalConnectionImpl - Released JDBC connection
2015-12-24 01:33:15 [Test worker] INFO  o.s.t.c.t.TransactionContext - Rolled back transaction for test context [DefaultTestContext@104ee8 testClass = UserServiceTest, testInstance = UserServiceTest@f1057, testMethod = testGetAll@UserServiceTest, testException = [null], mergedContextConfiguration = [MergedContextConfiguration@ac6995 testClass = UserServiceTest, locations = '{classpath:spring/spring-core-config.xml}', classes = '{}', contextInitializerClasses = '[]', activeProfiles = '{}', propertySourceLocations = '{}', propertySourceProperties = '{}', contextLoader = 'org.springframework.test.context.support.DelegatingSmartContextLoader', parent = [null]]].
2015-12-24 01:33:15 [Test worker] DEBUG o.s.t.c.s.AbstractDirtiesContextTestExecutionListener - After test method: context [DefaultTestContext@104ee8 testClass = UserServiceTest, testInstance = UserServiceTest@f1057, testMethod = testGetAll@UserServiceTest, testException = [null], mergedContextConfiguration = [MergedContextConfiguration@ac6995 testClass = UserServiceTest, locations = '{classpath:spring/spring-core-config.xml}', classes = '{}', contextInitializerClasses = '[]', activeProfiles = '{}', propertySourceLocations = '{}', propertySourceProperties = '{}', contextLoader = 'org.springframework.test.context.support.DelegatingSmartContextLoader', parent = [null]]], class annotated with @DirtiesContext [false] with mode [null], method annotated with @DirtiesContext [false] with mode [null].
2015-12-24 01:33:15 [Test worker] DEBUG o.s.t.annotation.ProfileValueUtils - Retrieved @ProfileValueSourceConfiguration [null] for test class [UserServiceTest]
2015-12-24 01:33:15 [Test worker] DEBUG o.s.t.annotation.ProfileValueUtils - Retrieved ProfileValueSource type [class org.springframework.test.annotation.SystemProfileValueSource] for class [UserServiceTest]
2015-12-24 01:33:15 [Test worker] DEBUG o.s.t.c.s.DependencyInjectionTestExecutionListener - Performing dependency injection for test context [[DefaultTestContext@104ee8 testClass = UserServiceTest, testInstance = UserServiceTest@c9a, testMethod = [null], testException = [null], mergedContextConfiguration = [MergedContextConfiguration@ac6995 testClass = UserServiceTest, locations = '{classpath:spring/spring-core-config.xml}', classes = '{}', contextInitializerClasses = '[]', activeProfiles = '{}', propertySourceLocations = '{}', propertySourceProperties = '{}', contextLoader = 'org.springframework.test.context.support.DelegatingSmartContextLoader', parent = [null]]]].
2015-12-24 01:33:15 [Test worker] DEBUG o.s.t.c.c.DefaultCacheAwareContextLoaderDelegate - Retrieved ApplicationContext from cache with key [[MergedContextConfiguration@ac6995 testClass = UserServiceTest, locations = '{classpath:spring/spring-core-config.xml}', classes = '{}', contextInitializerClasses = '[]', activeProfiles = '{}', propertySourceLocations = '{}', propertySourceProperties = '{}', contextLoader = 'org.springframework.test.context.support.DelegatingSmartContextLoader', parent = [null]]]
2015-12-24 01:33:15 [Test worker] DEBUG o.springframework.test.context.cache - Spring test ApplicationContext cache statistics: [DefaultContextCache@161a4cf size = 1, parentContextCount = 0, hitCount = 6, missCount = 1]
2015-12-24 01:33:15 [Test worker] DEBUG o.s.b.f.annotation.InjectionMetadata - Processing injected element of bean 'UserServiceTest': AutowiredFieldElement for private by.psu.baxter.service.UserService UserServiceTest.userService
2015-12-24 01:33:15 [Test worker] DEBUG o.s.b.f.s.DefaultListableBeanFactory - Returning cached instance of singleton bean 'userServiceImpl'
2015-12-24 01:33:15 [Test worker] DEBUG o.s.t.c.s.AbstractDirtiesContextTestExecutionListener - Before test method: context [DefaultTestContext@104ee8 testClass = UserServiceTest, testInstance = UserServiceTest@c9a, testMethod = testUpdate@UserServiceTest, testException = [null], mergedContextConfiguration = [MergedContextConfiguration@ac6995 testClass = UserServiceTest, locations = '{classpath:spring/spring-core-config.xml}', classes = '{}', contextInitializerClasses = '[]', activeProfiles = '{}', propertySourceLocations = '{}', propertySourceProperties = '{}', contextLoader = 'org.springframework.test.context.support.DelegatingSmartContextLoader', parent = [null]]], class annotated with @DirtiesContext [false] with mode [null], method annotated with @DirtiesContext [false] with mode [null].
2015-12-24 01:33:15 [Test worker] DEBUG o.s.t.a.AnnotationTransactionAttributeSource - Adding transactional method 'UserServiceTest.testUpdate' with attribute: PROPAGATION_REQUIRED,ISOLATION_DEFAULT
2015-12-24 01:33:15 [Test worker] DEBUG o.s.t.c.t.TransactionalTestExecutionListener - Explicit transaction definition [PROPAGATION_REQUIRED,ISOLATION_DEFAULT] found for test context [DefaultTestContext@104ee8 testClass = UserServiceTest, testInstance = UserServiceTest@c9a, testMethod = testUpdate@UserServiceTest, testException = [null], mergedContextConfiguration = [MergedContextConfiguration@ac6995 testClass = UserServiceTest, locations = '{classpath:spring/spring-core-config.xml}', classes = '{}', contextInitializerClasses = '[]', activeProfiles = '{}', propertySourceLocations = '{}', propertySourceProperties = '{}', contextLoader = 'org.springframework.test.context.support.DelegatingSmartContextLoader', parent = [null]]]
2015-12-24 01:33:15 [Test worker] DEBUG o.s.t.c.c.DefaultCacheAwareContextLoaderDelegate - Retrieved ApplicationContext from cache with key [[MergedContextConfiguration@ac6995 testClass = UserServiceTest, locations = '{classpath:spring/spring-core-config.xml}', classes = '{}', contextInitializerClasses = '[]', activeProfiles = '{}', propertySourceLocations = '{}', propertySourceProperties = '{}', contextLoader = 'org.springframework.test.context.support.DelegatingSmartContextLoader', parent = [null]]]
2015-12-24 01:33:15 [Test worker] DEBUG o.springframework.test.context.cache - Spring test ApplicationContext cache statistics: [DefaultContextCache@161a4cf size = 1, parentContextCount = 0, hitCount = 7, missCount = 1]
2015-12-24 01:33:15 [Test worker] DEBUG o.s.b.f.s.DefaultListableBeanFactory - Returning cached instance of singleton bean 'transactionManager'
2015-12-24 01:33:15 [Test worker] DEBUG o.s.t.c.t.TransactionalTestExecutionListener - No method-level @Rollback override: using default rollback [true] for test context [DefaultTestContext@104ee8 testClass = UserServiceTest, testInstance = UserServiceTest@c9a, testMethod = testUpdate@UserServiceTest, testException = [null], mergedContextConfiguration = [MergedContextConfiguration@ac6995 testClass = UserServiceTest, locations = '{classpath:spring/spring-core-config.xml}', classes = '{}', contextInitializerClasses = '[]', activeProfiles = '{}', propertySourceLocations = '{}', propertySourceProperties = '{}', contextLoader = 'org.springframework.test.context.support.DelegatingSmartContextLoader', parent = [null]]].
2015-12-24 01:33:15 [Test worker] DEBUG o.s.o.h.HibernateTransactionManager - Creating new transaction with name [UserServiceTest.testUpdate]: PROPAGATION_REQUIRED,ISOLATION_DEFAULT
2015-12-24 01:33:15 [Test worker] DEBUG o.s.o.h.HibernateTransactionManager - Opened new Session [SessionImpl(PersistenceContext[entityKeys=[],collectionKeys=[]];ActionQueue[insertions=org.hibernate.engine.spi.ExecutableList@13b63e6 updates=org.hibernate.engine.spi.ExecutableList@1baa4a deletions=org.hibernate.engine.spi.ExecutableList@48f9f9 orphanRemovals=org.hibernate.engine.spi.ExecutableList@1136646 collectionCreations=org.hibernate.engine.spi.ExecutableList@9fb7a9 collectionRemovals=org.hibernate.engine.spi.ExecutableList@1d2d12f collectionUpdates=org.hibernate.engine.spi.ExecutableList@1a38879 collectionQueuedOps=org.hibernate.engine.spi.ExecutableList@154ca01 unresolvedInsertDependencies=UnresolvedEntityInsertActions[]])] for Hibernate transaction
2015-12-24 01:33:15 [Test worker] DEBUG o.s.o.h.HibernateTransactionManager - Preparing JDBC Connection of Hibernate Session [SessionImpl(PersistenceContext[entityKeys=[],collectionKeys=[]];ActionQueue[insertions=org.hibernate.engine.spi.ExecutableList@13b63e6 updates=org.hibernate.engine.spi.ExecutableList@1baa4a deletions=org.hibernate.engine.spi.ExecutableList@48f9f9 orphanRemovals=org.hibernate.engine.spi.ExecutableList@1136646 collectionCreations=org.hibernate.engine.spi.ExecutableList@9fb7a9 collectionRemovals=org.hibernate.engine.spi.ExecutableList@1d2d12f collectionUpdates=org.hibernate.engine.spi.ExecutableList@1a38879 collectionQueuedOps=org.hibernate.engine.spi.ExecutableList@154ca01 unresolvedInsertDependencies=UnresolvedEntityInsertActions[]])]
2015-12-24 01:33:15 [Test worker] DEBUG o.h.e.j.i.LogicalConnectionImpl - Obtaining JDBC connection
2015-12-24 01:33:15 [Test worker] DEBUG o.h.e.j.i.LogicalConnectionImpl - Obtained JDBC connection
2015-12-24 01:33:15 [Test worker] DEBUG o.h.e.t.spi.AbstractTransactionImpl - begin
2015-12-24 01:33:15 [Test worker] DEBUG o.h.e.t.i.jdbc.JdbcTransaction - initial autocommit status: true
2015-12-24 01:33:15 [Test worker] DEBUG o.h.e.t.i.jdbc.JdbcTransaction - disabling autocommit
2015-12-24 01:33:15 [Test worker] DEBUG o.s.o.h.HibernateTransactionManager - Exposing Hibernate transaction as JDBC transaction [jdbc:postgresql://localhost:5432/baxter, UserName=postgres, PostgreSQL Native Driver]
2015-12-24 01:33:15 [Test worker] INFO  o.s.t.c.t.TransactionContext - Began transaction (1) for test context [DefaultTestContext@104ee8 testClass = UserServiceTest, testInstance = UserServiceTest@c9a, testMethod = testUpdate@UserServiceTest, testException = [null], mergedContextConfiguration = [MergedContextConfiguration@ac6995 testClass = UserServiceTest, locations = '{classpath:spring/spring-core-config.xml}', classes = '{}', contextInitializerClasses = '[]', activeProfiles = '{}', propertySourceLocations = '{}', propertySourceProperties = '{}', contextLoader = 'org.springframework.test.context.support.DelegatingSmartContextLoader', parent = [null]]]; transaction manager [org.springframework.orm.hibernate4.HibernateTransactionManager@fa7cd3]; rollback [true]
2015-12-24 01:33:15 [Test worker] DEBUG o.s.o.h.HibernateTransactionManager - Found thread-bound Session [SessionImpl(PersistenceContext[entityKeys=[],collectionKeys=[]];ActionQueue[insertions=org.hibernate.engine.spi.ExecutableList@13b63e6 updates=org.hibernate.engine.spi.ExecutableList@1baa4a deletions=org.hibernate.engine.spi.ExecutableList@48f9f9 orphanRemovals=org.hibernate.engine.spi.ExecutableList@1136646 collectionCreations=org.hibernate.engine.spi.ExecutableList@9fb7a9 collectionRemovals=org.hibernate.engine.spi.ExecutableList@1d2d12f collectionUpdates=org.hibernate.engine.spi.ExecutableList@1a38879 collectionQueuedOps=org.hibernate.engine.spi.ExecutableList@154ca01 unresolvedInsertDependencies=UnresolvedEntityInsertActions[]])] for Hibernate transaction
2015-12-24 01:33:15 [Test worker] DEBUG o.s.o.h.HibernateTransactionManager - Participating in existing transaction
2015-12-24 01:33:15 [Test worker] DEBUG org.hibernate.engine.spi.ActionQueue - Executing identity-insert immediately
2015-12-24 01:33:15 [Test worker] DEBUG org.hibernate.SQL - 
    insert 
    into
        public.user
        (login, password) 
    values
        (?, ?)
2015-12-24 01:33:15 [Test worker] DEBUG o.h.id.IdentifierGeneratorHelper - Natively generated identity: 150
2015-12-24 01:33:15 [Test worker] DEBUG o.s.o.h.HibernateTransactionManager - Found thread-bound Session [SessionImpl(PersistenceContext[entityKeys=[EntityKey[by.psu.baxter.entity.User#150]],collectionKeys=[]];ActionQueue[insertions=org.hibernate.engine.spi.ExecutableList@13b63e6 updates=org.hibernate.engine.spi.ExecutableList@1baa4a deletions=org.hibernate.engine.spi.ExecutableList@48f9f9 orphanRemovals=org.hibernate.engine.spi.ExecutableList@1136646 collectionCreations=org.hibernate.engine.spi.ExecutableList@9fb7a9 collectionRemovals=org.hibernate.engine.spi.ExecutableList@1d2d12f collectionUpdates=org.hibernate.engine.spi.ExecutableList@1a38879 collectionQueuedOps=org.hibernate.engine.spi.ExecutableList@154ca01 unresolvedInsertDependencies=UnresolvedEntityInsertActions[]])] for Hibernate transaction
2015-12-24 01:33:15 [Test worker] DEBUG o.s.o.h.HibernateTransactionManager - Participating in existing transaction
2015-12-24 01:33:15 [Test worker] DEBUG org.hibernate.engine.spi.ActionQueue - Executing identity-insert immediately
2015-12-24 01:33:15 [Test worker] DEBUG org.hibernate.SQL - 
    insert 
    into
        public.user
        (login, password) 
    values
        (?, ?)
2015-12-24 01:33:15 [Test worker] DEBUG o.h.id.IdentifierGeneratorHelper - Natively generated identity: 151
2015-12-24 01:33:15 [Test worker] DEBUG o.s.o.h.HibernateTransactionManager - Found thread-bound Session [SessionImpl(PersistenceContext[entityKeys=[EntityKey[by.psu.baxter.entity.User#151], EntityKey[by.psu.baxter.entity.User#150]],collectionKeys=[]];ActionQueue[insertions=org.hibernate.engine.spi.ExecutableList@13b63e6 updates=org.hibernate.engine.spi.ExecutableList@1baa4a deletions=org.hibernate.engine.spi.ExecutableList@48f9f9 orphanRemovals=org.hibernate.engine.spi.ExecutableList@1136646 collectionCreations=org.hibernate.engine.spi.ExecutableList@9fb7a9 collectionRemovals=org.hibernate.engine.spi.ExecutableList@1d2d12f collectionUpdates=org.hibernate.engine.spi.ExecutableList@1a38879 collectionQueuedOps=org.hibernate.engine.spi.ExecutableList@154ca01 unresolvedInsertDependencies=UnresolvedEntityInsertActions[]])] for Hibernate transaction
2015-12-24 01:33:15 [Test worker] DEBUG o.s.o.h.HibernateTransactionManager - Participating in existing transaction
2015-12-24 01:33:15 [Test worker] DEBUG o.s.o.h.HibernateTransactionManager - Initiating transaction rollback
2015-12-24 01:33:15 [Test worker] DEBUG o.s.o.h.HibernateTransactionManager - Rolling back Hibernate transaction on Session [SessionImpl(PersistenceContext[entityKeys=[EntityKey[by.psu.baxter.entity.User#151], EntityKey[by.psu.baxter.entity.User#150]],collectionKeys=[]];ActionQueue[insertions=org.hibernate.engine.spi.ExecutableList@13b63e6 updates=org.hibernate.engine.spi.ExecutableList@1baa4a deletions=org.hibernate.engine.spi.ExecutableList@48f9f9 orphanRemovals=org.hibernate.engine.spi.ExecutableList@1136646 collectionCreations=org.hibernate.engine.spi.ExecutableList@9fb7a9 collectionRemovals=org.hibernate.engine.spi.ExecutableList@1d2d12f collectionUpdates=org.hibernate.engine.spi.ExecutableList@1a38879 collectionQueuedOps=org.hibernate.engine.spi.ExecutableList@154ca01 unresolvedInsertDependencies=UnresolvedEntityInsertActions[]])]
2015-12-24 01:33:15 [Test worker] DEBUG o.h.e.t.spi.AbstractTransactionImpl - rolling back
2015-12-24 01:33:15 [Test worker] DEBUG o.h.e.t.i.jdbc.JdbcTransaction - rolled JDBC Connection
2015-12-24 01:33:15 [Test worker] DEBUG o.h.e.t.i.jdbc.JdbcTransaction - re-enabling autocommit
2015-12-24 01:33:15 [Test worker] DEBUG o.s.o.h.HibernateTransactionManager - Closing Hibernate Session [SessionImpl(PersistenceContext[entityKeys=[EntityKey[by.psu.baxter.entity.User#151], EntityKey[by.psu.baxter.entity.User#150]],collectionKeys=[]];ActionQueue[insertions=org.hibernate.engine.spi.ExecutableList@13b63e6 updates=org.hibernate.engine.spi.ExecutableList@1baa4a deletions=org.hibernate.engine.spi.ExecutableList@48f9f9 orphanRemovals=org.hibernate.engine.spi.ExecutableList@1136646 collectionCreations=org.hibernate.engine.spi.ExecutableList@9fb7a9 collectionRemovals=org.hibernate.engine.spi.ExecutableList@1d2d12f collectionUpdates=org.hibernate.engine.spi.ExecutableList@1a38879 collectionQueuedOps=org.hibernate.engine.spi.ExecutableList@154ca01 unresolvedInsertDependencies=UnresolvedEntityInsertActions[]])] after transaction
2015-12-24 01:33:15 [Test worker] DEBUG o.h.e.j.i.LogicalConnectionImpl - Releasing JDBC connection
2015-12-24 01:33:15 [Test worker] DEBUG o.h.e.j.i.LogicalConnectionImpl - Released JDBC connection
2015-12-24 01:33:15 [Test worker] INFO  o.s.t.c.t.TransactionContext - Rolled back transaction for test context [DefaultTestContext@104ee8 testClass = UserServiceTest, testInstance = UserServiceTest@c9a, testMethod = testUpdate@UserServiceTest, testException = java.lang.AssertionError, mergedContextConfiguration = [MergedContextConfiguration@ac6995 testClass = UserServiceTest, locations = '{classpath:spring/spring-core-config.xml}', classes = '{}', contextInitializerClasses = '[]', activeProfiles = '{}', propertySourceLocations = '{}', propertySourceProperties = '{}', contextLoader = 'org.springframework.test.context.support.DelegatingSmartContextLoader', parent = [null]]].
2015-12-24 01:33:15 [Test worker] DEBUG o.s.t.c.s.AbstractDirtiesContextTestExecutionListener - After test method: context [DefaultTestContext@104ee8 testClass = UserServiceTest, testInstance = UserServiceTest@c9a, testMethod = testUpdate@UserServiceTest, testException = java.lang.AssertionError, mergedContextConfiguration = [MergedContextConfiguration@ac6995 testClass = UserServiceTest, locations = '{classpath:spring/spring-core-config.xml}', classes = '{}', contextInitializerClasses = '[]', activeProfiles = '{}', propertySourceLocations = '{}', propertySourceProperties = '{}', contextLoader = 'org.springframework.test.context.support.DelegatingSmartContextLoader', parent = [null]]], class annotated with @DirtiesContext [false] with mode [null], method annotated with @DirtiesContext [false] with mode [null].
2015-12-24 01:33:15 [Test worker] DEBUG o.s.t.c.s.AbstractDirtiesContextTestExecutionListener - After test class: context [DefaultTestContext@104ee8 testClass = UserServiceTest, testInstance = [null], testMethod = [null], testException = [null], mergedContextConfiguration = [MergedContextConfiguration@ac6995 testClass = UserServiceTest, locations = '{classpath:spring/spring-core-config.xml}', classes = '{}', contextInitializerClasses = '[]', activeProfiles = '{}', propertySourceLocations = '{}', propertySourceProperties = '{}', contextLoader = 'org.springframework.test.context.support.DelegatingSmartContextLoader', parent = [null]]], class annotated with @DirtiesContext [false] with mode [null].
]]></system-out>
  <system-err><![CDATA[]]></system-err>
</testsuite>
